---------------------------------------------------------------
[ 2018-04-02T15:23:35+08:00 ] 10.0.2.2 GET /shop.php
[ sql ] [ DB ] CONNECT:[ UseTime:0.047291s ] mysql:host=127.0.0.1;port=3306;dbname=daguan;charset=utf8
[ sql ] [ SQL ] SHOW COLUMNS FROM `dp_shop_role` [ RunTime:0.014562s ]
[ sql ] [ SQL ] SELECT `menu_auth` FROM `dp_shop_role` WHERE  `id` = 1 LIMIT 1 [ RunTime:0.005715s ]
[ sql ] [ SQL ] SHOW COLUMNS FROM `dp_shop_menu` [ RunTime:0.005126s ]
[ sql ] [ SQL ] SELECT `id`,`url_value` FROM `dp_shop_menu` WHERE  `id` = 0 [ RunTime:0.006961s ]
[ sql ] [ SQL ] SHOW COLUMNS FROM `dp_shop_config` [ RunTime:0.010488s ]
[ sql ] [ SQL ] SELECT `value` FROM `dp_shop_config` WHERE  `id` = 1 LIMIT 1 [ RunTime:0.003149s ]
---------------------------------------------------------------
[ 2018-04-02T15:23:35+08:00 ] 10.0.2.2 GET /shop.php/log/index.html
[ sql ] [ DB ] CONNECT:[ UseTime:0.006160s ] mysql:host=127.0.0.1;port=3306;dbname=daguan;charset=utf8
[ sql ] [ SQL ] SHOW COLUMNS FROM `dp_shop_role` [ RunTime:0.001115s ]
[ sql ] [ SQL ] SELECT `menu_auth` FROM `dp_shop_role` WHERE  `id` = 1 LIMIT 1 [ RunTime:0.000437s ]
[ sql ] [ SQL ] SHOW COLUMNS FROM `dp_shop_menu` [ RunTime:0.002984s ]
[ sql ] [ SQL ] SELECT `id`,`url_value` FROM `dp_shop_menu` WHERE  `id` = 0 [ RunTime:0.000396s ]
[ sql ] [ SQL ] SHOW COLUMNS FROM `dp_shop_config` [ RunTime:0.001019s ]
[ sql ] [ SQL ] SELECT `value` FROM `dp_shop_config` WHERE  `id` = 1 LIMIT 1 [ RunTime:0.000327s ]
[ sql ] [ SQL ] SHOW COLUMNS FROM `dp_shop_log` [ RunTime:0.014055s ]
[ sql ] [ SQL ] SELECT COUNT(*) AS tp_count FROM `dp_shop_log` `shop_log` LEFT JOIN `dp_shop_action` `shop_action` ON `shop_action`.`id`=`shop_log`.`action_id` LEFT JOIN `dp_shop_user` `shop_user` ON `shop_user`.`id`=`shop_log`.`user_id` INNER JOIN `dp_shop_module` `shop_module` ON `shop_module`.`name`=`shop_action`.`module` LIMIT 1 [ RunTime:0.044473s ]
[ sql ] [ SQL ] SELECT `shop_log`.*,`shop_action`.`title`,`shop_action`.`module`,`shop_user`.`username`,`shop_module`.`title` AS `module_title` FROM `dp_shop_log` `shop_log` LEFT JOIN `dp_shop_action` `shop_action` ON `shop_action`.`id`=`shop_log`.`action_id` LEFT JOIN `dp_shop_user` `shop_user` ON `shop_user`.`id`=`shop_log`.`user_id` INNER JOIN `dp_shop_module` `shop_module` ON `shop_module`.`name`=`shop_action`.`module` ORDER BY shop_log.id desc LIMIT 0,20 [ RunTime:0.016001s ]
[ sql ] [ SQL ] SELECT * FROM `dp_shop_menu` WHERE  `url_value` = 'shop/log/edit' LIMIT 1 [ RunTime:0.002750s ]
[ sql ] [ SQL ] SHOW COLUMNS FROM `dp_admin_user` [ RunTime:0.005891s ]
[ sql ] [ SQL ] SELECT `avatar` FROM `dp_admin_user` WHERE  `id` = 1 LIMIT 1 [ RunTime:0.003073s ]
[ sql ] [ SQL ] SHOW COLUMNS FROM `dp_admin_attachment` [ RunTime:0.011024s ]
[ sql ] [ SQL ] SELECT * FROM `dp_admin_attachment` WHERE  `id` = 4 LIMIT 1 [ RunTime:0.003397s ]
[ sql ] [ SQL ] SELECT * FROM `dp_admin_attachment` WHERE  `id` = 3 LIMIT 1 [ RunTime:0.000635s ]
[ sql ] [ SQL ] SELECT * FROM `dp_admin_attachment` WHERE  `id` = 2 LIMIT 1 [ RunTime:0.000893s ]
[ sql ] [ SQL ] SELECT `avatar` FROM `dp_admin_user` WHERE  `id` = 1 LIMIT 1 [ RunTime:0.000436s ]
[ sql ] [ SQL ] SELECT * FROM `dp_admin_attachment` WHERE  `id` = 4 LIMIT 1 [ RunTime:0.000450s ]
---------------------------------------------------------------
[ 2018-04-02T18:23:33+08:00 ] 10.0.2.2 GET /api.php/pay/callback
[ error ] [2]error_log(/home/wwwroot/daguan/pay.log): failed to open stream: No such file or directory
---------------------------------------------------------------
[ 2018-04-02T18:23:45+08:00 ] 10.0.2.2 GET /api.php/pay/callback
[ error ] [2]error_log(/home/wwwroot/daguan/pay.log): failed to open stream: No such file or directory
---------------------------------------------------------------
[ 2018-04-02T18:25:13+08:00 ] 10.0.2.2 GET /api.php/pay/callback
[ error ] [2]error_log(/home/wwwroot/daguan/pay.log): failed to open stream: No such file or directory
---------------------------------------------------------------
[ 2018-04-02T19:19:23+08:00 ] 10.0.2.2 GET /shop.php
[ sql ] [ DB ] CONNECT:[ UseTime:0.047001s ] mysql:host=127.0.0.1;port=3306;dbname=daguan;charset=utf8
[ sql ] [ SQL ] SHOW COLUMNS FROM `dp_shop_role` [ RunTime:0.042926s ]
[ sql ] [ SQL ] SELECT `menu_auth` FROM `dp_shop_role` WHERE  `id` = 1 LIMIT 1 [ RunTime:0.014741s ]
[ sql ] [ SQL ] SHOW COLUMNS FROM `dp_shop_menu` [ RunTime:0.004338s ]
[ sql ] [ SQL ] SELECT `id`,`url_value` FROM `dp_shop_menu` WHERE  `id` = 0 [ RunTime:0.002893s ]
[ sql ] [ SQL ] SHOW COLUMNS FROM `dp_shop_config` [ RunTime:0.001961s ]
[ sql ] [ SQL ] SELECT `value` FROM `dp_shop_config` WHERE  `id` = 1 LIMIT 1 [ RunTime:0.002423s ]
---------------------------------------------------------------
[ 2018-04-02T19:19:24+08:00 ] 10.0.2.2 GET /shop.php/log/index.html
[ sql ] [ DB ] CONNECT:[ UseTime:0.006584s ] mysql:host=127.0.0.1;port=3306;dbname=daguan;charset=utf8
[ sql ] [ SQL ] SHOW COLUMNS FROM `dp_shop_role` [ RunTime:0.000942s ]
[ sql ] [ SQL ] SELECT `menu_auth` FROM `dp_shop_role` WHERE  `id` = 1 LIMIT 1 [ RunTime:0.000306s ]
[ sql ] [ SQL ] SHOW COLUMNS FROM `dp_shop_menu` [ RunTime:0.000628s ]
[ sql ] [ SQL ] SELECT `id`,`url_value` FROM `dp_shop_menu` WHERE  `id` = 0 [ RunTime:0.001110s ]
[ sql ] [ SQL ] SHOW COLUMNS FROM `dp_shop_config` [ RunTime:0.000869s ]
[ sql ] [ SQL ] SELECT `value` FROM `dp_shop_config` WHERE  `id` = 1 LIMIT 1 [ RunTime:0.000257s ]
[ sql ] [ SQL ] SHOW COLUMNS FROM `dp_shop_log` [ RunTime:0.000918s ]
[ sql ] [ SQL ] SELECT COUNT(*) AS tp_count FROM `dp_shop_log` `shop_log` LEFT JOIN `dp_shop_action` `shop_action` ON `shop_action`.`id`=`shop_log`.`action_id` LEFT JOIN `dp_shop_user` `shop_user` ON `shop_user`.`id`=`shop_log`.`user_id` INNER JOIN `dp_shop_module` `shop_module` ON `shop_module`.`name`=`shop_action`.`module` LIMIT 1 [ RunTime:0.029742s ]
[ sql ] [ SQL ] SELECT `shop_log`.*,`shop_action`.`title`,`shop_action`.`module`,`shop_user`.`username`,`shop_module`.`title` AS `module_title` FROM `dp_shop_log` `shop_log` LEFT JOIN `dp_shop_action` `shop_action` ON `shop_action`.`id`=`shop_log`.`action_id` LEFT JOIN `dp_shop_user` `shop_user` ON `shop_user`.`id`=`shop_log`.`user_id` INNER JOIN `dp_shop_module` `shop_module` ON `shop_module`.`name`=`shop_action`.`module` ORDER BY shop_log.id desc LIMIT 0,20 [ RunTime:0.009685s ]
[ sql ] [ SQL ] SELECT * FROM `dp_shop_menu` WHERE  `url_value` = 'shop/log/edit' LIMIT 1 [ RunTime:0.003090s ]
[ sql ] [ SQL ] SHOW COLUMNS FROM `dp_admin_user` [ RunTime:0.006220s ]
[ sql ] [ SQL ] SELECT `avatar` FROM `dp_admin_user` WHERE  `id` = 1 LIMIT 1 [ RunTime:0.002931s ]
[ sql ] [ SQL ] SHOW COLUMNS FROM `dp_admin_attachment` [ RunTime:0.003305s ]
[ sql ] [ SQL ] SELECT * FROM `dp_admin_attachment` WHERE  `id` = 4 LIMIT 1 [ RunTime:0.003111s ]
[ sql ] [ SQL ] SELECT * FROM `dp_admin_attachment` WHERE  `id` = 3 LIMIT 1 [ RunTime:0.000914s ]
[ sql ] [ SQL ] SELECT * FROM `dp_admin_attachment` WHERE  `id` = 2 LIMIT 1 [ RunTime:0.000381s ]
[ sql ] [ SQL ] SELECT `avatar` FROM `dp_admin_user` WHERE  `id` = 1 LIMIT 1 [ RunTime:0.000126s ]
[ sql ] [ SQL ] SELECT * FROM `dp_admin_attachment` WHERE  `id` = 4 LIMIT 1 [ RunTime:0.001068s ]
---------------------------------------------------------------
[ 2018-04-02T19:19:34+08:00 ] 10.0.2.2 GET /api.php?method=user.login&account=18321271831&password=123456&ismobile=1&source=custom
[ sql ] [ DB ] CONNECT:[ UseTime:0.006261s ] mysql:host=127.0.0.1;port=3306;dbname=daguan;charset=utf8
[ sql ] [ SQL ] SHOW COLUMNS FROM `dp_member` [ RunTime:0.014158s ]
[ sql ] [ SQL ] SELECT * FROM `dp_member` WHERE  `username` = '18321271831'  AND `status` = 1 LIMIT 1 [ RunTime:0.003195s ]
---------------------------------------------------------------
[ 2018-04-02T19:19:35+08:00 ] 10.0.2.2 GET /api.php?method=home.lunbo&ismobile=1&source=custom
[ sql ] [ DB ] CONNECT:[ UseTime:0.009711s ] mysql:host=127.0.0.1;port=3306;dbname=daguan;charset=utf8
[ sql ] [ SQL ] SHOW COLUMNS FROM `dp_cms_advert` [ RunTime:0.024156s ]
[ sql ] [ SQL ] SELECT * FROM `dp_cms_advert` WHERE  `tagname` = 'custom'  AND `status` = 1 ORDER BY id DESC LIMIT 10 [ RunTime:0.005102s ]
---------------------------------------------------------------
[ 2018-04-02T19:19:36+08:00 ] 10.0.2.2 GET /api.php?method=home.article&ismobile=1&source=custom
[ sql ] [ DB ] CONNECT:[ UseTime:0.009193s ] mysql:host=127.0.0.1;port=3306;dbname=daguan;charset=utf8
[ sql ] [ SQL ] SHOW COLUMNS FROM `dp_cms_page` [ RunTime:0.006483s ]
[ sql ] [ SQL ] SELECT * FROM `dp_cms_page` WHERE  `status` = 1 ORDER BY view DESC LIMIT 10 [ RunTime:0.003284s ]
[ sql ] [ SQL ] SHOW COLUMNS FROM `dp_admin_attachment` [ RunTime:0.001143s ]
[ sql ] [ SQL ] SELECT * FROM `dp_admin_attachment` WHERE  `id` = 6 LIMIT 1 [ RunTime:0.000701s ]
[ sql ] [ SQL ] SELECT * FROM `dp_admin_attachment` WHERE  `id` = 0 LIMIT 1 [ RunTime:0.000374s ]
[ sql ] [ SQL ] SELECT * FROM `dp_admin_attachment` WHERE  `id` = 0 LIMIT 1 [ RunTime:0.000302s ]
[ sql ] [ SQL ] SELECT * FROM `dp_admin_attachment` WHERE  `id` = 0 LIMIT 1 [ RunTime:0.000354s ]
[ sql ] [ SQL ] SELECT * FROM `dp_admin_attachment` WHERE  `id` = 0 LIMIT 1 [ RunTime:0.000338s ]
---------------------------------------------------------------
[ 2018-04-02T19:19:46+08:00 ] 10.0.2.2 GET /api.php?method=user.userinfo&account=18321271831&source=custom
[ sql ] [ DB ] CONNECT:[ UseTime:0.010088s ] mysql:host=127.0.0.1;port=3306;dbname=daguan;charset=utf8
[ sql ] [ SQL ] SHOW COLUMNS FROM `dp_member` [ RunTime:0.003480s ]
[ sql ] [ SQL ] SELECT * FROM `dp_member` WHERE  `username` = '18321271831'  AND `status` = 1 LIMIT 1 [ RunTime:0.002332s ]
[ sql ] [ SQL ] SHOW COLUMNS FROM `dp_member_point` [ RunTime:0.013212s ]
[ sql ] [ SQL ] SELECT SUM(point) AS tp_sum FROM `dp_member_point` WHERE  `memberid` = 1  AND `behavior_type` = '0' LIMIT 1 [ RunTime:0.003228s ]
---------------------------------------------------------------
[ 2018-04-02T19:24:13+08:00 ] 10.0.2.2 GET /api.php?method=user.login&account=18321271831&password=123456&ismobile=1&source=custom
[ sql ] [ DB ] CONNECT:[ UseTime:0.010365s ] mysql:host=127.0.0.1;port=3306;dbname=daguan;charset=utf8
[ sql ] [ SQL ] SHOW COLUMNS FROM `dp_member` [ RunTime:0.000924s ]
[ sql ] [ SQL ] SELECT * FROM `dp_member` WHERE  `username` = '18321271831'  AND `status` = 1 LIMIT 1 [ RunTime:0.000564s ]
---------------------------------------------------------------
[ 2018-04-02T19:24:14+08:00 ] 10.0.2.2 GET /api.php?method=home.lunbo&ismobile=1&source=custom
[ sql ] [ DB ] CONNECT:[ UseTime:0.006593s ] mysql:host=127.0.0.1;port=3306;dbname=daguan;charset=utf8
[ sql ] [ SQL ] SHOW COLUMNS FROM `dp_cms_advert` [ RunTime:0.001711s ]
[ sql ] [ SQL ] SELECT * FROM `dp_cms_advert` WHERE  `tagname` = 'custom'  AND `status` = 1 ORDER BY id DESC LIMIT 10 [ RunTime:0.000567s ]
---------------------------------------------------------------
[ 2018-04-02T19:24:15+08:00 ] 10.0.2.2 GET /api.php?method=home.article&ismobile=1&source=custom
[ sql ] [ DB ] CONNECT:[ UseTime:0.006279s ] mysql:host=127.0.0.1;port=3306;dbname=daguan;charset=utf8
[ sql ] [ SQL ] SHOW COLUMNS FROM `dp_cms_page` [ RunTime:0.000877s ]
[ sql ] [ SQL ] SELECT * FROM `dp_cms_page` WHERE  `status` = 1 ORDER BY view DESC LIMIT 10 [ RunTime:0.000313s ]
[ sql ] [ SQL ] SHOW COLUMNS FROM `dp_admin_attachment` [ RunTime:0.001452s ]
[ sql ] [ SQL ] SELECT * FROM `dp_admin_attachment` WHERE  `id` = 6 LIMIT 1 [ RunTime:0.002195s ]
[ sql ] [ SQL ] SELECT * FROM `dp_admin_attachment` WHERE  `id` = 0 LIMIT 1 [ RunTime:0.000467s ]
[ sql ] [ SQL ] SELECT * FROM `dp_admin_attachment` WHERE  `id` = 0 LIMIT 1 [ RunTime:0.000435s ]
[ sql ] [ SQL ] SELECT * FROM `dp_admin_attachment` WHERE  `id` = 0 LIMIT 1 [ RunTime:0.000316s ]
[ sql ] [ SQL ] SELECT * FROM `dp_admin_attachment` WHERE  `id` = 0 LIMIT 1 [ RunTime:0.000281s ]
---------------------------------------------------------------
[ 2018-04-02T19:24:18+08:00 ] 10.0.2.2 GET /api.php?method=counsellor.category&source=custom
[ sql ] [ DB ] CONNECT:[ UseTime:0.006336s ] mysql:host=127.0.0.1;port=3306;dbname=daguan;charset=utf8
[ sql ] [ SQL ] SHOW COLUMNS FROM `dp_cms_category` [ RunTime:0.017551s ]
[ sql ] [ SQL ] SELECT * FROM `dp_cms_category` WHERE  `status` = 1 ORDER BY id DESC LIMIT 8 [ RunTime:0.002999s ]
[ sql ] [ SQL ] SHOW COLUMNS FROM `dp_admin_attachment` [ RunTime:0.001075s ]
[ sql ] [ SQL ] SELECT * FROM `dp_admin_attachment` WHERE  `id` = 3 LIMIT 1 [ RunTime:0.000468s ]
[ sql ] [ SQL ] SELECT * FROM `dp_admin_attachment` WHERE  `id` = 4 LIMIT 1 [ RunTime:0.000289s ]
---------------------------------------------------------------
[ 2018-04-02T19:24:19+08:00 ] 10.0.2.2 GET /api.php?method=counsellor.recommend&source=custom
[ sql ] [ DB ] CONNECT:[ UseTime:0.003423s ] mysql:host=127.0.0.1;port=3306;dbname=daguan;charset=utf8
[ sql ] [ SQL ] SHOW COLUMNS FROM `dp_member` [ RunTime:0.001366s ]
[ sql ] [ SQL ] SELECT `a`.*,`b`.* FROM `dp_member` `a` LEFT JOIN `dp_member_counsellor` `b` ON `b`.`memberid`=`a`.`id` WHERE  `a`.`status` = 1  AND `a`.`type` = 1 ORDER BY a.recommond DESC [ RunTime:0.039994s ]
[ sql ] [ SQL ] SHOW COLUMNS FROM `dp_trade` [ RunTime:0.003294s ]
[ sql ] [ SQL ] SELECT COUNT(*) AS tp_count FROM `dp_trade` WHERE  `status` = '1'  AND `mid` = 2 LIMIT 1 [ RunTime:0.003331s ]
[ sql ] [ SQL ] SHOW COLUMNS FROM `dp_cms_category` [ RunTime:0.000833s ]
[ sql ] [ SQL ] SELECT `title` FROM `dp_cms_category` WHERE  `id` IN (7) [ RunTime:0.002984s ]
[ sql ] [ SQL ] SELECT COUNT(*) AS tp_count FROM `dp_trade` WHERE  `status` = '1'  AND `mid` = 3 LIMIT 1 [ RunTime:0.000820s ]
[ sql ] [ SQL ] SELECT `title` FROM `dp_cms_category` WHERE  `id` IN (7,9) [ RunTime:0.005359s ]
[ sql ] [ SQL ] SELECT COUNT(*) AS tp_count FROM `dp_trade` WHERE  `status` = '1'  AND `mid` IS NULL LIMIT 1 [ RunTime:0.000254s ]
[ sql ] [ SQL ] SELECT `title` FROM `dp_cms_category` WHERE  `id` IN (0) [ RunTime:0.000189s ]
[ sql ] [ SQL ] SELECT COUNT(*) AS tp_count FROM `dp_trade` WHERE  `status` = '1'  AND `mid` IS NULL LIMIT 1 [ RunTime:0.000179s ]
[ sql ] [ SQL ] SELECT `title` FROM `dp_cms_category` WHERE  `id` IN (0) [ RunTime:0.000170s ]
---------------------------------------------------------------
[ 2018-04-02T19:24:21+08:00 ] 10.0.2.2 GET /api.php?method=counsellor.info&source=custom&id=2
[ sql ] [ DB ] CONNECT:[ UseTime:0.010947s ] mysql:host=127.0.0.1;port=3306;dbname=daguan;charset=utf8
[ sql ] [ SQL ] SHOW COLUMNS FROM `dp_member` [ RunTime:0.001084s ]
[ sql ] [ SQL ] SELECT `a`.*,`b`.* FROM `dp_member` `a` LEFT JOIN `dp_member_counsellor` `b` ON `b`.`memberid`=`a`.`id` WHERE  `a`.`id` = '2' LIMIT 1 [ RunTime:0.000638s ]
[ sql ] [ SQL ] SHOW COLUMNS FROM `dp_trade` [ RunTime:0.001230s ]
[ sql ] [ SQL ] SELECT COUNT(*) AS tp_count FROM `dp_trade` WHERE  `status` = '1'  AND `mid` = 2 LIMIT 1 [ RunTime:0.000315s ]
[ sql ] [ SQL ] SHOW COLUMNS FROM `dp_cms_category` [ RunTime:0.001208s ]
[ sql ] [ SQL ] SELECT `title` FROM `dp_cms_category` WHERE  `id` IN (7) [ RunTime:0.001214s ]
---------------------------------------------------------------
[ 2018-04-02T19:24:25+08:00 ] 10.0.2.2 GET /api.php?method=counsellor.info&source=custom&id=2
[ sql ] [ DB ] CONNECT:[ UseTime:0.007353s ] mysql:host=127.0.0.1;port=3306;dbname=daguan;charset=utf8
[ sql ] [ SQL ] SHOW COLUMNS FROM `dp_member` [ RunTime:0.001246s ]
[ sql ] [ SQL ] SELECT `a`.*,`b`.* FROM `dp_member` `a` LEFT JOIN `dp_member_counsellor` `b` ON `b`.`memberid`=`a`.`id` WHERE  `a`.`id` = '2' LIMIT 1 [ RunTime:0.001719s ]
[ sql ] [ SQL ] SHOW COLUMNS FROM `dp_trade` [ RunTime:0.002866s ]
[ sql ] [ SQL ] SELECT COUNT(*) AS tp_count FROM `dp_trade` WHERE  `status` = '1'  AND `mid` = 2 LIMIT 1 [ RunTime:0.000570s ]
[ sql ] [ SQL ] SHOW COLUMNS FROM `dp_cms_category` [ RunTime:0.001338s ]
[ sql ] [ SQL ] SELECT `title` FROM `dp_cms_category` WHERE  `id` IN (7) [ RunTime:0.000650s ]
---------------------------------------------------------------
[ 2018-04-02T19:24:28+08:00 ] 10.0.2.2 GET /api.php?method=create.trade&source=custom&counsellor_id=2&price=150&chart=wordchart&num=1&pertime=30&account=1
[ sql ] [ DB ] CONNECT:[ UseTime:0.010612s ] mysql:host=127.0.0.1;port=3306;dbname=daguan;charset=utf8
[ sql ] [ SQL ] SHOW COLUMNS FROM `dp_member` [ RunTime:0.000869s ]
[ sql ] [ SQL ] SELECT `nickname` FROM `dp_member` WHERE  `id` = 2 [ RunTime:0.000330s ]
[ sql ] [ SQL ] SELECT `nickname` FROM `dp_member` WHERE  `id` = 1 [ RunTime:0.000703s ]
[ sql ] [ SQL ] SELECT `shopid` FROM `dp_member` WHERE  `id` = 1 [ RunTime:0.000529s ]
[ sql ] [ SQL ] SHOW COLUMNS FROM `dp_trade` [ RunTime:0.001928s ]
[ sql ] [ SQL ] INSERT INTO `dp_trade` (`mid` , `memberid` , `payment` , `created_time` , `num` , `title` , `tid`) VALUES (2 , 1 , 150 , 1522668268 , 1 , '预约buynow文字咨询' , '201804021924286553') [ RunTime:0.034949s ]
[ sql ] [ SQL ] SHOW COLUMNS FROM `dp_msg` [ RunTime:0.012227s ]
[ sql ] [ SQL ] INSERT INTO `dp_msg` (`type` , `title` , `descrption` , `sendid` , `reciveid` , `create_time`) VALUES (1 , '预约您的文字咨询' , 'buynow预约您的文字咨询' , 1 , 2 , 1522668268) [ RunTime:0.003364s ]
---------------------------------------------------------------
[ 2018-04-02T19:24:32+08:00 ] 10.0.2.2 GET /api.php/Mpay/dopay?accessToken=1&payment_id=201804021924286553&method=trade.pay&pay_app_id=alipayApp&source=custom
[ error ] [4]语法错误: unexpected '$subject' (T_VARIABLE)
---------------------------------------------------------------
[ 2018-04-02T19:25:32+08:00 ] 10.0.2.2 GET /api.php/Mpay/dopay?accessToken=1&payment_id=201804021924286553&method=trade.pay&pay_app_id=alipayApp&source=custom
[ error ] [4]语法错误: unexpected '$subject' (T_VARIABLE)
---------------------------------------------------------------
[ 2018-04-02T19:26:04+08:00 ] 10.0.2.2 GET /api.php/Mpay/dopay?accessToken=1&payment_id=201804021924286553&method=trade.pay&pay_app_id=alipayApp&source=custom
[ error ] [0]方法参数错误:payment
---------------------------------------------------------------
[ 2018-04-02T19:27:11+08:00 ] 10.0.2.2 GET /api.php/Mpay/dopay?accessToken=1&payment_id=201804021924286553&method=trade.pay&pay_app_id=alipayApp&source=custom
[ error ] [0]方法参数错误:payment
---------------------------------------------------------------
[ 2018-04-02T19:27:24+08:00 ] 10.0.2.2 GET /api.php/Mpay/dopay?accessToken=1&payment_id=201804021924286553&method=trade.pay&pay_app_id=alipayApp&source=custom
[ error ] [0]方法参数错误:payment
---------------------------------------------------------------
[ 2018-04-02T19:29:23+08:00 ] 10.0.2.2 GET /api.php/Mpay/dopay?accessToken=1&payment_id=201804021924286553&method=trade.pay&pay_app_id=alipayApp&source=custom
[ error ] [0]方法参数错误:payment
---------------------------------------------------------------
[ 2018-04-02T19:29:25+08:00 ] 10.0.2.2 GET /api.php/Mpay/dopay?accessToken=1&payment_id=201804021924286553&method=trade.pay&pay_app_id=alipayApp&source=custom
[ error ] [0]方法参数错误:payment
---------------------------------------------------------------
[ 2018-04-02T19:29:48+08:00 ] 10.0.2.2 GET /api.php/Mpay/dopay?accessToken=1&payment_id=201804021924286553&method=trade.pay&pay_app_id=alipayApp&source=custom
[ info ] zg.daguan.com/api.php/Mpay/dopay?accessToken=1&payment_id=201804021924286553&method=trade.pay&pay_app_id=alipayApp&source=custom [运行时间：0.512027s][吞吐率：1.95req/s] [内存消耗：529.32kb] [文件加载：49]
[ info ] [ LANG ] /data/httpd/daguan/thinkphp/lang/zh-cn.php
[ info ] [ ROUTE ] array (
  'type' => 'module',
  'module' => 
  array (
    0 => 'api',
    1 => 'Mpay',
    2 => 'dopay',
  ),
)
[ info ] [ HEADER ] array (
  'host' => 'zg.daguan.com',
  'connection' => 'keep-alive',
  'cache-control' => 'max-age=0',
  'upgrade-insecure-requests' => '1',
  'user-agent' => 'Mozilla/5.0 (Macintosh; Intel Mac OS X 10_12_5) AppleWebKit/537.36 (KHTML, like Gecko) Chrome/65.0.3325.181 Safari/537.36',
  'accept' => 'text/html,application/xhtml+xml,application/xml;q=0.9,image/webp,image/apng,*/*;q=0.8',
  'accept-encoding' => 'gzip, deflate',
  'accept-language' => 'zh-CN,zh;q=0.9,en;q=0.8',
  'cookie' => '__utma=20928819.1559574946.1520434694.1520434694.1520434694.1; __utmz=20928819.1520434694.1.1.utmcsr=(direct)|utmccn=(direct)|utmcmd=(none); Hm_lvt_601c92cd729f5d300329945382cb791f=1520434694; Hm_lvt_c3d6eaa135e0c7778dc8a6c73a86db89=1520434694; UM_distinctid=16200f84991461-097a858aec44ca-163f6657-13c680-16200f849953e0; CNZZDATA1254779168=543334044-1520434408-%7C1520434408; OUTFOX_SEARCH_USER_ID_NCOO=1789161781.1770723; PHPSESSID=3ecsfomqsu3q0ifddm1s95c682',
  'content-type' => '',
  'content-length' => '',
)
[ info ] [ PARAM ] array (
  'accessToken' => '1',
  'payment_id' => '201804021924286553',
  'method' => 'trade.pay',
  'pay_app_id' => 'alipayApp',
  'source' => 'custom',
)
[ info ] [ CACHE ] INIT File
[ info ] [ BEHAVIOR ] Run app\common\behavior\Config @app_begin [ RunTime:0.056682s ]
[ info ] [ BEHAVIOR ] Run app\common\behavior\Hook @app_begin [ RunTime:0.054793s ]
[ info ] [ LOG ] INIT File
[ error ] [0]方法参数错误:payment[/data/httpd/daguan/thinkphp/library/think/App.php:431]
---------------------------------------------------------------
[ 2018-04-02T19:30:06+08:00 ] 10.0.2.2 GET /api.php/Mpay/dopay?accessToken=1&payment_id=201804021924286553&method=trade.pay&pay_app_id=alipayApp&source=custom
[ info ] zg.daguan.com/api.php/Mpay/dopay?accessToken=1&payment_id=201804021924286553&method=trade.pay&pay_app_id=alipayApp&source=custom [运行时间：0.372241s][吞吐率：2.69req/s] [内存消耗：721.56kb] [文件加载：51]
[ info ] [ LANG ] /data/httpd/daguan/thinkphp/lang/zh-cn.php
[ info ] [ ROUTE ] array (
  'type' => 'module',
  'module' => 
  array (
    0 => 'api',
    1 => 'Mpay',
    2 => 'dopay',
  ),
)
[ info ] [ HEADER ] array (
  'host' => 'zg.daguan.com',
  'connection' => 'keep-alive',
  'cache-control' => 'max-age=0',
  'upgrade-insecure-requests' => '1',
  'user-agent' => 'Mozilla/5.0 (Macintosh; Intel Mac OS X 10_12_5) AppleWebKit/537.36 (KHTML, like Gecko) Chrome/65.0.3325.181 Safari/537.36',
  'accept' => 'text/html,application/xhtml+xml,application/xml;q=0.9,image/webp,image/apng,*/*;q=0.8',
  'accept-encoding' => 'gzip, deflate',
  'accept-language' => 'zh-CN,zh;q=0.9,en;q=0.8',
  'cookie' => '__utma=20928819.1559574946.1520434694.1520434694.1520434694.1; __utmz=20928819.1520434694.1.1.utmcsr=(direct)|utmccn=(direct)|utmcmd=(none); Hm_lvt_601c92cd729f5d300329945382cb791f=1520434694; Hm_lvt_c3d6eaa135e0c7778dc8a6c73a86db89=1520434694; UM_distinctid=16200f84991461-097a858aec44ca-163f6657-13c680-16200f849953e0; CNZZDATA1254779168=543334044-1520434408-%7C1520434408; OUTFOX_SEARCH_USER_ID_NCOO=1789161781.1770723; PHPSESSID=3ecsfomqsu3q0ifddm1s95c682',
  'content-type' => '',
  'content-length' => '',
)
[ info ] [ PARAM ] array (
  'accessToken' => '1',
  'payment_id' => '201804021924286553',
  'method' => 'trade.pay',
  'pay_app_id' => 'alipayApp',
  'source' => 'custom',
)
[ info ] [ CACHE ] INIT File
[ info ] [ BEHAVIOR ] Run app\common\behavior\Config @app_begin [ RunTime:0.034844s ]
[ info ] [ BEHAVIOR ] Run app\common\behavior\Hook @app_begin [ RunTime:0.044482s ]
[ info ] [ RUN ] app\api\home\Mpay->dopay[ /data/httpd/daguan/application/api/home/Mpay.php ]
[ info ] [ DB ] INIT mysql
[ info ] [ LOG ] INIT File
[ sql ] [ DB ] CONNECT:[ UseTime:0.006389s ] mysql:host=127.0.0.1;port=3306;dbname=daguan;charset=utf8
[ sql ] [ SQL ] SHOW COLUMNS FROM `dp_trade` [ RunTime:0.004216s ]
[ sql ] [ SQL ] SELECT * FROM `dp_trade` WHERE  `tid` = '201804021924286553' LIMIT 1 [ RunTime:0.000392s ]
---------------------------------------------------------------
[ 2018-04-02T19:30:22+08:00 ] 10.0.2.2 GET /api.php/Mpay/dopay?accessToken=1&payment_id=201804021924286553&method=trade.pay&pay_app_id=alipayApp&source=custom
[ info ] zg.daguan.com/api.php/Mpay/dopay?accessToken=1&payment_id=201804021924286553&method=trade.pay&pay_app_id=alipayApp&source=custom [运行时间：0.363984s][吞吐率：2.75req/s] [内存消耗：499.13kb] [文件加载：49]
[ info ] [ LANG ] /data/httpd/daguan/thinkphp/lang/zh-cn.php
[ info ] [ ROUTE ] array (
  'type' => 'module',
  'module' => 
  array (
    0 => 'api',
    1 => 'Mpay',
    2 => 'dopay',
  ),
)
[ info ] [ HEADER ] array (
  'host' => 'zg.daguan.com',
  'connection' => 'keep-alive',
  'cache-control' => 'max-age=0',
  'upgrade-insecure-requests' => '1',
  'user-agent' => 'Mozilla/5.0 (Macintosh; Intel Mac OS X 10_12_5) AppleWebKit/537.36 (KHTML, like Gecko) Chrome/65.0.3325.181 Safari/537.36',
  'accept' => 'text/html,application/xhtml+xml,application/xml;q=0.9,image/webp,image/apng,*/*;q=0.8',
  'accept-encoding' => 'gzip, deflate',
  'accept-language' => 'zh-CN,zh;q=0.9,en;q=0.8',
  'cookie' => '__utma=20928819.1559574946.1520434694.1520434694.1520434694.1; __utmz=20928819.1520434694.1.1.utmcsr=(direct)|utmccn=(direct)|utmcmd=(none); Hm_lvt_601c92cd729f5d300329945382cb791f=1520434694; Hm_lvt_c3d6eaa135e0c7778dc8a6c73a86db89=1520434694; UM_distinctid=16200f84991461-097a858aec44ca-163f6657-13c680-16200f849953e0; CNZZDATA1254779168=543334044-1520434408-%7C1520434408; OUTFOX_SEARCH_USER_ID_NCOO=1789161781.1770723; PHPSESSID=3ecsfomqsu3q0ifddm1s95c682',
  'content-type' => '',
  'content-length' => '',
)
[ info ] [ PARAM ] array (
  'accessToken' => '1',
  'payment_id' => '201804021924286553',
  'method' => 'trade.pay',
  'pay_app_id' => 'alipayApp',
  'source' => 'custom',
)
[ info ] [ CACHE ] INIT File
[ info ] [ BEHAVIOR ] Run app\common\behavior\Config @app_begin [ RunTime:0.033558s ]
[ info ] [ BEHAVIOR ] Run app\common\behavior\Hook @app_begin [ RunTime:0.041457s ]
[ info ] [ LOG ] INIT File
[ error ] [4]语法错误: unexpected '$subject' (T_VARIABLE)[/data/httpd/daguan/application/api/home/Mpay.php:104]
---------------------------------------------------------------
[ 2018-04-02T19:31:00+08:00 ] 10.0.2.2 GET /api.php/Mpay/dopay?accessToken=1&payment_id=201804021924286553&method=trade.pay&pay_app_id=alipayApp&source=custom
[ info ] zg.daguan.com/api.php/Mpay/dopay?accessToken=1&payment_id=201804021924286553&method=trade.pay&pay_app_id=alipayApp&source=custom [运行时间：0.498222s][吞吐率：2.01req/s] [内存消耗：751.02kb] [文件加载：57]
[ info ] [ LANG ] /data/httpd/daguan/thinkphp/lang/zh-cn.php
[ info ] [ ROUTE ] array (
  'type' => 'module',
  'module' => 
  array (
    0 => 'api',
    1 => 'Mpay',
    2 => 'dopay',
  ),
)
[ info ] [ HEADER ] array (
  'host' => 'zg.daguan.com',
  'connection' => 'keep-alive',
  'cache-control' => 'max-age=0',
  'upgrade-insecure-requests' => '1',
  'user-agent' => 'Mozilla/5.0 (Macintosh; Intel Mac OS X 10_12_5) AppleWebKit/537.36 (KHTML, like Gecko) Chrome/65.0.3325.181 Safari/537.36',
  'accept' => 'text/html,application/xhtml+xml,application/xml;q=0.9,image/webp,image/apng,*/*;q=0.8',
  'accept-encoding' => 'gzip, deflate',
  'accept-language' => 'zh-CN,zh;q=0.9,en;q=0.8',
  'cookie' => '__utma=20928819.1559574946.1520434694.1520434694.1520434694.1; __utmz=20928819.1520434694.1.1.utmcsr=(direct)|utmccn=(direct)|utmcmd=(none); Hm_lvt_601c92cd729f5d300329945382cb791f=1520434694; Hm_lvt_c3d6eaa135e0c7778dc8a6c73a86db89=1520434694; UM_distinctid=16200f84991461-097a858aec44ca-163f6657-13c680-16200f849953e0; CNZZDATA1254779168=543334044-1520434408-%7C1520434408; OUTFOX_SEARCH_USER_ID_NCOO=1789161781.1770723; PHPSESSID=3ecsfomqsu3q0ifddm1s95c682',
  'content-type' => '',
  'content-length' => '',
)
[ info ] [ PARAM ] array (
  'accessToken' => '1',
  'payment_id' => '201804021924286553',
  'method' => 'trade.pay',
  'pay_app_id' => 'alipayApp',
  'source' => 'custom',
)
[ info ] [ CACHE ] INIT File
[ info ] [ BEHAVIOR ] Run app\common\behavior\Config @app_begin [ RunTime:0.034781s ]
[ info ] [ BEHAVIOR ] Run app\common\behavior\Hook @app_begin [ RunTime:0.037541s ]
[ info ] [ RUN ] app\api\home\Mpay->dopay[ /data/httpd/daguan/application/api/home/Mpay.php ]
[ info ] [ DB ] INIT mysql
[ info ] [ LOG ] INIT File
[ sql ] [ DB ] CONNECT:[ UseTime:0.003799s ] mysql:host=127.0.0.1;port=3306;dbname=daguan;charset=utf8
[ sql ] [ SQL ] SHOW COLUMNS FROM `dp_trade` [ RunTime:0.001757s ]
[ sql ] [ SQL ] SELECT * FROM `dp_trade` WHERE  `tid` = '201804021924286553' LIMIT 1 [ RunTime:0.000592s ]
[ error ] [8]未定义数组索引: payment_id[/data/httpd/daguan/application/api/home/Mpay.php:122]
---------------------------------------------------------------
[ 2018-04-02T19:31:28+08:00 ] 10.0.2.2 GET /api.php/Mpay/dopay?accessToken=1&payment_id=201804021924286553&method=trade.pay&pay_app_id=alipayApp&source=custom
[ info ] zg.daguan.com/api.php/Mpay/dopay?accessToken=1&payment_id=201804021924286553&method=trade.pay&pay_app_id=alipayApp&source=custom [运行时间：0.614254s][吞吐率：1.63req/s] [内存消耗：772.73kb] [文件加载：57]
[ info ] [ LANG ] /data/httpd/daguan/thinkphp/lang/zh-cn.php
[ info ] [ ROUTE ] array (
  'type' => 'module',
  'module' => 
  array (
    0 => 'api',
    1 => 'Mpay',
    2 => 'dopay',
  ),
)
[ info ] [ HEADER ] array (
  'host' => 'zg.daguan.com',
  'connection' => 'keep-alive',
  'cache-control' => 'max-age=0',
  'upgrade-insecure-requests' => '1',
  'user-agent' => 'Mozilla/5.0 (Macintosh; Intel Mac OS X 10_12_5) AppleWebKit/537.36 (KHTML, like Gecko) Chrome/65.0.3325.181 Safari/537.36',
  'accept' => 'text/html,application/xhtml+xml,application/xml;q=0.9,image/webp,image/apng,*/*;q=0.8',
  'accept-encoding' => 'gzip, deflate',
  'accept-language' => 'zh-CN,zh;q=0.9,en;q=0.8',
  'cookie' => '__utma=20928819.1559574946.1520434694.1520434694.1520434694.1; __utmz=20928819.1520434694.1.1.utmcsr=(direct)|utmccn=(direct)|utmcmd=(none); Hm_lvt_601c92cd729f5d300329945382cb791f=1520434694; Hm_lvt_c3d6eaa135e0c7778dc8a6c73a86db89=1520434694; UM_distinctid=16200f84991461-097a858aec44ca-163f6657-13c680-16200f849953e0; CNZZDATA1254779168=543334044-1520434408-%7C1520434408; OUTFOX_SEARCH_USER_ID_NCOO=1789161781.1770723; PHPSESSID=3ecsfomqsu3q0ifddm1s95c682',
  'content-type' => '',
  'content-length' => '',
)
[ info ] [ PARAM ] array (
  'accessToken' => '1',
  'payment_id' => '201804021924286553',
  'method' => 'trade.pay',
  'pay_app_id' => 'alipayApp',
  'source' => 'custom',
)
[ info ] [ CACHE ] INIT File
[ info ] [ BEHAVIOR ] Run app\common\behavior\Config @app_begin [ RunTime:0.037866s ]
[ info ] [ BEHAVIOR ] Run app\common\behavior\Hook @app_begin [ RunTime:0.064583s ]
[ info ] [ RUN ] app\api\home\Mpay->dopay[ /data/httpd/daguan/application/api/home/Mpay.php ]
[ info ] [ DB ] INIT mysql
[ info ] [ LOG ] INIT File
[ sql ] [ DB ] CONNECT:[ UseTime:0.003417s ] mysql:host=127.0.0.1;port=3306;dbname=daguan;charset=utf8
[ sql ] [ SQL ] SHOW COLUMNS FROM `dp_trade` [ RunTime:0.001391s ]
[ sql ] [ SQL ] SELECT * FROM `dp_trade` WHERE  `tid` = '201804021924286553' LIMIT 1 [ RunTime:0.000360s ]
[ error ] [1]Class 'app\api\home\client' not found[/data/httpd/daguan/application/api/home/Mpay.php:228]
---------------------------------------------------------------
[ 2018-04-02T19:47:00+08:00 ] 10.0.2.2 GET /api.php/Mpay/dopay?accessToken=1&payment_id=201804021924286553&method=trade.pay&pay_app_id=alipayApp&source=custom
[ info ] zg.daguan.com/api.php/Mpay/dopay?accessToken=1&payment_id=201804021924286553&method=trade.pay&pay_app_id=alipayApp&source=custom [运行时间：0.666915s][吞吐率：1.50req/s] [内存消耗：779.44kb] [文件加载：57]
[ info ] [ LANG ] /data/httpd/daguan/thinkphp/lang/zh-cn.php
[ info ] [ ROUTE ] array (
  'type' => 'module',
  'module' => 
  array (
    0 => 'api',
    1 => 'Mpay',
    2 => 'dopay',
  ),
)
[ info ] [ HEADER ] array (
  'host' => 'zg.daguan.com',
  'connection' => 'keep-alive',
  'cache-control' => 'max-age=0',
  'upgrade-insecure-requests' => '1',
  'user-agent' => 'Mozilla/5.0 (Macintosh; Intel Mac OS X 10_12_5) AppleWebKit/537.36 (KHTML, like Gecko) Chrome/65.0.3325.181 Safari/537.36',
  'accept' => 'text/html,application/xhtml+xml,application/xml;q=0.9,image/webp,image/apng,*/*;q=0.8',
  'accept-encoding' => 'gzip, deflate',
  'accept-language' => 'zh-CN,zh;q=0.9,en;q=0.8',
  'cookie' => '__utma=20928819.1559574946.1520434694.1520434694.1520434694.1; __utmz=20928819.1520434694.1.1.utmcsr=(direct)|utmccn=(direct)|utmcmd=(none); Hm_lvt_601c92cd729f5d300329945382cb791f=1520434694; Hm_lvt_c3d6eaa135e0c7778dc8a6c73a86db89=1520434694; UM_distinctid=16200f84991461-097a858aec44ca-163f6657-13c680-16200f849953e0; CNZZDATA1254779168=543334044-1520434408-%7C1520434408; OUTFOX_SEARCH_USER_ID_NCOO=1789161781.1770723; PHPSESSID=3ecsfomqsu3q0ifddm1s95c682',
  'content-type' => '',
  'content-length' => '',
)
[ info ] [ PARAM ] array (
  'accessToken' => '1',
  'payment_id' => '201804021924286553',
  'method' => 'trade.pay',
  'pay_app_id' => 'alipayApp',
  'source' => 'custom',
)
[ info ] [ CACHE ] INIT File
[ info ] [ BEHAVIOR ] Run app\common\behavior\Config @app_begin [ RunTime:0.054400s ]
[ info ] [ BEHAVIOR ] Run app\common\behavior\Hook @app_begin [ RunTime:0.080359s ]
[ info ] [ RUN ] app\api\home\Mpay->dopay[ /data/httpd/daguan/application/api/home/Mpay.php ]
[ info ] [ DB ] INIT mysql
[ info ] [ LOG ] INIT File
[ sql ] [ DB ] CONNECT:[ UseTime:0.003390s ] mysql:host=127.0.0.1;port=3306;dbname=daguan;charset=utf8
[ sql ] [ SQL ] SHOW COLUMNS FROM `dp_trade` [ RunTime:0.001539s ]
[ sql ] [ SQL ] SELECT * FROM `dp_trade` WHERE  `tid` = '201804021924286553' LIMIT 1 [ RunTime:0.000278s ]
[ error ] [1]Call to undefined function app\api\home\https_post()[/data/httpd/daguan/application/api/home/Mpay.php:233]
---------------------------------------------------------------
[ 2018-04-02T19:47:22+08:00 ] 10.0.2.2 GET /api.php/Mpay/dopay?accessToken=1&payment_id=201804021924286553&method=trade.pay&pay_app_id=alipayApp&source=custom
[ info ] zg.daguan.com/api.php/Mpay/dopay?accessToken=1&payment_id=201804021924286553&method=trade.pay&pay_app_id=alipayApp&source=custom [运行时间：0.393797s][吞吐率：2.54req/s] [内存消耗：754.84kb] [文件加载：57]
[ info ] [ LANG ] /data/httpd/daguan/thinkphp/lang/zh-cn.php
[ info ] [ ROUTE ] array (
  'type' => 'module',
  'module' => 
  array (
    0 => 'api',
    1 => 'Mpay',
    2 => 'dopay',
  ),
)
[ info ] [ HEADER ] array (
  'host' => 'zg.daguan.com',
  'connection' => 'keep-alive',
  'cache-control' => 'max-age=0',
  'upgrade-insecure-requests' => '1',
  'user-agent' => 'Mozilla/5.0 (Macintosh; Intel Mac OS X 10_12_5) AppleWebKit/537.36 (KHTML, like Gecko) Chrome/65.0.3325.181 Safari/537.36',
  'accept' => 'text/html,application/xhtml+xml,application/xml;q=0.9,image/webp,image/apng,*/*;q=0.8',
  'accept-encoding' => 'gzip, deflate',
  'accept-language' => 'zh-CN,zh;q=0.9,en;q=0.8',
  'cookie' => '__utma=20928819.1559574946.1520434694.1520434694.1520434694.1; __utmz=20928819.1520434694.1.1.utmcsr=(direct)|utmccn=(direct)|utmcmd=(none); Hm_lvt_601c92cd729f5d300329945382cb791f=1520434694; Hm_lvt_c3d6eaa135e0c7778dc8a6c73a86db89=1520434694; UM_distinctid=16200f84991461-097a858aec44ca-163f6657-13c680-16200f849953e0; CNZZDATA1254779168=543334044-1520434408-%7C1520434408; OUTFOX_SEARCH_USER_ID_NCOO=1789161781.1770723; PHPSESSID=3ecsfomqsu3q0ifddm1s95c682',
  'content-type' => '',
  'content-length' => '',
)
[ info ] [ PARAM ] array (
  'accessToken' => '1',
  'payment_id' => '201804021924286553',
  'method' => 'trade.pay',
  'pay_app_id' => 'alipayApp',
  'source' => 'custom',
)
[ info ] [ CACHE ] INIT File
[ info ] [ BEHAVIOR ] Run app\common\behavior\Config @app_begin [ RunTime:0.026009s ]
[ info ] [ BEHAVIOR ] Run app\common\behavior\Hook @app_begin [ RunTime:0.041952s ]
[ info ] [ RUN ] app\api\home\Mpay->dopay[ /data/httpd/daguan/application/api/home/Mpay.php ]
[ info ] [ DB ] INIT mysql
[ info ] [ LOG ] INIT File
[ sql ] [ DB ] CONNECT:[ UseTime:0.003942s ] mysql:host=127.0.0.1;port=3306;dbname=daguan;charset=utf8
[ sql ] [ SQL ] SHOW COLUMNS FROM `dp_trade` [ RunTime:0.001484s ]
[ sql ] [ SQL ] SELECT * FROM `dp_trade` WHERE  `tid` = '201804021924286553' LIMIT 1 [ RunTime:0.000408s ]
[ error ] [8]Array to string conversion[/data/httpd/daguan/application/api/home/Mpay.php:472]
---------------------------------------------------------------
[ 2018-04-02T19:47:48+08:00 ] 10.0.2.2 GET /api.php/Mpay/dopay?accessToken=1&payment_id=201804021924286553&method=trade.pay&pay_app_id=alipayApp&source=custom
[ info ] zg.daguan.com/api.php/Mpay/dopay?accessToken=1&payment_id=201804021924286553&method=trade.pay&pay_app_id=alipayApp&source=custom [运行时间：0.384749s][吞吐率：2.60req/s] [内存消耗：754.92kb] [文件加载：57]
[ info ] [ LANG ] /data/httpd/daguan/thinkphp/lang/zh-cn.php
[ info ] [ ROUTE ] array (
  'type' => 'module',
  'module' => 
  array (
    0 => 'api',
    1 => 'Mpay',
    2 => 'dopay',
  ),
)
[ info ] [ HEADER ] array (
  'host' => 'zg.daguan.com',
  'connection' => 'keep-alive',
  'cache-control' => 'max-age=0',
  'upgrade-insecure-requests' => '1',
  'user-agent' => 'Mozilla/5.0 (Macintosh; Intel Mac OS X 10_12_5) AppleWebKit/537.36 (KHTML, like Gecko) Chrome/65.0.3325.181 Safari/537.36',
  'accept' => 'text/html,application/xhtml+xml,application/xml;q=0.9,image/webp,image/apng,*/*;q=0.8',
  'accept-encoding' => 'gzip, deflate',
  'accept-language' => 'zh-CN,zh;q=0.9,en;q=0.8',
  'cookie' => '__utma=20928819.1559574946.1520434694.1520434694.1520434694.1; __utmz=20928819.1520434694.1.1.utmcsr=(direct)|utmccn=(direct)|utmcmd=(none); Hm_lvt_601c92cd729f5d300329945382cb791f=1520434694; Hm_lvt_c3d6eaa135e0c7778dc8a6c73a86db89=1520434694; UM_distinctid=16200f84991461-097a858aec44ca-163f6657-13c680-16200f849953e0; CNZZDATA1254779168=543334044-1520434408-%7C1520434408; OUTFOX_SEARCH_USER_ID_NCOO=1789161781.1770723; PHPSESSID=3ecsfomqsu3q0ifddm1s95c682',
  'content-type' => '',
  'content-length' => '',
)
[ info ] [ PARAM ] array (
  'accessToken' => '1',
  'payment_id' => '201804021924286553',
  'method' => 'trade.pay',
  'pay_app_id' => 'alipayApp',
  'source' => 'custom',
)
[ info ] [ CACHE ] INIT File
[ info ] [ BEHAVIOR ] Run app\common\behavior\Config @app_begin [ RunTime:0.027968s ]
[ info ] [ BEHAVIOR ] Run app\common\behavior\Hook @app_begin [ RunTime:0.034604s ]
[ info ] [ RUN ] app\api\home\Mpay->dopay[ /data/httpd/daguan/application/api/home/Mpay.php ]
[ info ] [ DB ] INIT mysql
[ info ] [ LOG ] INIT File
[ sql ] [ DB ] CONNECT:[ UseTime:0.003400s ] mysql:host=127.0.0.1;port=3306;dbname=daguan;charset=utf8
[ sql ] [ SQL ] SHOW COLUMNS FROM `dp_trade` [ RunTime:0.001346s ]
[ sql ] [ SQL ] SELECT * FROM `dp_trade` WHERE  `tid` = '201804021924286553' LIMIT 1 [ RunTime:0.000821s ]
[ error ] [8]Array to string conversion[/data/httpd/daguan/application/api/home/Mpay.php:472]
---------------------------------------------------------------
[ 2018-04-02T19:47:59+08:00 ] 10.0.2.2 GET /api.php/Mpay/dopay?accessToken=1&payment_id=201804021924286553&method=trade.pay&pay_app_id=alipayApp&source=custom
[ info ] zg.daguan.com/api.php/Mpay/dopay?accessToken=1&payment_id=201804021924286553&method=trade.pay&pay_app_id=alipayApp&source=custom [运行时间：0.338541s][吞吐率：2.95req/s] [内存消耗：754.50kb] [文件加载：51]
[ info ] [ LANG ] /data/httpd/daguan/thinkphp/lang/zh-cn.php
[ info ] [ ROUTE ] array (
  'type' => 'module',
  'module' => 
  array (
    0 => 'api',
    1 => 'Mpay',
    2 => 'dopay',
  ),
)
[ info ] [ HEADER ] array (
  'host' => 'zg.daguan.com',
  'connection' => 'keep-alive',
  'cache-control' => 'max-age=0',
  'upgrade-insecure-requests' => '1',
  'user-agent' => 'Mozilla/5.0 (Macintosh; Intel Mac OS X 10_12_5) AppleWebKit/537.36 (KHTML, like Gecko) Chrome/65.0.3325.181 Safari/537.36',
  'accept' => 'text/html,application/xhtml+xml,application/xml;q=0.9,image/webp,image/apng,*/*;q=0.8',
  'accept-encoding' => 'gzip, deflate',
  'accept-language' => 'zh-CN,zh;q=0.9,en;q=0.8',
  'cookie' => '__utma=20928819.1559574946.1520434694.1520434694.1520434694.1; __utmz=20928819.1520434694.1.1.utmcsr=(direct)|utmccn=(direct)|utmcmd=(none); Hm_lvt_601c92cd729f5d300329945382cb791f=1520434694; Hm_lvt_c3d6eaa135e0c7778dc8a6c73a86db89=1520434694; UM_distinctid=16200f84991461-097a858aec44ca-163f6657-13c680-16200f849953e0; CNZZDATA1254779168=543334044-1520434408-%7C1520434408; OUTFOX_SEARCH_USER_ID_NCOO=1789161781.1770723; PHPSESSID=3ecsfomqsu3q0ifddm1s95c682',
  'content-type' => '',
  'content-length' => '',
)
[ info ] [ PARAM ] array (
  'accessToken' => '1',
  'payment_id' => '201804021924286553',
  'method' => 'trade.pay',
  'pay_app_id' => 'alipayApp',
  'source' => 'custom',
)
[ info ] [ CACHE ] INIT File
[ info ] [ BEHAVIOR ] Run app\common\behavior\Config @app_begin [ RunTime:0.029730s ]
[ info ] [ BEHAVIOR ] Run app\common\behavior\Hook @app_begin [ RunTime:0.037172s ]
[ info ] [ RUN ] app\api\home\Mpay->dopay[ /data/httpd/daguan/application/api/home/Mpay.php ]
[ info ] [ DB ] INIT mysql
[ info ] [ LOG ] INIT File
[ sql ] [ DB ] CONNECT:[ UseTime:0.006377s ] mysql:host=127.0.0.1;port=3306;dbname=daguan;charset=utf8
[ sql ] [ SQL ] SHOW COLUMNS FROM `dp_trade` [ RunTime:0.000772s ]
[ sql ] [ SQL ] SELECT * FROM `dp_trade` WHERE  `tid` = '201804021924286553' LIMIT 1 [ RunTime:0.000366s ]
---------------------------------------------------------------
[ 2018-04-02T19:51:12+08:00 ] 10.0.2.2 GET /api.php/Mpay/dopay?accessToken=1&payment_id=201804021924286553&method=trade.pay&pay_app_id=alipayApp&source=custom
[ info ] zg.daguan.com/api.php/Mpay/dopay?accessToken=1&payment_id=201804021924286553&method=trade.pay&pay_app_id=alipayApp&source=custom [运行时间：0.407182s][吞吐率：2.46req/s] [内存消耗：771.01kb] [文件加载：57]
[ info ] [ LANG ] /data/httpd/daguan/thinkphp/lang/zh-cn.php
[ info ] [ ROUTE ] array (
  'type' => 'module',
  'module' => 
  array (
    0 => 'api',
    1 => 'Mpay',
    2 => 'dopay',
  ),
)
[ info ] [ HEADER ] array (
  'host' => 'zg.daguan.com',
  'connection' => 'keep-alive',
  'cache-control' => 'max-age=0',
  'upgrade-insecure-requests' => '1',
  'user-agent' => 'Mozilla/5.0 (Macintosh; Intel Mac OS X 10_12_5) AppleWebKit/537.36 (KHTML, like Gecko) Chrome/65.0.3325.181 Safari/537.36',
  'accept' => 'text/html,application/xhtml+xml,application/xml;q=0.9,image/webp,image/apng,*/*;q=0.8',
  'accept-encoding' => 'gzip, deflate',
  'accept-language' => 'zh-CN,zh;q=0.9,en;q=0.8',
  'cookie' => '__utma=20928819.1559574946.1520434694.1520434694.1520434694.1; __utmz=20928819.1520434694.1.1.utmcsr=(direct)|utmccn=(direct)|utmcmd=(none); Hm_lvt_601c92cd729f5d300329945382cb791f=1520434694; Hm_lvt_c3d6eaa135e0c7778dc8a6c73a86db89=1520434694; UM_distinctid=16200f84991461-097a858aec44ca-163f6657-13c680-16200f849953e0; CNZZDATA1254779168=543334044-1520434408-%7C1520434408; OUTFOX_SEARCH_USER_ID_NCOO=1789161781.1770723; PHPSESSID=3ecsfomqsu3q0ifddm1s95c682',
  'content-type' => '',
  'content-length' => '',
)
[ info ] [ PARAM ] array (
  'accessToken' => '1',
  'payment_id' => '201804021924286553',
  'method' => 'trade.pay',
  'pay_app_id' => 'alipayApp',
  'source' => 'custom',
)
[ info ] [ CACHE ] INIT File
[ info ] [ BEHAVIOR ] Run app\common\behavior\Config @app_begin [ RunTime:0.029332s ]
[ info ] [ BEHAVIOR ] Run app\common\behavior\Hook @app_begin [ RunTime:0.040260s ]
[ info ] [ RUN ] app\api\home\Mpay->dopay[ /data/httpd/daguan/application/api/home/Mpay.php ]
[ info ] [ DB ] INIT mysql
[ info ] [ LOG ] INIT File
[ sql ] [ DB ] CONNECT:[ UseTime:0.003829s ] mysql:host=127.0.0.1;port=3306;dbname=daguan;charset=utf8
[ sql ] [ SQL ] SHOW COLUMNS FROM `dp_trade` [ RunTime:0.000952s ]
[ sql ] [ SQL ] SELECT * FROM `dp_trade` WHERE  `tid` = '201804021924286553' LIMIT 1 [ RunTime:0.000395s ]
[ error ] [8]Array to string conversion[/data/httpd/daguan/application/api/home/Mpay.php:522]
---------------------------------------------------------------
[ 2018-04-02T19:51:57+08:00 ] 10.0.2.2 GET /api.php/Mpay/dopay?accessToken=1&payment_id=201804021924286553&method=trade.pay&pay_app_id=alipayApp&source=custom
[ info ] zg.daguan.com/api.php/Mpay/dopay?accessToken=1&payment_id=201804021924286553&method=trade.pay&pay_app_id=alipayApp&source=custom [运行时间：0.443185s][吞吐率：2.26req/s] [内存消耗：771.28kb] [文件加载：57]
[ info ] [ LANG ] /data/httpd/daguan/thinkphp/lang/zh-cn.php
[ info ] [ ROUTE ] array (
  'type' => 'module',
  'module' => 
  array (
    0 => 'api',
    1 => 'Mpay',
    2 => 'dopay',
  ),
)
[ info ] [ HEADER ] array (
  'host' => 'zg.daguan.com',
  'connection' => 'keep-alive',
  'cache-control' => 'max-age=0',
  'upgrade-insecure-requests' => '1',
  'user-agent' => 'Mozilla/5.0 (Macintosh; Intel Mac OS X 10_12_5) AppleWebKit/537.36 (KHTML, like Gecko) Chrome/65.0.3325.181 Safari/537.36',
  'accept' => 'text/html,application/xhtml+xml,application/xml;q=0.9,image/webp,image/apng,*/*;q=0.8',
  'accept-encoding' => 'gzip, deflate',
  'accept-language' => 'zh-CN,zh;q=0.9,en;q=0.8',
  'cookie' => '__utma=20928819.1559574946.1520434694.1520434694.1520434694.1; __utmz=20928819.1520434694.1.1.utmcsr=(direct)|utmccn=(direct)|utmcmd=(none); Hm_lvt_601c92cd729f5d300329945382cb791f=1520434694; Hm_lvt_c3d6eaa135e0c7778dc8a6c73a86db89=1520434694; UM_distinctid=16200f84991461-097a858aec44ca-163f6657-13c680-16200f849953e0; CNZZDATA1254779168=543334044-1520434408-%7C1520434408; OUTFOX_SEARCH_USER_ID_NCOO=1789161781.1770723; PHPSESSID=3ecsfomqsu3q0ifddm1s95c682',
  'content-type' => '',
  'content-length' => '',
)
[ info ] [ PARAM ] array (
  'accessToken' => '1',
  'payment_id' => '201804021924286553',
  'method' => 'trade.pay',
  'pay_app_id' => 'alipayApp',
  'source' => 'custom',
)
[ info ] [ CACHE ] INIT File
[ info ] [ BEHAVIOR ] Run app\common\behavior\Config @app_begin [ RunTime:0.028697s ]
[ info ] [ BEHAVIOR ] Run app\common\behavior\Hook @app_begin [ RunTime:0.049953s ]
[ info ] [ RUN ] app\api\home\Mpay->dopay[ /data/httpd/daguan/application/api/home/Mpay.php ]
[ info ] [ DB ] INIT mysql
[ info ] [ LOG ] INIT File
[ sql ] [ DB ] CONNECT:[ UseTime:0.002956s ] mysql:host=127.0.0.1;port=3306;dbname=daguan;charset=utf8
[ sql ] [ SQL ] SHOW COLUMNS FROM `dp_trade` [ RunTime:0.000916s ]
[ sql ] [ SQL ] SELECT * FROM `dp_trade` WHERE  `tid` = '201804021924286553' LIMIT 1 [ RunTime:0.000861s ]
[ error ] [8]Array to string conversion[/data/httpd/daguan/application/api/home/Mpay.php:522]
---------------------------------------------------------------
[ 2018-04-02T20:02:50+08:00 ] 10.0.2.2 GET /api.php/Mpay/dopay?accessToken=1&payment_id=201804021924286553&method=trade.pay&pay_app_id=alipayApp&source=custom
[ info ] zg.daguan.com/api.php/Mpay/dopay?accessToken=1&payment_id=201804021924286553&method=trade.pay&pay_app_id=alipayApp&source=custom [运行时间：0.513173s][吞吐率：1.95req/s] [内存消耗：794.13kb] [文件加载：57]
[ info ] [ LANG ] /data/httpd/daguan/thinkphp/lang/zh-cn.php
[ info ] [ ROUTE ] array (
  'type' => 'module',
  'module' => 
  array (
    0 => 'api',
    1 => 'Mpay',
    2 => 'dopay',
  ),
)
[ info ] [ HEADER ] array (
  'host' => 'zg.daguan.com',
  'connection' => 'keep-alive',
  'cache-control' => 'max-age=0',
  'upgrade-insecure-requests' => '1',
  'user-agent' => 'Mozilla/5.0 (Macintosh; Intel Mac OS X 10_12_5) AppleWebKit/537.36 (KHTML, like Gecko) Chrome/65.0.3325.181 Safari/537.36',
  'accept' => 'text/html,application/xhtml+xml,application/xml;q=0.9,image/webp,image/apng,*/*;q=0.8',
  'accept-encoding' => 'gzip, deflate',
  'accept-language' => 'zh-CN,zh;q=0.9,en;q=0.8',
  'cookie' => '__utma=20928819.1559574946.1520434694.1520434694.1520434694.1; __utmz=20928819.1520434694.1.1.utmcsr=(direct)|utmccn=(direct)|utmcmd=(none); Hm_lvt_601c92cd729f5d300329945382cb791f=1520434694; Hm_lvt_c3d6eaa135e0c7778dc8a6c73a86db89=1520434694; UM_distinctid=16200f84991461-097a858aec44ca-163f6657-13c680-16200f849953e0; CNZZDATA1254779168=543334044-1520434408-%7C1520434408; OUTFOX_SEARCH_USER_ID_NCOO=1789161781.1770723; PHPSESSID=3ecsfomqsu3q0ifddm1s95c682',
  'content-type' => '',
  'content-length' => '',
)
[ info ] [ PARAM ] array (
  'accessToken' => '1',
  'payment_id' => '201804021924286553',
  'method' => 'trade.pay',
  'pay_app_id' => 'alipayApp',
  'source' => 'custom',
)
[ info ] [ CACHE ] INIT File
[ info ] [ BEHAVIOR ] Run app\common\behavior\Config @app_begin [ RunTime:0.033745s ]
[ info ] [ BEHAVIOR ] Run app\common\behavior\Hook @app_begin [ RunTime:0.048566s ]
[ info ] [ RUN ] app\api\home\Mpay->dopay[ /data/httpd/daguan/application/api/home/Mpay.php ]
[ info ] [ DB ] INIT mysql
[ info ] [ LOG ] INIT File
[ sql ] [ DB ] CONNECT:[ UseTime:0.002851s ] mysql:host=127.0.0.1;port=3306;dbname=daguan;charset=utf8
[ sql ] [ SQL ] SHOW COLUMNS FROM `dp_trade` [ RunTime:0.004007s ]
[ sql ] [ SQL ] SELECT * FROM `dp_trade` WHERE  `tid` = '201804021924286553' LIMIT 1 [ RunTime:0.000437s ]
[ error ] [2]substr() expects parameter 1 to be string, array given[/data/httpd/daguan/application/api/home/Mpay.php:518]
---------------------------------------------------------------
[ 2018-04-02T20:16:42+08:00 ] 10.0.2.2 GET /api.php/Mpay/dopay?accessToken=1&payment_id=201804021924286553&method=trade.pay&pay_app_id=alipayApp&source=custom
[ info ] zg.daguan.com/api.php/Mpay/dopay?accessToken=1&payment_id=201804021924286553&method=trade.pay&pay_app_id=alipayApp&source=custom [运行时间：0.394576s][吞吐率：2.53req/s] [内存消耗：486.05kb] [文件加载：49]
[ info ] [ LANG ] /data/httpd/daguan/thinkphp/lang/zh-cn.php
[ info ] [ ROUTE ] array (
  'type' => 'module',
  'module' => 
  array (
    0 => 'api',
    1 => 'Mpay',
    2 => 'dopay',
  ),
)
[ info ] [ HEADER ] array (
  'host' => 'zg.daguan.com',
  'connection' => 'keep-alive',
  'cache-control' => 'max-age=0',
  'upgrade-insecure-requests' => '1',
  'user-agent' => 'Mozilla/5.0 (Macintosh; Intel Mac OS X 10_12_5) AppleWebKit/537.36 (KHTML, like Gecko) Chrome/65.0.3325.181 Safari/537.36',
  'accept' => 'text/html,application/xhtml+xml,application/xml;q=0.9,image/webp,image/apng,*/*;q=0.8',
  'accept-encoding' => 'gzip, deflate',
  'accept-language' => 'zh-CN,zh;q=0.9,en;q=0.8',
  'cookie' => '__utma=20928819.1559574946.1520434694.1520434694.1520434694.1; __utmz=20928819.1520434694.1.1.utmcsr=(direct)|utmccn=(direct)|utmcmd=(none); Hm_lvt_601c92cd729f5d300329945382cb791f=1520434694; Hm_lvt_c3d6eaa135e0c7778dc8a6c73a86db89=1520434694; UM_distinctid=16200f84991461-097a858aec44ca-163f6657-13c680-16200f849953e0; CNZZDATA1254779168=543334044-1520434408-%7C1520434408; OUTFOX_SEARCH_USER_ID_NCOO=1789161781.1770723; PHPSESSID=3ecsfomqsu3q0ifddm1s95c682',
  'content-type' => '',
  'content-length' => '',
)
[ info ] [ PARAM ] array (
  'accessToken' => '1',
  'payment_id' => '201804021924286553',
  'method' => 'trade.pay',
  'pay_app_id' => 'alipayApp',
  'source' => 'custom',
)
[ info ] [ CACHE ] INIT File
[ info ] [ BEHAVIOR ] Run app\common\behavior\Config @app_begin [ RunTime:0.036350s ]
[ info ] [ BEHAVIOR ] Run app\common\behavior\Hook @app_begin [ RunTime:0.042207s ]
[ info ] [ LOG ] INIT File
[ error ] [4]语法错误: unexpected ';', expecting ')'[/data/httpd/daguan/application/api/home/Mpay.php:27]
---------------------------------------------------------------
[ 2018-04-02T20:16:55+08:00 ] 10.0.2.2 GET /api.php/Mpay/dopay?accessToken=1&payment_id=201804021924286553&method=trade.pay&pay_app_id=alipayApp&source=custom
[ info ] zg.daguan.com/api.php/Mpay/dopay?accessToken=1&payment_id=201804021924286553&method=trade.pay&pay_app_id=alipayApp&source=custom [运行时间：0.479580s][吞吐率：2.09req/s] [内存消耗：490.55kb] [文件加载：51]
[ info ] [ LANG ] /data/httpd/daguan/thinkphp/lang/zh-cn.php
[ info ] [ ROUTE ] array (
  'type' => 'module',
  'module' => 
  array (
    0 => 'api',
    1 => 'Mpay',
    2 => 'dopay',
  ),
)
[ info ] [ HEADER ] array (
  'host' => 'zg.daguan.com',
  'connection' => 'keep-alive',
  'cache-control' => 'max-age=0',
  'upgrade-insecure-requests' => '1',
  'user-agent' => 'Mozilla/5.0 (Macintosh; Intel Mac OS X 10_12_5) AppleWebKit/537.36 (KHTML, like Gecko) Chrome/65.0.3325.181 Safari/537.36',
  'accept' => 'text/html,application/xhtml+xml,application/xml;q=0.9,image/webp,image/apng,*/*;q=0.8',
  'accept-encoding' => 'gzip, deflate',
  'accept-language' => 'zh-CN,zh;q=0.9,en;q=0.8',
  'cookie' => '__utma=20928819.1559574946.1520434694.1520434694.1520434694.1; __utmz=20928819.1520434694.1.1.utmcsr=(direct)|utmccn=(direct)|utmcmd=(none); Hm_lvt_601c92cd729f5d300329945382cb791f=1520434694; Hm_lvt_c3d6eaa135e0c7778dc8a6c73a86db89=1520434694; UM_distinctid=16200f84991461-097a858aec44ca-163f6657-13c680-16200f849953e0; CNZZDATA1254779168=543334044-1520434408-%7C1520434408; OUTFOX_SEARCH_USER_ID_NCOO=1789161781.1770723; PHPSESSID=3ecsfomqsu3q0ifddm1s95c682',
  'content-type' => '',
  'content-length' => '',
)
[ info ] [ PARAM ] array (
  'accessToken' => '1',
  'payment_id' => '201804021924286553',
  'method' => 'trade.pay',
  'pay_app_id' => 'alipayApp',
  'source' => 'custom',
)
[ info ] [ CACHE ] INIT File
[ info ] [ BEHAVIOR ] Run app\common\behavior\Config @app_begin [ RunTime:0.038151s ]
[ info ] [ BEHAVIOR ] Run app\common\behavior\Hook @app_begin [ RunTime:0.061830s ]
[ info ] [ RUN ] app\api\home\Mpay->dopay[ /data/httpd/daguan/application/api/home/Mpay.php ]
[ info ] [ LOG ] INIT File
[ error ] [1]Class 'AlipayTradeWapPayContentBuilder' not found[/data/httpd/daguan/application/api/home/Mpay.php:63]
---------------------------------------------------------------
[ 2018-04-02T20:17:19+08:00 ] 10.0.2.2 GET /api.php/Mpay/dopay?accessToken=1&payment_id=201804021924286553&method=trade.pay&pay_app_id=alipayApp&source=custom
[ info ] zg.daguan.com/api.php/Mpay/dopay?accessToken=1&payment_id=201804021924286553&method=trade.pay&pay_app_id=alipayApp&source=custom [运行时间：0.271338s][吞吐率：3.69req/s] [内存消耗：492.94kb] [文件加载：51]
[ info ] [ LANG ] /data/httpd/daguan/thinkphp/lang/zh-cn.php
[ info ] [ ROUTE ] array (
  'type' => 'module',
  'module' => 
  array (
    0 => 'api',
    1 => 'Mpay',
    2 => 'dopay',
  ),
)
[ info ] [ HEADER ] array (
  'host' => 'zg.daguan.com',
  'connection' => 'keep-alive',
  'cache-control' => 'max-age=0',
  'upgrade-insecure-requests' => '1',
  'user-agent' => 'Mozilla/5.0 (Macintosh; Intel Mac OS X 10_12_5) AppleWebKit/537.36 (KHTML, like Gecko) Chrome/65.0.3325.181 Safari/537.36',
  'accept' => 'text/html,application/xhtml+xml,application/xml;q=0.9,image/webp,image/apng,*/*;q=0.8',
  'accept-encoding' => 'gzip, deflate',
  'accept-language' => 'zh-CN,zh;q=0.9,en;q=0.8',
  'cookie' => '__utma=20928819.1559574946.1520434694.1520434694.1520434694.1; __utmz=20928819.1520434694.1.1.utmcsr=(direct)|utmccn=(direct)|utmcmd=(none); Hm_lvt_601c92cd729f5d300329945382cb791f=1520434694; Hm_lvt_c3d6eaa135e0c7778dc8a6c73a86db89=1520434694; UM_distinctid=16200f84991461-097a858aec44ca-163f6657-13c680-16200f849953e0; CNZZDATA1254779168=543334044-1520434408-%7C1520434408; OUTFOX_SEARCH_USER_ID_NCOO=1789161781.1770723; PHPSESSID=3ecsfomqsu3q0ifddm1s95c682',
  'content-type' => '',
  'content-length' => '',
)
[ info ] [ PARAM ] array (
  'accessToken' => '1',
  'payment_id' => '201804021924286553',
  'method' => 'trade.pay',
  'pay_app_id' => 'alipayApp',
  'source' => 'custom',
)
[ info ] [ CACHE ] INIT File
[ info ] [ BEHAVIOR ] Run app\common\behavior\Config @app_begin [ RunTime:0.018371s ]
[ info ] [ BEHAVIOR ] Run app\common\behavior\Hook @app_begin [ RunTime:0.028463s ]
[ info ] [ RUN ] app\api\home\Mpay->dopay[ /data/httpd/daguan/application/api/home/Mpay.php ]
[ info ] [ LOG ] INIT File
[ error ] [1]Class 'AlipayTradeWapPayContentBuilder' not found[/data/httpd/daguan/application/api/home/Mpay.php:64]
---------------------------------------------------------------
[ 2018-04-02T20:17:52+08:00 ] 10.0.2.2 GET /api.php/Mpay/dopay?accessToken=1&payment_id=201804021924286553&method=trade.pay&pay_app_id=alipayApp&source=custom
[ info ] zg.daguan.com/api.php/Mpay/dopay?accessToken=1&payment_id=201804021924286553&method=trade.pay&pay_app_id=alipayApp&source=custom [运行时间：0.307822s][吞吐率：3.25req/s] [内存消耗：505.68kb] [文件加载：50]
[ info ] [ LANG ] /data/httpd/daguan/thinkphp/lang/zh-cn.php
[ info ] [ ROUTE ] array (
  'type' => 'module',
  'module' => 
  array (
    0 => 'api',
    1 => 'Mpay',
    2 => 'dopay',
  ),
)
[ info ] [ HEADER ] array (
  'host' => 'zg.daguan.com',
  'connection' => 'keep-alive',
  'cache-control' => 'max-age=0',
  'upgrade-insecure-requests' => '1',
  'user-agent' => 'Mozilla/5.0 (Macintosh; Intel Mac OS X 10_12_5) AppleWebKit/537.36 (KHTML, like Gecko) Chrome/65.0.3325.181 Safari/537.36',
  'accept' => 'text/html,application/xhtml+xml,application/xml;q=0.9,image/webp,image/apng,*/*;q=0.8',
  'accept-encoding' => 'gzip, deflate',
  'accept-language' => 'zh-CN,zh;q=0.9,en;q=0.8',
  'cookie' => '__utma=20928819.1559574946.1520434694.1520434694.1520434694.1; __utmz=20928819.1520434694.1.1.utmcsr=(direct)|utmccn=(direct)|utmcmd=(none); Hm_lvt_601c92cd729f5d300329945382cb791f=1520434694; Hm_lvt_c3d6eaa135e0c7778dc8a6c73a86db89=1520434694; UM_distinctid=16200f84991461-097a858aec44ca-163f6657-13c680-16200f849953e0; CNZZDATA1254779168=543334044-1520434408-%7C1520434408; OUTFOX_SEARCH_USER_ID_NCOO=1789161781.1770723; PHPSESSID=3ecsfomqsu3q0ifddm1s95c682',
  'content-type' => '',
  'content-length' => '',
)
[ info ] [ PARAM ] array (
  'accessToken' => '1',
  'payment_id' => '201804021924286553',
  'method' => 'trade.pay',
  'pay_app_id' => 'alipayApp',
  'source' => 'custom',
)
[ info ] [ CACHE ] INIT File
[ info ] [ BEHAVIOR ] Run app\common\behavior\Config @app_begin [ RunTime:0.023101s ]
[ info ] [ BEHAVIOR ] Run app\common\behavior\Hook @app_begin [ RunTime:0.032402s ]
[ info ] [ LOG ] INIT File
[ error ] [64]main(): Failed opening required '/data/httpd/daguan/application/api/home/service/AlipayTradeService.php' (include_path='.:')[/data/httpd/daguan/application/api/home/Mpay.php:9]
---------------------------------------------------------------
[ 2018-04-02T20:18:28+08:00 ] 10.0.2.2 GET /api.php/Mpay/dopay?accessToken=1&payment_id=201804021924286553&method=trade.pay&pay_app_id=alipayApp&source=custom
[ info ] zg.daguan.com/api.php/Mpay/dopay?accessToken=1&payment_id=201804021924286553&method=trade.pay&pay_app_id=alipayApp&source=custom [运行时间：0.452301s][吞吐率：2.21req/s] [内存消耗：490.55kb] [文件加载：51]
[ info ] [ LANG ] /data/httpd/daguan/thinkphp/lang/zh-cn.php
[ info ] [ ROUTE ] array (
  'type' => 'module',
  'module' => 
  array (
    0 => 'api',
    1 => 'Mpay',
    2 => 'dopay',
  ),
)
[ info ] [ HEADER ] array (
  'host' => 'zg.daguan.com',
  'connection' => 'keep-alive',
  'cache-control' => 'max-age=0',
  'upgrade-insecure-requests' => '1',
  'user-agent' => 'Mozilla/5.0 (Macintosh; Intel Mac OS X 10_12_5) AppleWebKit/537.36 (KHTML, like Gecko) Chrome/65.0.3325.181 Safari/537.36',
  'accept' => 'text/html,application/xhtml+xml,application/xml;q=0.9,image/webp,image/apng,*/*;q=0.8',
  'accept-encoding' => 'gzip, deflate',
  'accept-language' => 'zh-CN,zh;q=0.9,en;q=0.8',
  'cookie' => '__utma=20928819.1559574946.1520434694.1520434694.1520434694.1; __utmz=20928819.1520434694.1.1.utmcsr=(direct)|utmccn=(direct)|utmcmd=(none); Hm_lvt_601c92cd729f5d300329945382cb791f=1520434694; Hm_lvt_c3d6eaa135e0c7778dc8a6c73a86db89=1520434694; UM_distinctid=16200f84991461-097a858aec44ca-163f6657-13c680-16200f849953e0; CNZZDATA1254779168=543334044-1520434408-%7C1520434408; OUTFOX_SEARCH_USER_ID_NCOO=1789161781.1770723; PHPSESSID=3ecsfomqsu3q0ifddm1s95c682',
  'content-type' => '',
  'content-length' => '',
)
[ info ] [ PARAM ] array (
  'accessToken' => '1',
  'payment_id' => '201804021924286553',
  'method' => 'trade.pay',
  'pay_app_id' => 'alipayApp',
  'source' => 'custom',
)
[ info ] [ CACHE ] INIT File
[ info ] [ BEHAVIOR ] Run app\common\behavior\Config @app_begin [ RunTime:0.035221s ]
[ info ] [ BEHAVIOR ] Run app\common\behavior\Hook @app_begin [ RunTime:0.043538s ]
[ info ] [ RUN ] app\api\home\Mpay->dopay[ /data/httpd/daguan/application/api/home/Mpay.php ]
[ info ] [ LOG ] INIT File
[ error ] [1]Class 'AlipayTradeWapPayContentBuilder' not found[/data/httpd/daguan/application/api/home/Mpay.php:63]
---------------------------------------------------------------
[ 2018-04-02T20:25:49+08:00 ] 10.0.2.2 GET /api.php/Mpay/dopay?accessToken=1&payment_id=201804021924286553&method=trade.pay&pay_app_id=alipayApp&source=custom
[ info ] zg.daguan.com/api.php/Mpay/dopay?accessToken=1&payment_id=201804021924286553&method=trade.pay&pay_app_id=alipayApp&source=custom [运行时间：0.719395s][吞吐率：1.39req/s] [内存消耗：664.76kb] [文件加载：57]
[ info ] [ LANG ] /data/httpd/daguan/thinkphp/lang/zh-cn.php
[ info ] [ ROUTE ] array (
  'type' => 'module',
  'module' => 
  array (
    0 => 'api',
    1 => 'Mpay',
    2 => 'dopay',
  ),
)
[ info ] [ HEADER ] array (
  'host' => 'zg.daguan.com',
  'connection' => 'keep-alive',
  'cache-control' => 'max-age=0',
  'upgrade-insecure-requests' => '1',
  'user-agent' => 'Mozilla/5.0 (Macintosh; Intel Mac OS X 10_12_5) AppleWebKit/537.36 (KHTML, like Gecko) Chrome/65.0.3325.181 Safari/537.36',
  'accept' => 'text/html,application/xhtml+xml,application/xml;q=0.9,image/webp,image/apng,*/*;q=0.8',
  'accept-encoding' => 'gzip, deflate',
  'accept-language' => 'zh-CN,zh;q=0.9,en;q=0.8',
  'cookie' => '__utma=20928819.1559574946.1520434694.1520434694.1520434694.1; __utmz=20928819.1520434694.1.1.utmcsr=(direct)|utmccn=(direct)|utmcmd=(none); Hm_lvt_601c92cd729f5d300329945382cb791f=1520434694; Hm_lvt_c3d6eaa135e0c7778dc8a6c73a86db89=1520434694; UM_distinctid=16200f84991461-097a858aec44ca-163f6657-13c680-16200f849953e0; CNZZDATA1254779168=543334044-1520434408-%7C1520434408; OUTFOX_SEARCH_USER_ID_NCOO=1789161781.1770723; PHPSESSID=3ecsfomqsu3q0ifddm1s95c682',
  'content-type' => '',
  'content-length' => '',
)
[ info ] [ PARAM ] array (
  'accessToken' => '1',
  'payment_id' => '201804021924286553',
  'method' => 'trade.pay',
  'pay_app_id' => 'alipayApp',
  'source' => 'custom',
)
[ info ] [ CACHE ] INIT File
[ info ] [ BEHAVIOR ] Run app\common\behavior\Config @app_begin [ RunTime:0.051901s ]
[ info ] [ BEHAVIOR ] Run app\common\behavior\Hook @app_begin [ RunTime:0.062288s ]
[ info ] [ RUN ] app\api\home\Mpay->dopay[ /data/httpd/daguan/application/api/home/Mpay.php ]
[ info ] [ DB ] INIT mysql
[ info ] [ LOG ] INIT File
[ sql ] [ DB ] CONNECT:[ UseTime:0.000228s ] mysql:host=127.0.0.1;port=3306;dbname=daguan;charset=utf8
[ sql ] [ SQL ] SHOW COLUMNS FROM `dp_trade` [ RunTime:0.002132s ]
[ sql ] [ SQL ] SELECT * FROM `dp_trade` WHERE  `tid` = '201804021924286553' LIMIT 1 [ RunTime:0.000789s ]
[ error ] [2]substr() expects parameter 1 to be string, array given[/data/httpd/daguan/application/api/home/Mpay.php:518]
