---------------------------------------------------------------
[ 2018-04-16T15:17:40+08:00 ] 10.0.2.2 GET /
[ info ] zg.daguan.com/ [运行时间：1.146567s][吞吐率：0.87req/s] [内存消耗：530.58kb] [文件加载：53]
[ info ] [ LANG ] /data/httpd/daguan/thinkphp/lang/zh-cn.php
[ info ] [ ROUTE ] array (
  'type' => 'module',
  'module' => 
  array (
    0 => '',
    1 => NULL,
    2 => NULL,
  ),
)
[ info ] [ HEADER ] array (
  'host' => 'zg.daguan.com',
  'upgrade-insecure-requests' => '1',
  'accept' => 'text/html,application/xhtml+xml,application/xml;q=0.9,*/*;q=0.8',
  'user-agent' => 'Mozilla/5.0 (Macintosh; Intel Mac OS X 10_12_5) AppleWebKit/603.2.4 (KHTML, like Gecko) Version/10.1.1 Safari/603.2.4',
  'accept-language' => 'zh-cn',
  'accept-encoding' => 'gzip, deflate',
  'connection' => 'keep-alive',
  'content-type' => '',
  'content-length' => '',
)
[ info ] [ PARAM ] array (
)
[ info ] [ CACHE ] INIT File
[ info ] [ BEHAVIOR ] Run app\common\behavior\Config @app_begin [ RunTime:0.076218s ]
[ info ] [ BEHAVIOR ] Run app\common\behavior\Hook @app_begin [ RunTime:0.128122s ]
[ info ] [ LOG ] INIT File
---------------------------------------------------------------
[ 2018-04-16T19:09:35+08:00 ] 10.0.2.2 GET /shop.php
[ info ] zg.daguan.com/shop.php [运行时间：1.931422s][吞吐率：0.52req/s] [内存消耗：921.55kb] [文件加载：68]
[ info ] [ LANG ] /data/httpd/daguan/thinkphp/lang/zh-cn.php
[ info ] [ ROUTE ] array (
  'type' => 'module',
  'module' => 
  array (
    0 => 'shop',
    1 => NULL,
    2 => NULL,
  ),
)
[ info ] [ HEADER ] array (
  'host' => 'zg.daguan.com',
  'connection' => 'keep-alive',
  'upgrade-insecure-requests' => '1',
  'user-agent' => 'Mozilla/5.0 (Macintosh; Intel Mac OS X 10_12_5) AppleWebKit/537.36 (KHTML, like Gecko) Chrome/65.0.3325.181 Safari/537.36',
  'accept' => 'text/html,application/xhtml+xml,application/xml;q=0.9,image/webp,image/apng,*/*;q=0.8',
  'accept-encoding' => 'gzip, deflate',
  'accept-language' => 'zh-CN,zh;q=0.9,en;q=0.8',
  'cookie' => '__utma=20928819.1559574946.1520434694.1520434694.1520434694.1; __utmz=20928819.1520434694.1.1.utmcsr=(direct)|utmccn=(direct)|utmcmd=(none); Hm_lvt_601c92cd729f5d300329945382cb791f=1520434694; Hm_lvt_c3d6eaa135e0c7778dc8a6c73a86db89=1520434694; UM_distinctid=16200f84991461-097a858aec44ca-163f6657-13c680-16200f849953e0; CNZZDATA1254779168=543334044-1520434408-%7C1520434408; OUTFOX_SEARCH_USER_ID_NCOO=1789161781.1770723; PHPSESSID=3ecsfomqsu3q0ifddm1s95c682; dolphin_home___forward__=%2Fadmin.php%2Fcms%2Fagency%2Findex.html',
  'content-type' => '',
  'content-length' => '',
)
[ info ] [ PARAM ] array (
)
[ info ] [ CACHE ] INIT File
[ info ] [ BEHAVIOR ] Run app\common\behavior\Config @app_begin [ RunTime:0.056975s ]
[ info ] [ BEHAVIOR ] Run app\common\behavior\Hook @app_begin [ RunTime:0.090959s ]
[ info ] [ SESSION ] INIT array (
  'id' => '',
  'var_session_id' => '',
  'prefix' => 'dolphin_admin_',
  'type' => '',
  'auto_start' => true,
)
[ info ] [ DB ] INIT mysql
[ info ] [ RUN ] app\shop\controller\Index->index[ /data/httpd/daguan/application/shop/controller/Index.php ]
[ info ] [ LOG ] INIT File
[ sql ] [ DB ] CONNECT:[ UseTime:0.024169s ] mysql:host=127.0.0.1;port=3306;dbname=daguan;charset=utf8
[ sql ] [ SQL ] SHOW COLUMNS FROM `dp_shop_role` [ RunTime:0.024684s ]
[ sql ] [ SQL ] SELECT `menu_auth` FROM `dp_shop_role` WHERE  `id` = 1 LIMIT 1 [ RunTime:0.005525s ]
[ sql ] [ SQL ] SHOW COLUMNS FROM `dp_shop_menu` [ RunTime:0.049595s ]
[ sql ] [ SQL ] SELECT `id`,`url_value` FROM `dp_shop_menu` WHERE  `id` = 0 [ RunTime:0.000463s ]
[ sql ] [ SQL ] SELECT `id` FROM `dp_shop_menu` WHERE  `pid` <> 0  AND `url_value` = 'shop/menu/index' LIMIT 1 [ RunTime:0.007759s ]
[ sql ] [ SQL ] SELECT `id`,`pid`,`title`,`url_value` FROM `dp_shop_menu` [ RunTime:0.000586s ]
[ sql ] [ SQL ] SELECT `id`,`pid`,`module`,`title`,`url_value`,`url_type`,`url_target`,`icon`,`params` FROM `dp_shop_menu` WHERE  `status` = 1  AND `module` = 'shop'  AND `online_hide` = 0 ORDER BY sort,id [ RunTime:0.003700s ]
[ sql ] [ SQL ] SHOW COLUMNS FROM `dp_shop_config` [ RunTime:0.008882s ]
[ sql ] [ SQL ] SELECT `value` FROM `dp_shop_config` WHERE  `id` = 1 LIMIT 1 [ RunTime:0.003952s ]
---------------------------------------------------------------
[ 2018-04-16T19:09:36+08:00 ] 10.0.2.2 GET /shop.php/log/index.html
[ info ] zg.daguan.com/shop.php/log/index.html [运行时间：0.806076s][吞吐率：1.24req/s] [内存消耗：1,521.23kb] [文件加载：75]
[ info ] [ LANG ] /data/httpd/daguan/thinkphp/lang/zh-cn.php
[ info ] [ ROUTE ] array (
  'type' => 'module',
  'module' => 
  array (
    0 => 'shop',
    1 => 'log',
    2 => 'index',
  ),
)
[ info ] [ HEADER ] array (
  'host' => 'zg.daguan.com',
  'connection' => 'keep-alive',
  'upgrade-insecure-requests' => '1',
  'user-agent' => 'Mozilla/5.0 (Macintosh; Intel Mac OS X 10_12_5) AppleWebKit/537.36 (KHTML, like Gecko) Chrome/65.0.3325.181 Safari/537.36',
  'accept' => 'text/html,application/xhtml+xml,application/xml;q=0.9,image/webp,image/apng,*/*;q=0.8',
  'accept-encoding' => 'gzip, deflate',
  'accept-language' => 'zh-CN,zh;q=0.9,en;q=0.8',
  'cookie' => '__utma=20928819.1559574946.1520434694.1520434694.1520434694.1; __utmz=20928819.1520434694.1.1.utmcsr=(direct)|utmccn=(direct)|utmcmd=(none); Hm_lvt_601c92cd729f5d300329945382cb791f=1520434694; Hm_lvt_c3d6eaa135e0c7778dc8a6c73a86db89=1520434694; UM_distinctid=16200f84991461-097a858aec44ca-163f6657-13c680-16200f849953e0; CNZZDATA1254779168=543334044-1520434408-%7C1520434408; OUTFOX_SEARCH_USER_ID_NCOO=1789161781.1770723; PHPSESSID=3ecsfomqsu3q0ifddm1s95c682; dolphin_home___forward__=%2Fadmin.php%2Fcms%2Fagency%2Findex.html',
  'content-type' => '',
  'content-length' => '',
)
[ info ] [ PARAM ] array (
)
[ info ] [ CACHE ] INIT File
[ info ] [ BEHAVIOR ] Run app\common\behavior\Config @app_begin [ RunTime:0.022558s ]
[ info ] [ BEHAVIOR ] Run app\common\behavior\Hook @app_begin [ RunTime:0.019930s ]
[ info ] [ SESSION ] INIT array (
  'id' => '',
  'var_session_id' => '',
  'prefix' => 'dolphin_admin_',
  'type' => '',
  'auto_start' => true,
)
[ info ] [ DB ] INIT mysql
[ info ] [ RUN ] app\shop\controller\Log->index[ /data/httpd/daguan/application/shop/controller/Log.php ]
[ info ] [ VIEW ] /data/httpd/daguan/public/../application/common/builder/table/layout.html [ array (
  0 => '_admin_base_layout',
  1 => 'system_color',
  2 => '_pop',
  3 => '_module',
  4 => '_top_menus',
  5 => '_top_menus_all',
  6 => '_sidebar_menus',
  7 => '_location',
  8 => 'aside',
  9 => 'page_title',
  10 => 'page_tips',
  11 => 'tips_type',
  12 => 'tab_nav',
  13 => 'hide_checkbox',
  14 => 'extra_html',
  15 => 'extra_js',
  16 => 'extra_css',
  17 => 'order_columns',
  18 => 'filter_columns',
  19 => 'filter_map',
  20 => '_field_display',
  21 => '_filter_content',
  22 => '_filter',
  23 => 'top_buttons',
  24 => 'right_buttons',
  25 => 'search',
  26 => 'search_button',
  27 => 'columns',
  28 => 'pages',
  29 => 'row_list',
  30 => '_page_info',
  31 => 'primary_key',
  32 => '_table',
  33 => 'js_list',
  34 => 'css_list',
  35 => 'validate',
  36 => '_js_files',
  37 => '_css_files',
  38 => '_select_list',
  39 => '_filter_time',
  40 => 'empty_tips',
  41 => '_search_area',
  42 => '_search_area_url',
  43 => '_search_area_op',
) ]
[ info ] [ LOG ] INIT File
[ sql ] [ DB ] CONNECT:[ UseTime:0.003916s ] mysql:host=127.0.0.1;port=3306;dbname=daguan;charset=utf8
[ sql ] [ SQL ] SHOW COLUMNS FROM `dp_shop_role` [ RunTime:0.001440s ]
[ sql ] [ SQL ] SELECT `menu_auth` FROM `dp_shop_role` WHERE  `id` = 1 LIMIT 1 [ RunTime:0.001928s ]
[ sql ] [ SQL ] SHOW COLUMNS FROM `dp_shop_menu` [ RunTime:0.000871s ]
[ sql ] [ SQL ] SELECT `id`,`url_value` FROM `dp_shop_menu` WHERE  `id` = 0 [ RunTime:0.000232s ]
[ sql ] [ SQL ] SELECT `id` FROM `dp_shop_menu` WHERE  `pid` <> 0  AND `url_value` = 'shop/log/index' LIMIT 1 [ RunTime:0.002433s ]
[ sql ] [ SQL ] SELECT `id`,`pid`,`title`,`url_value` FROM `dp_shop_menu` [ RunTime:0.000516s ]
[ sql ] [ SQL ] SELECT `id`,`pid`,`module`,`title`,`url_value`,`url_type`,`url_target`,`icon`,`params` FROM `dp_shop_menu` WHERE  `status` = 1  AND `module` = 'shop'  AND `online_hide` = 0 ORDER BY sort,id [ RunTime:0.000822s ]
[ sql ] [ SQL ] SHOW COLUMNS FROM `dp_shop_config` [ RunTime:0.001105s ]
[ sql ] [ SQL ] SELECT `value` FROM `dp_shop_config` WHERE  `id` = 1 LIMIT 1 [ RunTime:0.000995s ]
[ sql ] [ SQL ] SHOW COLUMNS FROM `dp_shop_log` [ RunTime:0.028217s ]
[ sql ] [ SQL ] SELECT COUNT(*) AS tp_count FROM `dp_shop_log` `shop_log` LEFT JOIN `dp_shop_action` `shop_action` ON `shop_action`.`id`=`shop_log`.`action_id` LEFT JOIN `dp_shop_user` `shop_user` ON `shop_user`.`id`=`shop_log`.`user_id` INNER JOIN `dp_shop_module` `shop_module` ON `shop_module`.`name`=`shop_action`.`module` LIMIT 1 [ RunTime:0.097166s ]
[ sql ] [ SQL ] SELECT `shop_log`.*,`shop_action`.`title`,`shop_action`.`module`,`shop_user`.`username`,`shop_module`.`title` AS `module_title` FROM `dp_shop_log` `shop_log` LEFT JOIN `dp_shop_action` `shop_action` ON `shop_action`.`id`=`shop_log`.`action_id` LEFT JOIN `dp_shop_user` `shop_user` ON `shop_user`.`id`=`shop_log`.`user_id` INNER JOIN `dp_shop_module` `shop_module` ON `shop_module`.`name`=`shop_action`.`module` ORDER BY shop_log.id desc LIMIT 0,20 [ RunTime:0.004400s ]
[ sql ] [ SQL ] SELECT * FROM `dp_shop_menu` WHERE  `url_value` = 'shop/log/edit' LIMIT 1 [ RunTime:0.000567s ]
[ sql ] [ SQL ] SHOW COLUMNS FROM `dp_admin_user` [ RunTime:0.022192s ]
[ sql ] [ SQL ] SELECT `avatar` FROM `dp_admin_user` WHERE  `id` = 1 LIMIT 1 [ RunTime:0.002992s ]
[ sql ] [ SQL ] SHOW COLUMNS FROM `dp_admin_attachment` [ RunTime:0.020458s ]
[ sql ] [ SQL ] SELECT * FROM `dp_admin_attachment` WHERE  `id` = 4 LIMIT 1 [ RunTime:0.003281s ]
[ sql ] [ SQL ] SELECT * FROM `dp_admin_attachment` WHERE  `id` = 3 LIMIT 1 [ RunTime:0.000470s ]
[ sql ] [ SQL ] SELECT * FROM `dp_admin_attachment` WHERE  `id` = 2 LIMIT 1 [ RunTime:0.000378s ]
[ sql ] [ SQL ] SELECT `avatar` FROM `dp_admin_user` WHERE  `id` = 1 LIMIT 1 [ RunTime:0.000281s ]
[ sql ] [ SQL ] SELECT * FROM `dp_admin_attachment` WHERE  `id` = 4 LIMIT 1 [ RunTime:0.001060s ]
---------------------------------------------------------------
[ 2018-04-16T19:10:36+08:00 ] 10.0.2.2 GET /api.php?method=user.updatepreference&source=custom&account=18321271831&pid=9&isActive=1
[ info ] zg.daguan.com/api.php?method=user.updatepreference&source=custom&account=18321271831&pid=9&isActive=1 [运行时间：0.440362s][吞吐率：2.27req/s] [内存消耗：668.30kb] [文件加载：50]
[ info ] [ LANG ] /data/httpd/daguan/thinkphp/lang/zh-cn.php
[ info ] [ ROUTE ] array (
  'type' => 'module',
  'module' => 
  array (
    0 => 'api',
    1 => NULL,
    2 => NULL,
  ),
)
[ info ] [ HEADER ] array (
  'host' => 'zg.daguan.com',
  'connection' => 'keep-alive',
  'upgrade-insecure-requests' => '1',
  'user-agent' => 'Mozilla/5.0 (Macintosh; Intel Mac OS X 10_12_5) AppleWebKit/537.36 (KHTML, like Gecko) Chrome/65.0.3325.181 Safari/537.36',
  'accept' => 'text/html,application/xhtml+xml,application/xml;q=0.9,image/webp,image/apng,*/*;q=0.8',
  'accept-encoding' => 'gzip, deflate',
  'accept-language' => 'zh-CN,zh;q=0.9,en;q=0.8',
  'cookie' => '__utma=20928819.1559574946.1520434694.1520434694.1520434694.1; __utmz=20928819.1520434694.1.1.utmcsr=(direct)|utmccn=(direct)|utmcmd=(none); Hm_lvt_601c92cd729f5d300329945382cb791f=1520434694; Hm_lvt_c3d6eaa135e0c7778dc8a6c73a86db89=1520434694; UM_distinctid=16200f84991461-097a858aec44ca-163f6657-13c680-16200f849953e0; CNZZDATA1254779168=543334044-1520434408-%7C1520434408; OUTFOX_SEARCH_USER_ID_NCOO=1789161781.1770723; PHPSESSID=3ecsfomqsu3q0ifddm1s95c682; dolphin_home___forward__=%2Fadmin.php%2Fcms%2Fagency%2Findex.html',
  'content-type' => '',
  'content-length' => '',
)
[ info ] [ PARAM ] array (
  'method' => 'user.updatepreference',
  'source' => 'custom',
  'account' => '18321271831',
  'pid' => '9',
  'isActive' => '1',
)
[ info ] [ CACHE ] INIT File
[ info ] [ BEHAVIOR ] Run app\common\behavior\Config @app_begin [ RunTime:0.029381s ]
[ info ] [ BEHAVIOR ] Run app\common\behavior\Hook @app_begin [ RunTime:0.044026s ]
[ info ] [ RUN ] app\api\home\Index->index[ /data/httpd/daguan/application/api/home/Index.php ]
[ info ] [ DB ] INIT mysql
[ info ] [ LOG ] INIT File
[ sql ] [ DB ] CONNECT:[ UseTime:0.006968s ] mysql:host=127.0.0.1;port=3306;dbname=daguan;charset=utf8
[ sql ] [ SQL ] SHOW COLUMNS FROM `dp_member` [ RunTime:0.004789s ]
[ sql ] [ SQL ] SELECT * FROM `dp_member` WHERE  `mobile` = '18321271831' LIMIT 1 [ RunTime:0.000370s ]
---------------------------------------------------------------
[ 2018-04-16T19:10:45+08:00 ] 10.0.2.2 GET /api.php?method=user.updatepreference&source=custom&account=18321271831&pid=9&isActive=1
[ info ] zg.daguan.com/api.php?method=user.updatepreference&source=custom&account=18321271831&pid=9&isActive=1 [运行时间：0.482885s][吞吐率：2.07req/s] [内存消耗：1,051.93kb] [文件加载：53]
[ info ] [ LANG ] /data/httpd/daguan/thinkphp/lang/zh-cn.php
[ info ] [ ROUTE ] array (
  'type' => 'module',
  'module' => 
  array (
    0 => 'api',
    1 => NULL,
    2 => NULL,
  ),
)
[ info ] [ HEADER ] array (
  'host' => 'zg.daguan.com',
  'connection' => 'keep-alive',
  'cache-control' => 'max-age=0',
  'upgrade-insecure-requests' => '1',
  'user-agent' => 'Mozilla/5.0 (Macintosh; Intel Mac OS X 10_12_5) AppleWebKit/537.36 (KHTML, like Gecko) Chrome/65.0.3325.181 Safari/537.36',
  'accept' => 'text/html,application/xhtml+xml,application/xml;q=0.9,image/webp,image/apng,*/*;q=0.8',
  'accept-encoding' => 'gzip, deflate',
  'accept-language' => 'zh-CN,zh;q=0.9,en;q=0.8',
  'cookie' => '__utma=20928819.1559574946.1520434694.1520434694.1520434694.1; __utmz=20928819.1520434694.1.1.utmcsr=(direct)|utmccn=(direct)|utmcmd=(none); Hm_lvt_601c92cd729f5d300329945382cb791f=1520434694; Hm_lvt_c3d6eaa135e0c7778dc8a6c73a86db89=1520434694; UM_distinctid=16200f84991461-097a858aec44ca-163f6657-13c680-16200f849953e0; CNZZDATA1254779168=543334044-1520434408-%7C1520434408; OUTFOX_SEARCH_USER_ID_NCOO=1789161781.1770723; PHPSESSID=3ecsfomqsu3q0ifddm1s95c682; dolphin_home___forward__=%2Fadmin.php%2Fcms%2Fagency%2Findex.html',
  'content-type' => '',
  'content-length' => '',
)
[ info ] [ PARAM ] array (
  'method' => 'user.updatepreference',
  'source' => 'custom',
  'account' => '18321271831',
  'pid' => '9',
  'isActive' => '1',
)
[ info ] [ CACHE ] INIT File
[ info ] [ BEHAVIOR ] Run app\common\behavior\Config @app_begin [ RunTime:0.030567s ]
[ info ] [ BEHAVIOR ] Run app\common\behavior\Hook @app_begin [ RunTime:0.039300s ]
[ info ] [ RUN ] app\api\home\Index->index[ /data/httpd/daguan/application/api/home/Index.php ]
[ info ] [ DB ] INIT mysql
[ info ] [ LOG ] INIT File
[ sql ] [ DB ] CONNECT:[ UseTime:0.006592s ] mysql:host=127.0.0.1;port=3306;dbname=daguan;charset=utf8
[ sql ] [ SQL ] SHOW COLUMNS FROM `dp_member` [ RunTime:0.002559s ]
[ sql ] [ SQL ] SELECT * FROM `dp_member` WHERE  `mobile` = '18321271831' LIMIT 1 [ RunTime:0.000518s ]
[ sql ] [ SQL ] UPDATE `dp_member`  SET `preference`='7,9'  WHERE  `username` = '18321271831' [ RunTime:0.003853s ]
---------------------------------------------------------------
[ 2018-04-16T19:11:19+08:00 ] 10.0.2.2 GET /api.php?method=user.updatepreference&source=custom&account=18321271831&pid=9&isActive=false
[ info ] zg.daguan.com/api.php?method=user.updatepreference&source=custom&account=18321271831&pid=9&isActive=false [运行时间：0.586804s][吞吐率：1.70req/s] [内存消耗：644.41kb] [文件加载：53]
[ info ] [ LANG ] /data/httpd/daguan/thinkphp/lang/zh-cn.php
[ info ] [ ROUTE ] array (
  'type' => 'module',
  'module' => 
  array (
    0 => 'api',
    1 => NULL,
    2 => NULL,
  ),
)
[ info ] [ HEADER ] array (
  'host' => 'zg.daguan.com',
  'connection' => 'keep-alive',
  'upgrade-insecure-requests' => '1',
  'user-agent' => 'Mozilla/5.0 (Macintosh; Intel Mac OS X 10_12_5) AppleWebKit/537.36 (KHTML, like Gecko) Chrome/65.0.3325.181 Safari/537.36',
  'accept' => 'text/html,application/xhtml+xml,application/xml;q=0.9,image/webp,image/apng,*/*;q=0.8',
  'accept-encoding' => 'gzip, deflate',
  'accept-language' => 'zh-CN,zh;q=0.9,en;q=0.8',
  'cookie' => '__utma=20928819.1559574946.1520434694.1520434694.1520434694.1; __utmz=20928819.1520434694.1.1.utmcsr=(direct)|utmccn=(direct)|utmcmd=(none); Hm_lvt_601c92cd729f5d300329945382cb791f=1520434694; Hm_lvt_c3d6eaa135e0c7778dc8a6c73a86db89=1520434694; UM_distinctid=16200f84991461-097a858aec44ca-163f6657-13c680-16200f849953e0; CNZZDATA1254779168=543334044-1520434408-%7C1520434408; OUTFOX_SEARCH_USER_ID_NCOO=1789161781.1770723; PHPSESSID=3ecsfomqsu3q0ifddm1s95c682; dolphin_home___forward__=%2Fadmin.php%2Fcms%2Fagency%2Findex.html',
  'content-type' => '',
  'content-length' => '',
)
[ info ] [ PARAM ] array (
  'method' => 'user.updatepreference',
  'source' => 'custom',
  'account' => '18321271831',
  'pid' => '9',
  'isActive' => 'false',
)
[ info ] [ CACHE ] INIT File
[ info ] [ BEHAVIOR ] Run app\common\behavior\Config @app_begin [ RunTime:0.047211s ]
[ info ] [ BEHAVIOR ] Run app\common\behavior\Hook @app_begin [ RunTime:0.044423s ]
[ info ] [ RUN ] app\api\home\Index->index[ /data/httpd/daguan/application/api/home/Index.php ]
[ info ] [ DB ] INIT mysql
[ info ] [ LOG ] INIT File
[ sql ] [ DB ] CONNECT:[ UseTime:0.006583s ] mysql:host=127.0.0.1;port=3306;dbname=daguan;charset=utf8
[ sql ] [ SQL ] SHOW COLUMNS FROM `dp_member` [ RunTime:0.001891s ]
[ sql ] [ SQL ] SELECT * FROM `dp_member` WHERE  `mobile` = '18321271831' LIMIT 1 [ RunTime:0.001178s ]
[ sql ] [ SQL ] UPDATE `dp_member`  SET `preference`='7,9,9'  WHERE  `username` = '18321271831' [ RunTime:0.000450s ]
---------------------------------------------------------------
[ 2018-04-16T19:12:04+08:00 ] 10.0.2.2 GET /api.php?method=user.updatepreference&source=custom&account=18321271831&pid=9&isActive=0
[ info ] zg.daguan.com/api.php?method=user.updatepreference&source=custom&account=18321271831&pid=9&isActive=0 [运行时间：0.431030s][吞吐率：2.32req/s] [内存消耗：640.98kb] [文件加载：53]
[ info ] [ LANG ] /data/httpd/daguan/thinkphp/lang/zh-cn.php
[ info ] [ ROUTE ] array (
  'type' => 'module',
  'module' => 
  array (
    0 => 'api',
    1 => NULL,
    2 => NULL,
  ),
)
[ info ] [ HEADER ] array (
  'host' => 'zg.daguan.com',
  'connection' => 'keep-alive',
  'upgrade-insecure-requests' => '1',
  'user-agent' => 'Mozilla/5.0 (Macintosh; Intel Mac OS X 10_12_5) AppleWebKit/537.36 (KHTML, like Gecko) Chrome/65.0.3325.181 Safari/537.36',
  'accept' => 'text/html,application/xhtml+xml,application/xml;q=0.9,image/webp,image/apng,*/*;q=0.8',
  'accept-encoding' => 'gzip, deflate',
  'accept-language' => 'zh-CN,zh;q=0.9,en;q=0.8',
  'cookie' => '__utma=20928819.1559574946.1520434694.1520434694.1520434694.1; __utmz=20928819.1520434694.1.1.utmcsr=(direct)|utmccn=(direct)|utmcmd=(none); Hm_lvt_601c92cd729f5d300329945382cb791f=1520434694; Hm_lvt_c3d6eaa135e0c7778dc8a6c73a86db89=1520434694; UM_distinctid=16200f84991461-097a858aec44ca-163f6657-13c680-16200f849953e0; CNZZDATA1254779168=543334044-1520434408-%7C1520434408; OUTFOX_SEARCH_USER_ID_NCOO=1789161781.1770723; PHPSESSID=3ecsfomqsu3q0ifddm1s95c682; dolphin_home___forward__=%2Fadmin.php%2Fcms%2Fagency%2Findex.html',
  'content-type' => '',
  'content-length' => '',
)
[ info ] [ PARAM ] array (
  'method' => 'user.updatepreference',
  'source' => 'custom',
  'account' => '18321271831',
  'pid' => '9',
  'isActive' => '0',
)
[ info ] [ CACHE ] INIT File
[ info ] [ BEHAVIOR ] Run app\common\behavior\Config @app_begin [ RunTime:0.029598s ]
[ info ] [ BEHAVIOR ] Run app\common\behavior\Hook @app_begin [ RunTime:0.044038s ]
[ info ] [ RUN ] app\api\home\Index->index[ /data/httpd/daguan/application/api/home/Index.php ]
[ info ] [ DB ] INIT mysql
[ info ] [ LOG ] INIT File
[ sql ] [ DB ] CONNECT:[ UseTime:0.006978s ] mysql:host=127.0.0.1;port=3306;dbname=daguan;charset=utf8
[ sql ] [ SQL ] SHOW COLUMNS FROM `dp_member` [ RunTime:0.001403s ]
[ sql ] [ SQL ] SELECT * FROM `dp_member` WHERE  `mobile` = '18321271831' LIMIT 1 [ RunTime:0.000535s ]
[ sql ] [ SQL ] UPDATE `dp_member`  SET `preference`='7'  WHERE  `username` = '18321271831' [ RunTime:0.000499s ]
