---------------------------------------------------------------
[ 2018-04-30T11:02:10+08:00 ] 10.0.2.2 GET /api.php?method=user.findPassword&source=custom&mobile=18321271831&code=3642&rnewpw=12345678&newpw=12345678
[ info ] zg.daguan.com/api.php?method=user.findPassword&source=custom&mobile=18321271831&code=3642&rnewpw=12345678&newpw=12345678 [运行时间：0.623582s][吞吐率：1.60req/s] [内存消耗：487.26kb] [文件加载：50]
[ info ] [ LANG ] /data/httpd/daguan/thinkphp/lang/zh-cn.php
[ info ] [ ROUTE ] array (
  'type' => 'module',
  'module' => 
  array (
    0 => 'api',
    1 => NULL,
    2 => NULL,
  ),
)
[ info ] [ HEADER ] array (
  'host' => 'zg.daguan.com',
  'connection' => 'keep-alive',
  'upgrade-insecure-requests' => '1',
  'user-agent' => 'Mozilla/5.0 (Macintosh; Intel Mac OS X 10_12_5) AppleWebKit/537.36 (KHTML, like Gecko) Chrome/65.0.3325.181 Safari/537.36',
  'accept' => 'text/html,application/xhtml+xml,application/xml;q=0.9,image/webp,image/apng,*/*;q=0.8',
  'accept-encoding' => 'gzip, deflate',
  'accept-language' => 'zh-CN,zh;q=0.9,en;q=0.8',
  'cookie' => '__utma=20928819.1559574946.1520434694.1520434694.1520434694.1; __utmz=20928819.1520434694.1.1.utmcsr=(direct)|utmccn=(direct)|utmcmd=(none); Hm_lvt_601c92cd729f5d300329945382cb791f=1520434694; Hm_lvt_c3d6eaa135e0c7778dc8a6c73a86db89=1520434694; UM_distinctid=16200f84991461-097a858aec44ca-163f6657-13c680-16200f849953e0; CNZZDATA1254779168=543334044-1520434408-%7C1520434408; OUTFOX_SEARCH_USER_ID_NCOO=1789161781.1770723; PHPSESSID=3ecsfomqsu3q0ifddm1s95c682; dolphin_home___forward__=%2Fadmin.php%2Fcms%2Fagency%2Findex.html',
  'content-type' => '',
  'content-length' => '',
)
[ info ] [ PARAM ] array (
  'method' => 'user.findPassword',
  'source' => 'custom',
  'mobile' => '18321271831',
  'code' => '3642',
  'rnewpw' => '12345678',
  'newpw' => '12345678',
)
[ info ] [ CACHE ] INIT File
[ info ] [ BEHAVIOR ] Run app\common\behavior\Config @app_begin [ RunTime:0.045980s ]
[ info ] [ BEHAVIOR ] Run app\common\behavior\Hook @app_begin [ RunTime:0.057532s ]
[ info ] [ RUN ] app\api\home\Index->index[ /data/httpd/daguan/application/api/home/Index.php ]
[ info ] [ LOG ] INIT File
[ error ] [8]未定义变量: _SESSION[/data/httpd/daguan/application/api/home/Index.php:1069]
---------------------------------------------------------------
[ 2018-04-30T11:04:51+08:00 ] 10.0.2.2 GET /api.php?method=user.findPassword&source=custom&mobile=18321271831&code=3642&rnewpw=12345678&newpw=12345678
[ info ] zg.daguan.com/api.php?method=user.findPassword&source=custom&mobile=18321271831&code=3642&rnewpw=12345678&newpw=12345678 [运行时间：0.444113s][吞吐率：2.25req/s] [内存消耗：508.05kb] [文件加载：50]
[ info ] [ LANG ] /data/httpd/daguan/thinkphp/lang/zh-cn.php
[ info ] [ ROUTE ] array (
  'type' => 'module',
  'module' => 
  array (
    0 => 'api',
    1 => NULL,
    2 => NULL,
  ),
)
[ info ] [ HEADER ] array (
  'host' => 'zg.daguan.com',
  'connection' => 'keep-alive',
  'cache-control' => 'max-age=0',
  'upgrade-insecure-requests' => '1',
  'user-agent' => 'Mozilla/5.0 (Macintosh; Intel Mac OS X 10_12_5) AppleWebKit/537.36 (KHTML, like Gecko) Chrome/65.0.3325.181 Safari/537.36',
  'accept' => 'text/html,application/xhtml+xml,application/xml;q=0.9,image/webp,image/apng,*/*;q=0.8',
  'accept-encoding' => 'gzip, deflate',
  'accept-language' => 'zh-CN,zh;q=0.9,en;q=0.8',
  'cookie' => '__utma=20928819.1559574946.1520434694.1520434694.1520434694.1; __utmz=20928819.1520434694.1.1.utmcsr=(direct)|utmccn=(direct)|utmcmd=(none); Hm_lvt_601c92cd729f5d300329945382cb791f=1520434694; Hm_lvt_c3d6eaa135e0c7778dc8a6c73a86db89=1520434694; UM_distinctid=16200f84991461-097a858aec44ca-163f6657-13c680-16200f849953e0; CNZZDATA1254779168=543334044-1520434408-%7C1520434408; OUTFOX_SEARCH_USER_ID_NCOO=1789161781.1770723; PHPSESSID=3ecsfomqsu3q0ifddm1s95c682; dolphin_home___forward__=%2Fadmin.php%2Fcms%2Fagency%2Findex.html',
  'content-type' => '',
  'content-length' => '',
)
[ info ] [ PARAM ] array (
  'method' => 'user.findPassword',
  'source' => 'custom',
  'mobile' => '18321271831',
  'code' => '3642',
  'rnewpw' => '12345678',
  'newpw' => '12345678',
)
[ info ] [ CACHE ] INIT File
[ info ] [ BEHAVIOR ] Run app\common\behavior\Config @app_begin [ RunTime:0.034278s ]
[ info ] [ BEHAVIOR ] Run app\common\behavior\Hook @app_begin [ RunTime:0.045365s ]
[ info ] [ RUN ] app\api\home\Index->index[ /data/httpd/daguan/application/api/home/Index.php ]
[ info ] [ LOG ] INIT File
[ error ] [1]Class 'app\api\home\Session' not found[/data/httpd/daguan/application/api/home/Index.php:1069]
---------------------------------------------------------------
[ 2018-04-30T11:06:33+08:00 ] 10.0.2.2 GET /api.php?method=user.findPassword&source=custom&mobile=18321271831&code=3642&rnewpw=12345678&newpw=12345678
[ info ] zg.daguan.com/api.php?method=user.findPassword&source=custom&mobile=18321271831&code=3642&rnewpw=12345678&newpw=12345678 [运行时间：0.375662s][吞吐率：2.66req/s] [内存消耗：513.55kb] [文件加载：45]
[ info ] [ LANG ] /data/httpd/daguan/thinkphp/lang/zh-cn.php
[ info ] [ ROUTE ] array (
  'type' => 'module',
  'module' => 
  array (
    0 => 'api',
    1 => NULL,
    2 => NULL,
  ),
)
[ info ] [ HEADER ] array (
  'host' => 'zg.daguan.com',
  'connection' => 'keep-alive',
  'cache-control' => 'max-age=0',
  'upgrade-insecure-requests' => '1',
  'user-agent' => 'Mozilla/5.0 (Macintosh; Intel Mac OS X 10_12_5) AppleWebKit/537.36 (KHTML, like Gecko) Chrome/65.0.3325.181 Safari/537.36',
  'accept' => 'text/html,application/xhtml+xml,application/xml;q=0.9,image/webp,image/apng,*/*;q=0.8',
  'accept-encoding' => 'gzip, deflate',
  'accept-language' => 'zh-CN,zh;q=0.9,en;q=0.8',
  'cookie' => '__utma=20928819.1559574946.1520434694.1520434694.1520434694.1; __utmz=20928819.1520434694.1.1.utmcsr=(direct)|utmccn=(direct)|utmcmd=(none); Hm_lvt_601c92cd729f5d300329945382cb791f=1520434694; Hm_lvt_c3d6eaa135e0c7778dc8a6c73a86db89=1520434694; UM_distinctid=16200f84991461-097a858aec44ca-163f6657-13c680-16200f849953e0; CNZZDATA1254779168=543334044-1520434408-%7C1520434408; OUTFOX_SEARCH_USER_ID_NCOO=1789161781.1770723; PHPSESSID=3ecsfomqsu3q0ifddm1s95c682; dolphin_home___forward__=%2Fadmin.php%2Fcms%2Fagency%2Findex.html',
  'content-type' => '',
  'content-length' => '',
)
[ info ] [ PARAM ] array (
  'method' => 'user.findPassword',
  'source' => 'custom',
  'mobile' => '18321271831',
  'code' => '3642',
  'rnewpw' => '12345678',
  'newpw' => '12345678',
)
[ info ] [ CACHE ] INIT File
[ info ] [ BEHAVIOR ] Run app\common\behavior\Config @app_begin [ RunTime:0.036304s ]
[ info ] [ BEHAVIOR ] Run app\common\behavior\Hook @app_begin [ RunTime:0.042179s ]
[ info ] [ RUN ] app\api\home\Index->index[ /data/httpd/daguan/application/api/home/Index.php ]
[ info ] [ SESSION ] INIT array (
  'id' => '',
  'var_session_id' => '',
  'prefix' => 'dolphin_admin_',
  'type' => '',
  'auto_start' => true,
)
[ info ] [ LOG ] INIT File
---------------------------------------------------------------
[ 2018-04-30T11:53:04+08:00 ] 10.0.2.2 GET /api.php?method=user.findPassword&source=custom&mobile=18321271831&code=3642&rnewpw=12345678&newpw=12345678
[ info ] zg.daguan.com/api.php?method=user.findPassword&source=custom&mobile=18321271831&code=3642&rnewpw=12345678&newpw=12345678 [运行时间：0.661054s][吞吐率：1.51req/s] [内存消耗：514.18kb] [文件加载：45]
[ info ] [ LANG ] /data/httpd/daguan/thinkphp/lang/zh-cn.php
[ info ] [ ROUTE ] array (
  'type' => 'module',
  'module' => 
  array (
    0 => 'api',
    1 => NULL,
    2 => NULL,
  ),
)
[ info ] [ HEADER ] array (
  'host' => 'zg.daguan.com',
  'connection' => 'keep-alive',
  'cache-control' => 'max-age=0',
  'upgrade-insecure-requests' => '1',
  'user-agent' => 'Mozilla/5.0 (Macintosh; Intel Mac OS X 10_12_5) AppleWebKit/537.36 (KHTML, like Gecko) Chrome/65.0.3325.181 Safari/537.36',
  'accept' => 'text/html,application/xhtml+xml,application/xml;q=0.9,image/webp,image/apng,*/*;q=0.8',
  'accept-encoding' => 'gzip, deflate',
  'accept-language' => 'zh-CN,zh;q=0.9,en;q=0.8',
  'cookie' => '__utma=20928819.1559574946.1520434694.1520434694.1520434694.1; __utmz=20928819.1520434694.1.1.utmcsr=(direct)|utmccn=(direct)|utmcmd=(none); Hm_lvt_601c92cd729f5d300329945382cb791f=1520434694; Hm_lvt_c3d6eaa135e0c7778dc8a6c73a86db89=1520434694; UM_distinctid=16200f84991461-097a858aec44ca-163f6657-13c680-16200f849953e0; CNZZDATA1254779168=543334044-1520434408-%7C1520434408; OUTFOX_SEARCH_USER_ID_NCOO=1789161781.1770723; PHPSESSID=3ecsfomqsu3q0ifddm1s95c682; dolphin_home___forward__=%2Fadmin.php%2Fcms%2Fagency%2Findex.html',
  'content-type' => '',
  'content-length' => '',
)
[ info ] [ PARAM ] array (
  'method' => 'user.findPassword',
  'source' => 'custom',
  'mobile' => '18321271831',
  'code' => '3642',
  'rnewpw' => '12345678',
  'newpw' => '12345678',
)
[ info ] [ CACHE ] INIT File
[ info ] [ BEHAVIOR ] Run app\common\behavior\Config @app_begin [ RunTime:0.048337s ]
[ info ] [ BEHAVIOR ] Run app\common\behavior\Hook @app_begin [ RunTime:0.053019s ]
[ info ] [ RUN ] app\api\home\Index->index[ /data/httpd/daguan/application/api/home/Index.php ]
[ info ] [ SESSION ] INIT array (
  'id' => '',
  'var_session_id' => '',
  'prefix' => 'dolphin_admin_',
  'type' => '',
  'auto_start' => true,
)
[ info ] [ LOG ] INIT File
---------------------------------------------------------------
[ 2018-04-30T11:53:17+08:00 ] 10.0.2.2 GET /api.php?method=user.findPassword&source=custom&mobile=18321271831&code=3642&rnewpw=12345678&newpw=12345678
[ info ] zg.daguan.com/api.php?method=user.findPassword&source=custom&mobile=18321271831&code=3642&rnewpw=12345678&newpw=12345678 [运行时间：0.322314s][吞吐率：3.10req/s] [内存消耗：510.97kb] [文件加载：45]
[ info ] [ LANG ] /data/httpd/daguan/thinkphp/lang/zh-cn.php
[ info ] [ ROUTE ] array (
  'type' => 'module',
  'module' => 
  array (
    0 => 'api',
    1 => NULL,
    2 => NULL,
  ),
)
[ info ] [ HEADER ] array (
  'host' => 'zg.daguan.com',
  'connection' => 'keep-alive',
  'cache-control' => 'max-age=0',
  'upgrade-insecure-requests' => '1',
  'user-agent' => 'Mozilla/5.0 (Macintosh; Intel Mac OS X 10_12_5) AppleWebKit/537.36 (KHTML, like Gecko) Chrome/65.0.3325.181 Safari/537.36',
  'accept' => 'text/html,application/xhtml+xml,application/xml;q=0.9,image/webp,image/apng,*/*;q=0.8',
  'accept-encoding' => 'gzip, deflate',
  'accept-language' => 'zh-CN,zh;q=0.9,en;q=0.8',
  'cookie' => '__utma=20928819.1559574946.1520434694.1520434694.1520434694.1; __utmz=20928819.1520434694.1.1.utmcsr=(direct)|utmccn=(direct)|utmcmd=(none); Hm_lvt_601c92cd729f5d300329945382cb791f=1520434694; Hm_lvt_c3d6eaa135e0c7778dc8a6c73a86db89=1520434694; UM_distinctid=16200f84991461-097a858aec44ca-163f6657-13c680-16200f849953e0; CNZZDATA1254779168=543334044-1520434408-%7C1520434408; OUTFOX_SEARCH_USER_ID_NCOO=1789161781.1770723; PHPSESSID=3ecsfomqsu3q0ifddm1s95c682; dolphin_home___forward__=%2Fadmin.php%2Fcms%2Fagency%2Findex.html',
  'content-type' => '',
  'content-length' => '',
)
[ info ] [ PARAM ] array (
  'method' => 'user.findPassword',
  'source' => 'custom',
  'mobile' => '18321271831',
  'code' => '3642',
  'rnewpw' => '12345678',
  'newpw' => '12345678',
)
[ info ] [ CACHE ] INIT File
[ info ] [ BEHAVIOR ] Run app\common\behavior\Config @app_begin [ RunTime:0.029748s ]
[ info ] [ BEHAVIOR ] Run app\common\behavior\Hook @app_begin [ RunTime:0.044447s ]
[ info ] [ RUN ] app\api\home\Index->index[ /data/httpd/daguan/application/api/home/Index.php ]
[ info ] [ SESSION ] INIT array (
  'id' => '',
  'var_session_id' => '',
  'prefix' => 'dolphin_admin_',
  'type' => '',
  'auto_start' => true,
)
[ info ] [ LOG ] INIT File
---------------------------------------------------------------
[ 2018-04-30T11:53:21+08:00 ] 10.0.2.2 GET /api.php?method=user.findPassword&source=custom&mobile=18321271831&code=3642&rnewpw=12345678&newpw=12345678
[ info ] zg.daguan.com/api.php?method=user.findPassword&source=custom&mobile=18321271831&code=3642&rnewpw=12345678&newpw=12345678 [运行时间：0.196665s][吞吐率：5.08req/s] [内存消耗：510.97kb] [文件加载：45]
[ info ] [ LANG ] /data/httpd/daguan/thinkphp/lang/zh-cn.php
[ info ] [ ROUTE ] array (
  'type' => 'module',
  'module' => 
  array (
    0 => 'api',
    1 => NULL,
    2 => NULL,
  ),
)
[ info ] [ HEADER ] array (
  'host' => 'zg.daguan.com',
  'connection' => 'keep-alive',
  'cache-control' => 'max-age=0',
  'upgrade-insecure-requests' => '1',
  'user-agent' => 'Mozilla/5.0 (Macintosh; Intel Mac OS X 10_12_5) AppleWebKit/537.36 (KHTML, like Gecko) Chrome/65.0.3325.181 Safari/537.36',
  'accept' => 'text/html,application/xhtml+xml,application/xml;q=0.9,image/webp,image/apng,*/*;q=0.8',
  'accept-encoding' => 'gzip, deflate',
  'accept-language' => 'zh-CN,zh;q=0.9,en;q=0.8',
  'cookie' => '__utma=20928819.1559574946.1520434694.1520434694.1520434694.1; __utmz=20928819.1520434694.1.1.utmcsr=(direct)|utmccn=(direct)|utmcmd=(none); Hm_lvt_601c92cd729f5d300329945382cb791f=1520434694; Hm_lvt_c3d6eaa135e0c7778dc8a6c73a86db89=1520434694; UM_distinctid=16200f84991461-097a858aec44ca-163f6657-13c680-16200f849953e0; CNZZDATA1254779168=543334044-1520434408-%7C1520434408; OUTFOX_SEARCH_USER_ID_NCOO=1789161781.1770723; PHPSESSID=3ecsfomqsu3q0ifddm1s95c682; dolphin_home___forward__=%2Fadmin.php%2Fcms%2Fagency%2Findex.html',
  'content-type' => '',
  'content-length' => '',
)
[ info ] [ PARAM ] array (
  'method' => 'user.findPassword',
  'source' => 'custom',
  'mobile' => '18321271831',
  'code' => '3642',
  'rnewpw' => '12345678',
  'newpw' => '12345678',
)
[ info ] [ CACHE ] INIT File
[ info ] [ BEHAVIOR ] Run app\common\behavior\Config @app_begin [ RunTime:0.017828s ]
[ info ] [ BEHAVIOR ] Run app\common\behavior\Hook @app_begin [ RunTime:0.026321s ]
[ info ] [ RUN ] app\api\home\Index->index[ /data/httpd/daguan/application/api/home/Index.php ]
[ info ] [ SESSION ] INIT array (
  'id' => '',
  'var_session_id' => '',
  'prefix' => 'dolphin_admin_',
  'type' => '',
  'auto_start' => true,
)
[ info ] [ LOG ] INIT File
---------------------------------------------------------------
[ 2018-04-30T11:53:29+08:00 ] 10.0.2.2 GET /api.php?method=user.findPassword&source=custom&mobile=18321271831&code=3642&rnewpw=12345678&newpw=12345678
[ info ] zg.daguan.com/api.php?method=user.findPassword&source=custom&mobile=18321271831&code=3642&rnewpw=12345678&newpw=12345678 [运行时间：0.208134s][吞吐率：4.80req/s] [内存消耗：514.08kb] [文件加载：45]
[ info ] [ LANG ] /data/httpd/daguan/thinkphp/lang/zh-cn.php
[ info ] [ ROUTE ] array (
  'type' => 'module',
  'module' => 
  array (
    0 => 'api',
    1 => NULL,
    2 => NULL,
  ),
)
[ info ] [ HEADER ] array (
  'host' => 'zg.daguan.com',
  'connection' => 'keep-alive',
  'cache-control' => 'max-age=0',
  'upgrade-insecure-requests' => '1',
  'user-agent' => 'Mozilla/5.0 (Macintosh; Intel Mac OS X 10_12_5) AppleWebKit/537.36 (KHTML, like Gecko) Chrome/65.0.3325.181 Safari/537.36',
  'accept' => 'text/html,application/xhtml+xml,application/xml;q=0.9,image/webp,image/apng,*/*;q=0.8',
  'accept-encoding' => 'gzip, deflate',
  'accept-language' => 'zh-CN,zh;q=0.9,en;q=0.8',
  'cookie' => '__utma=20928819.1559574946.1520434694.1520434694.1520434694.1; __utmz=20928819.1520434694.1.1.utmcsr=(direct)|utmccn=(direct)|utmcmd=(none); Hm_lvt_601c92cd729f5d300329945382cb791f=1520434694; Hm_lvt_c3d6eaa135e0c7778dc8a6c73a86db89=1520434694; UM_distinctid=16200f84991461-097a858aec44ca-163f6657-13c680-16200f849953e0; CNZZDATA1254779168=543334044-1520434408-%7C1520434408; OUTFOX_SEARCH_USER_ID_NCOO=1789161781.1770723; PHPSESSID=3ecsfomqsu3q0ifddm1s95c682; dolphin_home___forward__=%2Fadmin.php%2Fcms%2Fagency%2Findex.html',
  'content-type' => '',
  'content-length' => '',
)
[ info ] [ PARAM ] array (
  'method' => 'user.findPassword',
  'source' => 'custom',
  'mobile' => '18321271831',
  'code' => '3642',
  'rnewpw' => '12345678',
  'newpw' => '12345678',
)
[ info ] [ CACHE ] INIT File
[ info ] [ BEHAVIOR ] Run app\common\behavior\Config @app_begin [ RunTime:0.023757s ]
[ info ] [ BEHAVIOR ] Run app\common\behavior\Hook @app_begin [ RunTime:0.028305s ]
[ info ] [ RUN ] app\api\home\Index->index[ /data/httpd/daguan/application/api/home/Index.php ]
[ info ] [ SESSION ] INIT array (
  'id' => '',
  'var_session_id' => '',
  'prefix' => 'dolphin_admin_',
  'type' => '',
  'auto_start' => true,
)
[ info ] [ LOG ] INIT File
---------------------------------------------------------------
[ 2018-04-30T11:53:30+08:00 ] 10.0.2.2 GET /api.php?method=user.findPassword&source=custom&mobile=18321271831&code=3642&rnewpw=12345678&newpw=12345678
[ info ] zg.daguan.com/api.php?method=user.findPassword&source=custom&mobile=18321271831&code=3642&rnewpw=12345678&newpw=12345678 [运行时间：0.162910s][吞吐率：6.14req/s] [内存消耗：510.87kb] [文件加载：45]
[ info ] [ LANG ] /data/httpd/daguan/thinkphp/lang/zh-cn.php
[ info ] [ ROUTE ] array (
  'type' => 'module',
  'module' => 
  array (
    0 => 'api',
    1 => NULL,
    2 => NULL,
  ),
)
[ info ] [ HEADER ] array (
  'host' => 'zg.daguan.com',
  'connection' => 'keep-alive',
  'cache-control' => 'max-age=0',
  'upgrade-insecure-requests' => '1',
  'user-agent' => 'Mozilla/5.0 (Macintosh; Intel Mac OS X 10_12_5) AppleWebKit/537.36 (KHTML, like Gecko) Chrome/65.0.3325.181 Safari/537.36',
  'accept' => 'text/html,application/xhtml+xml,application/xml;q=0.9,image/webp,image/apng,*/*;q=0.8',
  'accept-encoding' => 'gzip, deflate',
  'accept-language' => 'zh-CN,zh;q=0.9,en;q=0.8',
  'cookie' => '__utma=20928819.1559574946.1520434694.1520434694.1520434694.1; __utmz=20928819.1520434694.1.1.utmcsr=(direct)|utmccn=(direct)|utmcmd=(none); Hm_lvt_601c92cd729f5d300329945382cb791f=1520434694; Hm_lvt_c3d6eaa135e0c7778dc8a6c73a86db89=1520434694; UM_distinctid=16200f84991461-097a858aec44ca-163f6657-13c680-16200f849953e0; CNZZDATA1254779168=543334044-1520434408-%7C1520434408; OUTFOX_SEARCH_USER_ID_NCOO=1789161781.1770723; PHPSESSID=3ecsfomqsu3q0ifddm1s95c682; dolphin_home___forward__=%2Fadmin.php%2Fcms%2Fagency%2Findex.html',
  'content-type' => '',
  'content-length' => '',
)
[ info ] [ PARAM ] array (
  'method' => 'user.findPassword',
  'source' => 'custom',
  'mobile' => '18321271831',
  'code' => '3642',
  'rnewpw' => '12345678',
  'newpw' => '12345678',
)
[ info ] [ CACHE ] INIT File
[ info ] [ BEHAVIOR ] Run app\common\behavior\Config @app_begin [ RunTime:0.014929s ]
[ info ] [ BEHAVIOR ] Run app\common\behavior\Hook @app_begin [ RunTime:0.021097s ]
[ info ] [ RUN ] app\api\home\Index->index[ /data/httpd/daguan/application/api/home/Index.php ]
[ info ] [ SESSION ] INIT array (
  'id' => '',
  'var_session_id' => '',
  'prefix' => 'dolphin_admin_',
  'type' => '',
  'auto_start' => true,
)
[ info ] [ LOG ] INIT File
---------------------------------------------------------------
[ 2018-04-30T11:53:36+08:00 ] 10.0.2.2 GET /api.php?method=user.findPassword&source=custom&mobile=18321271831&code=3642&rnewpw=12345678&newpw=12345678
[ info ] zg.daguan.com/api.php?method=user.findPassword&source=custom&mobile=18321271831&code=3642&rnewpw=12345678&newpw=12345678 [运行时间：0.194353s][吞吐率：5.15req/s] [内存消耗：510.87kb] [文件加载：45]
[ info ] [ LANG ] /data/httpd/daguan/thinkphp/lang/zh-cn.php
[ info ] [ ROUTE ] array (
  'type' => 'module',
  'module' => 
  array (
    0 => 'api',
    1 => NULL,
    2 => NULL,
  ),
)
[ info ] [ HEADER ] array (
  'host' => 'zg.daguan.com',
  'connection' => 'keep-alive',
  'cache-control' => 'max-age=0',
  'upgrade-insecure-requests' => '1',
  'user-agent' => 'Mozilla/5.0 (Macintosh; Intel Mac OS X 10_12_5) AppleWebKit/537.36 (KHTML, like Gecko) Chrome/65.0.3325.181 Safari/537.36',
  'accept' => 'text/html,application/xhtml+xml,application/xml;q=0.9,image/webp,image/apng,*/*;q=0.8',
  'accept-encoding' => 'gzip, deflate',
  'accept-language' => 'zh-CN,zh;q=0.9,en;q=0.8',
  'cookie' => '__utma=20928819.1559574946.1520434694.1520434694.1520434694.1; __utmz=20928819.1520434694.1.1.utmcsr=(direct)|utmccn=(direct)|utmcmd=(none); Hm_lvt_601c92cd729f5d300329945382cb791f=1520434694; Hm_lvt_c3d6eaa135e0c7778dc8a6c73a86db89=1520434694; UM_distinctid=16200f84991461-097a858aec44ca-163f6657-13c680-16200f849953e0; CNZZDATA1254779168=543334044-1520434408-%7C1520434408; OUTFOX_SEARCH_USER_ID_NCOO=1789161781.1770723; PHPSESSID=3ecsfomqsu3q0ifddm1s95c682; dolphin_home___forward__=%2Fadmin.php%2Fcms%2Fagency%2Findex.html',
  'content-type' => '',
  'content-length' => '',
)
[ info ] [ PARAM ] array (
  'method' => 'user.findPassword',
  'source' => 'custom',
  'mobile' => '18321271831',
  'code' => '3642',
  'rnewpw' => '12345678',
  'newpw' => '12345678',
)
[ info ] [ CACHE ] INIT File
[ info ] [ BEHAVIOR ] Run app\common\behavior\Config @app_begin [ RunTime:0.022999s ]
[ info ] [ BEHAVIOR ] Run app\common\behavior\Hook @app_begin [ RunTime:0.024185s ]
[ info ] [ RUN ] app\api\home\Index->index[ /data/httpd/daguan/application/api/home/Index.php ]
[ info ] [ SESSION ] INIT array (
  'id' => '',
  'var_session_id' => '',
  'prefix' => 'dolphin_admin_',
  'type' => '',
  'auto_start' => true,
)
[ info ] [ LOG ] INIT File
---------------------------------------------------------------
[ 2018-04-30T11:53:38+08:00 ] 10.0.2.2 GET /api.php?method=user.findPassword&source=custom&mobile=18321271831&code=3642&rnewpw=12345678&newpw=12345678
[ info ] zg.daguan.com/api.php?method=user.findPassword&source=custom&mobile=18321271831&code=3642&rnewpw=12345678&newpw=12345678 [运行时间：0.200447s][吞吐率：4.99req/s] [内存消耗：510.87kb] [文件加载：45]
[ info ] [ LANG ] /data/httpd/daguan/thinkphp/lang/zh-cn.php
[ info ] [ ROUTE ] array (
  'type' => 'module',
  'module' => 
  array (
    0 => 'api',
    1 => NULL,
    2 => NULL,
  ),
)
[ info ] [ HEADER ] array (
  'host' => 'zg.daguan.com',
  'connection' => 'keep-alive',
  'cache-control' => 'max-age=0',
  'upgrade-insecure-requests' => '1',
  'user-agent' => 'Mozilla/5.0 (Macintosh; Intel Mac OS X 10_12_5) AppleWebKit/537.36 (KHTML, like Gecko) Chrome/65.0.3325.181 Safari/537.36',
  'accept' => 'text/html,application/xhtml+xml,application/xml;q=0.9,image/webp,image/apng,*/*;q=0.8',
  'accept-encoding' => 'gzip, deflate',
  'accept-language' => 'zh-CN,zh;q=0.9,en;q=0.8',
  'cookie' => '__utma=20928819.1559574946.1520434694.1520434694.1520434694.1; __utmz=20928819.1520434694.1.1.utmcsr=(direct)|utmccn=(direct)|utmcmd=(none); Hm_lvt_601c92cd729f5d300329945382cb791f=1520434694; Hm_lvt_c3d6eaa135e0c7778dc8a6c73a86db89=1520434694; UM_distinctid=16200f84991461-097a858aec44ca-163f6657-13c680-16200f849953e0; CNZZDATA1254779168=543334044-1520434408-%7C1520434408; OUTFOX_SEARCH_USER_ID_NCOO=1789161781.1770723; PHPSESSID=3ecsfomqsu3q0ifddm1s95c682; dolphin_home___forward__=%2Fadmin.php%2Fcms%2Fagency%2Findex.html',
  'content-type' => '',
  'content-length' => '',
)
[ info ] [ PARAM ] array (
  'method' => 'user.findPassword',
  'source' => 'custom',
  'mobile' => '18321271831',
  'code' => '3642',
  'rnewpw' => '12345678',
  'newpw' => '12345678',
)
[ info ] [ CACHE ] INIT File
[ info ] [ BEHAVIOR ] Run app\common\behavior\Config @app_begin [ RunTime:0.021497s ]
[ info ] [ BEHAVIOR ] Run app\common\behavior\Hook @app_begin [ RunTime:0.023914s ]
[ info ] [ RUN ] app\api\home\Index->index[ /data/httpd/daguan/application/api/home/Index.php ]
[ info ] [ SESSION ] INIT array (
  'id' => '',
  'var_session_id' => '',
  'prefix' => 'dolphin_admin_',
  'type' => '',
  'auto_start' => true,
)
[ info ] [ LOG ] INIT File
---------------------------------------------------------------
[ 2018-04-30T11:53:41+08:00 ] 10.0.2.2 GET /api.php?method=user.findPassword&source=custom&mobile=18321271831&code=3642&rnewpw=12345678&newpw=12345678
[ info ] zg.daguan.com/api.php?method=user.findPassword&source=custom&mobile=18321271831&code=3642&rnewpw=12345678&newpw=12345678 [运行时间：0.204141s][吞吐率：4.90req/s] [内存消耗：510.87kb] [文件加载：45]
[ info ] [ LANG ] /data/httpd/daguan/thinkphp/lang/zh-cn.php
[ info ] [ ROUTE ] array (
  'type' => 'module',
  'module' => 
  array (
    0 => 'api',
    1 => NULL,
    2 => NULL,
  ),
)
[ info ] [ HEADER ] array (
  'host' => 'zg.daguan.com',
  'connection' => 'keep-alive',
  'cache-control' => 'max-age=0',
  'upgrade-insecure-requests' => '1',
  'user-agent' => 'Mozilla/5.0 (Macintosh; Intel Mac OS X 10_12_5) AppleWebKit/537.36 (KHTML, like Gecko) Chrome/65.0.3325.181 Safari/537.36',
  'accept' => 'text/html,application/xhtml+xml,application/xml;q=0.9,image/webp,image/apng,*/*;q=0.8',
  'accept-encoding' => 'gzip, deflate',
  'accept-language' => 'zh-CN,zh;q=0.9,en;q=0.8',
  'cookie' => '__utma=20928819.1559574946.1520434694.1520434694.1520434694.1; __utmz=20928819.1520434694.1.1.utmcsr=(direct)|utmccn=(direct)|utmcmd=(none); Hm_lvt_601c92cd729f5d300329945382cb791f=1520434694; Hm_lvt_c3d6eaa135e0c7778dc8a6c73a86db89=1520434694; UM_distinctid=16200f84991461-097a858aec44ca-163f6657-13c680-16200f849953e0; CNZZDATA1254779168=543334044-1520434408-%7C1520434408; OUTFOX_SEARCH_USER_ID_NCOO=1789161781.1770723; PHPSESSID=3ecsfomqsu3q0ifddm1s95c682; dolphin_home___forward__=%2Fadmin.php%2Fcms%2Fagency%2Findex.html',
  'content-type' => '',
  'content-length' => '',
)
[ info ] [ PARAM ] array (
  'method' => 'user.findPassword',
  'source' => 'custom',
  'mobile' => '18321271831',
  'code' => '3642',
  'rnewpw' => '12345678',
  'newpw' => '12345678',
)
[ info ] [ CACHE ] INIT File
[ info ] [ BEHAVIOR ] Run app\common\behavior\Config @app_begin [ RunTime:0.023296s ]
[ info ] [ BEHAVIOR ] Run app\common\behavior\Hook @app_begin [ RunTime:0.025492s ]
[ info ] [ RUN ] app\api\home\Index->index[ /data/httpd/daguan/application/api/home/Index.php ]
[ info ] [ SESSION ] INIT array (
  'id' => '',
  'var_session_id' => '',
  'prefix' => 'dolphin_admin_',
  'type' => '',
  'auto_start' => true,
)
[ info ] [ LOG ] INIT File
