---------------------------------------------------------------
[ 2018-05-07T18:22:39+08:00 ] 10.0.2.2 GET /api.php?method=user.register&phone=18321271831&code=3642&password=12345678
[ info ] zg.ucschool.com/api.php?method=user.register&phone=18321271831&code=3642&password=12345678 [运行时间：0.972769s][吞吐率：1.03req/s] [内存消耗：463.47kb] [文件加载：50]
[ info ] [ LANG ] /data/httpd/ucschool/thinkphp/lang/zh-cn.php
[ info ] [ ROUTE ] array (
  'type' => 'module',
  'module' => 
  array (
    0 => 'api',
    1 => NULL,
    2 => NULL,
  ),
)
[ info ] [ HEADER ] array (
  'host' => 'zg.ucschool.com',
  'connection' => 'keep-alive',
  'upgrade-insecure-requests' => '1',
  'user-agent' => 'Mozilla/5.0 (Macintosh; Intel Mac OS X 10_12_5) AppleWebKit/537.36 (KHTML, like Gecko) Chrome/65.0.3325.181 Safari/537.36',
  'accept' => 'text/html,application/xhtml+xml,application/xml;q=0.9,image/webp,image/apng,*/*;q=0.8',
  'accept-encoding' => 'gzip, deflate',
  'accept-language' => 'zh-CN,zh;q=0.9,en;q=0.8',
  'cookie' => 'PHPSESSID=2tkom1rtvcprbs8b0oi2ri7kl7',
  'content-type' => '',
  'content-length' => '',
)
[ info ] [ PARAM ] array (
  'method' => 'user.register',
  'phone' => '18321271831',
  'code' => '3642',
  'password' => '12345678',
)
[ info ] [ CACHE ] INIT File
[ info ] [ BEHAVIOR ] Run app\common\behavior\Config @app_begin [ RunTime:0.055955s ]
[ info ] [ BEHAVIOR ] Run app\common\behavior\Hook @app_begin [ RunTime:0.084813s ]
[ info ] [ RUN ] app\api\home\Index->index[ /data/httpd/ucschool/application/api/home/Index.php ]
[ info ] [ LOG ] INIT File
[ error ] [8]未定义数组索引: type[/data/httpd/ucschool/application/api/home/Index.php:164]
---------------------------------------------------------------
[ 2018-05-07T18:22:50+08:00 ] 10.0.2.2 GET /api.php?method=user.register&phone=18321271831&code=3642&password=12345678&type=1
[ info ] zg.ucschool.com/api.php?method=user.register&phone=18321271831&code=3642&password=12345678&type=1 [运行时间：0.434702s][吞吐率：2.30req/s] [内存消耗：460.57kb] [文件加载：50]
[ info ] [ LANG ] /data/httpd/ucschool/thinkphp/lang/zh-cn.php
[ info ] [ ROUTE ] array (
  'type' => 'module',
  'module' => 
  array (
    0 => 'api',
    1 => NULL,
    2 => NULL,
  ),
)
[ info ] [ HEADER ] array (
  'host' => 'zg.ucschool.com',
  'connection' => 'keep-alive',
  'upgrade-insecure-requests' => '1',
  'user-agent' => 'Mozilla/5.0 (Macintosh; Intel Mac OS X 10_12_5) AppleWebKit/537.36 (KHTML, like Gecko) Chrome/65.0.3325.181 Safari/537.36',
  'accept' => 'text/html,application/xhtml+xml,application/xml;q=0.9,image/webp,image/apng,*/*;q=0.8',
  'accept-encoding' => 'gzip, deflate',
  'accept-language' => 'zh-CN,zh;q=0.9,en;q=0.8',
  'cookie' => 'PHPSESSID=2tkom1rtvcprbs8b0oi2ri7kl7',
  'content-type' => '',
  'content-length' => '',
)
[ info ] [ PARAM ] array (
  'method' => 'user.register',
  'phone' => '18321271831',
  'code' => '3642',
  'password' => '12345678',
  'type' => '1',
)
[ info ] [ CACHE ] INIT File
[ info ] [ BEHAVIOR ] Run app\common\behavior\Config @app_begin [ RunTime:0.045240s ]
[ info ] [ BEHAVIOR ] Run app\common\behavior\Hook @app_begin [ RunTime:0.046667s ]
[ info ] [ RUN ] app\api\home\Index->index[ /data/httpd/ucschool/application/api/home/Index.php ]
[ info ] [ LOG ] INIT File
[ error ] [8]未定义数组索引: name[/data/httpd/ucschool/application/api/home/Index.php:165]
---------------------------------------------------------------
[ 2018-05-07T18:23:03+08:00 ] 10.0.2.2 GET /api.php?method=user.register&phone=18321271831&code=3642&password=12345678&type=1&name=234
[ info ] zg.ucschool.com/api.php?method=user.register&phone=18321271831&code=3642&password=12345678&type=1&name=234 [运行时间：1.763440s][吞吐率：0.57req/s] [内存消耗：666.32kb] [文件加载：56]
[ info ] [ LANG ] /data/httpd/ucschool/thinkphp/lang/zh-cn.php
[ info ] [ ROUTE ] array (
  'type' => 'module',
  'module' => 
  array (
    0 => 'api',
    1 => NULL,
    2 => NULL,
  ),
)
[ info ] [ HEADER ] array (
  'host' => 'zg.ucschool.com',
  'connection' => 'keep-alive',
  'upgrade-insecure-requests' => '1',
  'user-agent' => 'Mozilla/5.0 (Macintosh; Intel Mac OS X 10_12_5) AppleWebKit/537.36 (KHTML, like Gecko) Chrome/65.0.3325.181 Safari/537.36',
  'accept' => 'text/html,application/xhtml+xml,application/xml;q=0.9,image/webp,image/apng,*/*;q=0.8',
  'accept-encoding' => 'gzip, deflate',
  'accept-language' => 'zh-CN,zh;q=0.9,en;q=0.8',
  'cookie' => 'PHPSESSID=2tkom1rtvcprbs8b0oi2ri7kl7',
  'content-type' => '',
  'content-length' => '',
)
[ info ] [ PARAM ] array (
  'method' => 'user.register',
  'phone' => '18321271831',
  'code' => '3642',
  'password' => '12345678',
  'type' => '1',
  'name' => '234',
)
[ info ] [ CACHE ] INIT File
[ info ] [ BEHAVIOR ] Run app\common\behavior\Config @app_begin [ RunTime:0.032480s ]
[ info ] [ BEHAVIOR ] Run app\common\behavior\Hook @app_begin [ RunTime:0.054222s ]
[ info ] [ RUN ] app\api\home\Index->index[ /data/httpd/ucschool/application/api/home/Index.php ]
[ info ] [ DB ] INIT mysql
[ info ] [ SESSION ] INIT array (
  'id' => '',
  'var_session_id' => '',
  'prefix' => 'dolphin_admin_',
  'type' => '',
  'auto_start' => true,
)
[ info ] [ LOG ] INIT File
[ sql ] [ DB ] CONNECT:[ UseTime:0.513974s ] mysql:host=139.196.20.81;port=3306;dbname=uxueyuan;charset=utf8
[ sql ] [ SQL ] SHOW COLUMNS FROM `toplearning_login` [ RunTime:0.080410s ]
[ sql ] [ SQL ] SELECT * FROM `toplearning_login` WHERE  `mobile` = '18321271831' LIMIT 1 [ RunTime:0.526079s ]
[ error ] [2]error_log() expects parameter 2 to be long, string given[/data/httpd/ucschool/application/api/home/Index.php:173]
---------------------------------------------------------------
[ 2018-05-07T18:23:21+08:00 ] 10.0.2.2 GET /api.php?method=user.register&phone=18321271831&code=3642&password=12345678&type=1&name=234
[ info ] zg.ucschool.com/api.php?method=user.register&phone=18321271831&code=3642&password=12345678&type=1&name=234 [运行时间：0.632647s][吞吐率：1.58req/s] [内存消耗：669.86kb] [文件加载：56]
[ info ] [ LANG ] /data/httpd/ucschool/thinkphp/lang/zh-cn.php
[ info ] [ ROUTE ] array (
  'type' => 'module',
  'module' => 
  array (
    0 => 'api',
    1 => NULL,
    2 => NULL,
  ),
)
[ info ] [ HEADER ] array (
  'host' => 'zg.ucschool.com',
  'connection' => 'keep-alive',
  'cache-control' => 'max-age=0',
  'upgrade-insecure-requests' => '1',
  'user-agent' => 'Mozilla/5.0 (Macintosh; Intel Mac OS X 10_12_5) AppleWebKit/537.36 (KHTML, like Gecko) Chrome/65.0.3325.181 Safari/537.36',
  'accept' => 'text/html,application/xhtml+xml,application/xml;q=0.9,image/webp,image/apng,*/*;q=0.8',
  'accept-encoding' => 'gzip, deflate',
  'accept-language' => 'zh-CN,zh;q=0.9,en;q=0.8',
  'cookie' => 'PHPSESSID=2tkom1rtvcprbs8b0oi2ri7kl7',
  'content-type' => '',
  'content-length' => '',
)
[ info ] [ PARAM ] array (
  'method' => 'user.register',
  'phone' => '18321271831',
  'code' => '3642',
  'password' => '12345678',
  'type' => '1',
  'name' => '234',
)
[ info ] [ CACHE ] INIT File
[ info ] [ BEHAVIOR ] Run app\common\behavior\Config @app_begin [ RunTime:0.031975s ]
[ info ] [ BEHAVIOR ] Run app\common\behavior\Hook @app_begin [ RunTime:0.037512s ]
[ info ] [ RUN ] app\api\home\Index->index[ /data/httpd/ucschool/application/api/home/Index.php ]
[ info ] [ DB ] INIT mysql
[ info ] [ SESSION ] INIT array (
  'id' => '',
  'var_session_id' => '',
  'prefix' => 'dolphin_admin_',
  'type' => '',
  'auto_start' => true,
)
[ info ] [ LOG ] INIT File
[ sql ] [ DB ] CONNECT:[ UseTime:0.055673s ] mysql:host=139.196.20.81;port=3306;dbname=uxueyuan;charset=utf8
[ sql ] [ SQL ] SHOW COLUMNS FROM `toplearning_login` [ RunTime:0.067721s ]
[ sql ] [ SQL ] SELECT * FROM `toplearning_login` WHERE  `mobile` = '18321271831' LIMIT 1 [ RunTime:0.066799s ]
[ error ] [2]error_log(/home/wwwroot/ucschool/logl.log): failed to open stream: No such file or directory[/data/httpd/ucschool/application/api/home/Index.php:173]
---------------------------------------------------------------
[ 2018-05-07T18:23:43+08:00 ] 10.0.2.2 GET /api.php?method=user.register&phone=18321271831&code=3642&password=12345678&type=1&name=234
[ info ] zg.ucschool.com/api.php?method=user.register&phone=18321271831&code=3642&password=12345678&type=1&name=234 [运行时间：0.886250s][吞吐率：1.13req/s] [内存消耗：654.73kb] [文件加载：53]
[ info ] [ LANG ] /data/httpd/ucschool/thinkphp/lang/zh-cn.php
[ info ] [ ROUTE ] array (
  'type' => 'module',
  'module' => 
  array (
    0 => 'api',
    1 => NULL,
    2 => NULL,
  ),
)
[ info ] [ HEADER ] array (
  'host' => 'zg.ucschool.com',
  'connection' => 'keep-alive',
  'cache-control' => 'max-age=0',
  'upgrade-insecure-requests' => '1',
  'user-agent' => 'Mozilla/5.0 (Macintosh; Intel Mac OS X 10_12_5) AppleWebKit/537.36 (KHTML, like Gecko) Chrome/65.0.3325.181 Safari/537.36',
  'accept' => 'text/html,application/xhtml+xml,application/xml;q=0.9,image/webp,image/apng,*/*;q=0.8',
  'accept-encoding' => 'gzip, deflate',
  'accept-language' => 'zh-CN,zh;q=0.9,en;q=0.8',
  'cookie' => 'PHPSESSID=2tkom1rtvcprbs8b0oi2ri7kl7',
  'content-type' => '',
  'content-length' => '',
)
[ info ] [ PARAM ] array (
  'method' => 'user.register',
  'phone' => '18321271831',
  'code' => '3642',
  'password' => '12345678',
  'type' => '1',
  'name' => '234',
)
[ info ] [ CACHE ] INIT File
[ info ] [ BEHAVIOR ] Run app\common\behavior\Config @app_begin [ RunTime:0.040161s ]
[ info ] [ BEHAVIOR ] Run app\common\behavior\Hook @app_begin [ RunTime:0.045760s ]
[ info ] [ RUN ] app\api\home\Index->index[ /data/httpd/ucschool/application/api/home/Index.php ]
[ info ] [ DB ] INIT mysql
[ info ] [ SESSION ] INIT array (
  'id' => '',
  'var_session_id' => '',
  'prefix' => 'dolphin_admin_',
  'type' => '',
  'auto_start' => true,
)
[ info ] [ LOG ] INIT File
[ sql ] [ DB ] CONNECT:[ UseTime:0.064569s ] mysql:host=139.196.20.81;port=3306;dbname=uxueyuan;charset=utf8
[ sql ] [ SQL ] SHOW COLUMNS FROM `toplearning_login` [ RunTime:0.040567s ]
[ sql ] [ SQL ] SELECT * FROM `toplearning_login` WHERE  `mobile` = '18321271831' LIMIT 1 [ RunTime:0.340671s ]
---------------------------------------------------------------
[ 2018-05-07T18:41:46+08:00 ] 10.0.2.2 GET /api.php?method=user.login&phone=18321271831&code=3642&password=12345678&type=1&name=234
[ info ] zg.ucschool.com/api.php?method=user.login&phone=18321271831&code=3642&password=12345678&type=1&name=234 [运行时间：0.373653s][吞吐率：2.68req/s] [内存消耗：579.82kb] [文件加载：45]
[ info ] [ LANG ] /data/httpd/ucschool/thinkphp/lang/zh-cn.php
[ info ] [ ROUTE ] array (
  'type' => 'module',
  'module' => 
  array (
    0 => 'api',
    1 => NULL,
    2 => NULL,
  ),
)
[ info ] [ HEADER ] array (
  'host' => 'zg.ucschool.com',
  'connection' => 'keep-alive',
  'upgrade-insecure-requests' => '1',
  'user-agent' => 'Mozilla/5.0 (Macintosh; Intel Mac OS X 10_12_5) AppleWebKit/537.36 (KHTML, like Gecko) Chrome/65.0.3325.181 Safari/537.36',
  'accept' => 'text/html,application/xhtml+xml,application/xml;q=0.9,image/webp,image/apng,*/*;q=0.8',
  'accept-encoding' => 'gzip, deflate',
  'accept-language' => 'zh-CN,zh;q=0.9,en;q=0.8',
  'cookie' => 'PHPSESSID=2tkom1rtvcprbs8b0oi2ri7kl7',
  'content-type' => '',
  'content-length' => '',
)
[ info ] [ PARAM ] array (
  'method' => 'user.login',
  'phone' => '18321271831',
  'code' => '3642',
  'password' => '12345678',
  'type' => '1',
  'name' => '234',
)
[ info ] [ CACHE ] INIT File
[ info ] [ BEHAVIOR ] Run app\common\behavior\Config @app_begin [ RunTime:0.032416s ]
[ info ] [ BEHAVIOR ] Run app\common\behavior\Hook @app_begin [ RunTime:0.043904s ]
[ info ] [ RUN ] app\api\home\Index->index[ /data/httpd/ucschool/application/api/home/Index.php ]
[ info ] [ SESSION ] INIT array (
  'id' => '',
  'var_session_id' => '',
  'prefix' => 'dolphin_admin_',
  'type' => '',
  'auto_start' => true,
)
[ info ] [ LOG ] INIT File
---------------------------------------------------------------
[ 2018-05-07T18:41:53+08:00 ] 10.0.2.2 GET /api.php?method=user.login&phone=18321271831&code=3642&password=12345678&type=1&name=234
[ info ] zg.ucschool.com/api.php?method=user.login&phone=18321271831&code=3642&password=12345678&type=1&name=234 [运行时间：0.404511s][吞吐率：2.47req/s] [内存消耗：579.35kb] [文件加载：45]
[ info ] [ LANG ] /data/httpd/ucschool/thinkphp/lang/zh-cn.php
[ info ] [ ROUTE ] array (
  'type' => 'module',
  'module' => 
  array (
    0 => 'api',
    1 => NULL,
    2 => NULL,
  ),
)
[ info ] [ HEADER ] array (
  'host' => 'zg.ucschool.com',
  'connection' => 'keep-alive',
  'cache-control' => 'max-age=0',
  'upgrade-insecure-requests' => '1',
  'user-agent' => 'Mozilla/5.0 (Macintosh; Intel Mac OS X 10_12_5) AppleWebKit/537.36 (KHTML, like Gecko) Chrome/65.0.3325.181 Safari/537.36',
  'accept' => 'text/html,application/xhtml+xml,application/xml;q=0.9,image/webp,image/apng,*/*;q=0.8',
  'accept-encoding' => 'gzip, deflate',
  'accept-language' => 'zh-CN,zh;q=0.9,en;q=0.8',
  'cookie' => 'PHPSESSID=2tkom1rtvcprbs8b0oi2ri7kl7',
  'content-type' => '',
  'content-length' => '',
)
[ info ] [ PARAM ] array (
  'method' => 'user.login',
  'phone' => '18321271831',
  'code' => '3642',
  'password' => '12345678',
  'type' => '1',
  'name' => '234',
)
[ info ] [ CACHE ] INIT File
[ info ] [ BEHAVIOR ] Run app\common\behavior\Config @app_begin [ RunTime:0.044996s ]
[ info ] [ BEHAVIOR ] Run app\common\behavior\Hook @app_begin [ RunTime:0.058776s ]
[ info ] [ RUN ] app\api\home\Index->index[ /data/httpd/ucschool/application/api/home/Index.php ]
[ info ] [ SESSION ] INIT array (
  'id' => '',
  'var_session_id' => '',
  'prefix' => 'dolphin_admin_',
  'type' => '',
  'auto_start' => true,
)
[ info ] [ LOG ] INIT File
---------------------------------------------------------------
[ 2018-05-07T18:41:55+08:00 ] 10.0.2.2 GET /api.php?method=user.login&phone=18321271831&code=3642&password=12345678&type=1&name=234
[ info ] zg.ucschool.com/api.php?method=user.login&phone=18321271831&code=3642&password=12345678&type=1&name=234 [运行时间：0.164834s][吞吐率：6.07req/s] [内存消耗：579.35kb] [文件加载：45]
[ info ] [ LANG ] /data/httpd/ucschool/thinkphp/lang/zh-cn.php
[ info ] [ ROUTE ] array (
  'type' => 'module',
  'module' => 
  array (
    0 => 'api',
    1 => NULL,
    2 => NULL,
  ),
)
[ info ] [ HEADER ] array (
  'host' => 'zg.ucschool.com',
  'connection' => 'keep-alive',
  'cache-control' => 'max-age=0',
  'upgrade-insecure-requests' => '1',
  'user-agent' => 'Mozilla/5.0 (Macintosh; Intel Mac OS X 10_12_5) AppleWebKit/537.36 (KHTML, like Gecko) Chrome/65.0.3325.181 Safari/537.36',
  'accept' => 'text/html,application/xhtml+xml,application/xml;q=0.9,image/webp,image/apng,*/*;q=0.8',
  'accept-encoding' => 'gzip, deflate',
  'accept-language' => 'zh-CN,zh;q=0.9,en;q=0.8',
  'cookie' => 'PHPSESSID=2tkom1rtvcprbs8b0oi2ri7kl7',
  'content-type' => '',
  'content-length' => '',
)
[ info ] [ PARAM ] array (
  'method' => 'user.login',
  'phone' => '18321271831',
  'code' => '3642',
  'password' => '12345678',
  'type' => '1',
  'name' => '234',
)
[ info ] [ CACHE ] INIT File
[ info ] [ BEHAVIOR ] Run app\common\behavior\Config @app_begin [ RunTime:0.017144s ]
[ info ] [ BEHAVIOR ] Run app\common\behavior\Hook @app_begin [ RunTime:0.020232s ]
[ info ] [ RUN ] app\api\home\Index->index[ /data/httpd/ucschool/application/api/home/Index.php ]
[ info ] [ SESSION ] INIT array (
  'id' => '',
  'var_session_id' => '',
  'prefix' => 'dolphin_admin_',
  'type' => '',
  'auto_start' => true,
)
[ info ] [ LOG ] INIT File
---------------------------------------------------------------
[ 2018-05-07T18:42:50+08:00 ] 10.0.2.2 GET /api.php?method=user.login&phone=18321271831&code=3642&password=12345678&type=1&name=234
[ info ] zg.ucschool.com/api.php?method=user.login&phone=18321271831&code=3642&password=12345678&type=1&name=234 [运行时间：0.345487s][吞吐率：2.89req/s] [内存消耗：580.21kb] [文件加载：45]
[ info ] [ LANG ] /data/httpd/ucschool/thinkphp/lang/zh-cn.php
[ info ] [ ROUTE ] array (
  'type' => 'module',
  'module' => 
  array (
    0 => 'api',
    1 => NULL,
    2 => NULL,
  ),
)
[ info ] [ HEADER ] array (
  'host' => 'zg.ucschool.com',
  'connection' => 'keep-alive',
  'cache-control' => 'max-age=0',
  'upgrade-insecure-requests' => '1',
  'user-agent' => 'Mozilla/5.0 (Macintosh; Intel Mac OS X 10_12_5) AppleWebKit/537.36 (KHTML, like Gecko) Chrome/65.0.3325.181 Safari/537.36',
  'accept' => 'text/html,application/xhtml+xml,application/xml;q=0.9,image/webp,image/apng,*/*;q=0.8',
  'accept-encoding' => 'gzip, deflate',
  'accept-language' => 'zh-CN,zh;q=0.9,en;q=0.8',
  'cookie' => 'PHPSESSID=2tkom1rtvcprbs8b0oi2ri7kl7',
  'content-type' => '',
  'content-length' => '',
)
[ info ] [ PARAM ] array (
  'method' => 'user.login',
  'phone' => '18321271831',
  'code' => '3642',
  'password' => '12345678',
  'type' => '1',
  'name' => '234',
)
[ info ] [ CACHE ] INIT File
[ info ] [ BEHAVIOR ] Run app\common\behavior\Config @app_begin [ RunTime:0.036459s ]
[ info ] [ BEHAVIOR ] Run app\common\behavior\Hook @app_begin [ RunTime:0.046655s ]
[ info ] [ RUN ] app\api\home\Index->index[ /data/httpd/ucschool/application/api/home/Index.php ]
[ info ] [ SESSION ] INIT array (
  'id' => '',
  'var_session_id' => '',
  'prefix' => 'dolphin_admin_',
  'type' => '',
  'auto_start' => true,
)
[ info ] [ LOG ] INIT File
---------------------------------------------------------------
[ 2018-05-07T18:42:56+08:00 ] 10.0.2.2 GET /api.php?method=user.login&phone=18321271831&code=3642&password=12345678&type=1&name=234
[ info ] zg.ucschool.com/api.php?method=user.login&phone=18321271831&code=3642&password=12345678&type=1&name=234 [运行时间：0.205958s][吞吐率：4.86req/s] [内存消耗：579.54kb] [文件加载：45]
[ info ] [ LANG ] /data/httpd/ucschool/thinkphp/lang/zh-cn.php
[ info ] [ ROUTE ] array (
  'type' => 'module',
  'module' => 
  array (
    0 => 'api',
    1 => NULL,
    2 => NULL,
  ),
)
[ info ] [ HEADER ] array (
  'host' => 'zg.ucschool.com',
  'connection' => 'keep-alive',
  'cache-control' => 'max-age=0',
  'upgrade-insecure-requests' => '1',
  'user-agent' => 'Mozilla/5.0 (Macintosh; Intel Mac OS X 10_12_5) AppleWebKit/537.36 (KHTML, like Gecko) Chrome/65.0.3325.181 Safari/537.36',
  'accept' => 'text/html,application/xhtml+xml,application/xml;q=0.9,image/webp,image/apng,*/*;q=0.8',
  'accept-encoding' => 'gzip, deflate',
  'accept-language' => 'zh-CN,zh;q=0.9,en;q=0.8',
  'cookie' => 'PHPSESSID=2tkom1rtvcprbs8b0oi2ri7kl7',
  'content-type' => '',
  'content-length' => '',
)
[ info ] [ PARAM ] array (
  'method' => 'user.login',
  'phone' => '18321271831',
  'code' => '3642',
  'password' => '12345678',
  'type' => '1',
  'name' => '234',
)
[ info ] [ CACHE ] INIT File
[ info ] [ BEHAVIOR ] Run app\common\behavior\Config @app_begin [ RunTime:0.020306s ]
[ info ] [ BEHAVIOR ] Run app\common\behavior\Hook @app_begin [ RunTime:0.033290s ]
[ info ] [ RUN ] app\api\home\Index->index[ /data/httpd/ucschool/application/api/home/Index.php ]
[ info ] [ SESSION ] INIT array (
  'id' => '',
  'var_session_id' => '',
  'prefix' => 'dolphin_admin_',
  'type' => '',
  'auto_start' => true,
)
[ info ] [ LOG ] INIT File
---------------------------------------------------------------
[ 2018-05-07T18:43:05+08:00 ] 10.0.2.2 GET /api.php?method=user.login&phone=18321271831&code=3642&password=12345678&type=1&name=234
[ info ] zg.ucschool.com/api.php?method=user.login&phone=18321271831&code=3642&password=12345678&type=1&name=234 [运行时间：0.224405s][吞吐率：4.46req/s] [内存消耗：580.21kb] [文件加载：45]
[ info ] [ LANG ] /data/httpd/ucschool/thinkphp/lang/zh-cn.php
[ info ] [ ROUTE ] array (
  'type' => 'module',
  'module' => 
  array (
    0 => 'api',
    1 => NULL,
    2 => NULL,
  ),
)
[ info ] [ HEADER ] array (
  'host' => 'zg.ucschool.com',
  'connection' => 'keep-alive',
  'cache-control' => 'max-age=0',
  'upgrade-insecure-requests' => '1',
  'user-agent' => 'Mozilla/5.0 (Macintosh; Intel Mac OS X 10_12_5) AppleWebKit/537.36 (KHTML, like Gecko) Chrome/65.0.3325.181 Safari/537.36',
  'accept' => 'text/html,application/xhtml+xml,application/xml;q=0.9,image/webp,image/apng,*/*;q=0.8',
  'accept-encoding' => 'gzip, deflate',
  'accept-language' => 'zh-CN,zh;q=0.9,en;q=0.8',
  'cookie' => 'PHPSESSID=2tkom1rtvcprbs8b0oi2ri7kl7',
  'content-type' => '',
  'content-length' => '',
)
[ info ] [ PARAM ] array (
  'method' => 'user.login',
  'phone' => '18321271831',
  'code' => '3642',
  'password' => '12345678',
  'type' => '1',
  'name' => '234',
)
[ info ] [ CACHE ] INIT File
[ info ] [ BEHAVIOR ] Run app\common\behavior\Config @app_begin [ RunTime:0.020215s ]
[ info ] [ BEHAVIOR ] Run app\common\behavior\Hook @app_begin [ RunTime:0.025407s ]
[ info ] [ RUN ] app\api\home\Index->index[ /data/httpd/ucschool/application/api/home/Index.php ]
[ info ] [ SESSION ] INIT array (
  'id' => '',
  'var_session_id' => '',
  'prefix' => 'dolphin_admin_',
  'type' => '',
  'auto_start' => true,
)
[ info ] [ LOG ] INIT File
---------------------------------------------------------------
[ 2018-05-07T18:43:09+08:00 ] 10.0.2.2 GET /api.php?method=user.login&phone=18321271831&code=3642&password=12345678&type=1&name=234
[ info ] zg.ucschool.com/api.php?method=user.login&phone=18321271831&code=3642&password=12345678&type=1&name=234 [运行时间：0.181013s][吞吐率：5.52req/s] [内存消耗：579.54kb] [文件加载：45]
[ info ] [ LANG ] /data/httpd/ucschool/thinkphp/lang/zh-cn.php
[ info ] [ ROUTE ] array (
  'type' => 'module',
  'module' => 
  array (
    0 => 'api',
    1 => NULL,
    2 => NULL,
  ),
)
[ info ] [ HEADER ] array (
  'host' => 'zg.ucschool.com',
  'connection' => 'keep-alive',
  'cache-control' => 'max-age=0',
  'upgrade-insecure-requests' => '1',
  'user-agent' => 'Mozilla/5.0 (Macintosh; Intel Mac OS X 10_12_5) AppleWebKit/537.36 (KHTML, like Gecko) Chrome/65.0.3325.181 Safari/537.36',
  'accept' => 'text/html,application/xhtml+xml,application/xml;q=0.9,image/webp,image/apng,*/*;q=0.8',
  'accept-encoding' => 'gzip, deflate',
  'accept-language' => 'zh-CN,zh;q=0.9,en;q=0.8',
  'cookie' => 'PHPSESSID=2tkom1rtvcprbs8b0oi2ri7kl7',
  'content-type' => '',
  'content-length' => '',
)
[ info ] [ PARAM ] array (
  'method' => 'user.login',
  'phone' => '18321271831',
  'code' => '3642',
  'password' => '12345678',
  'type' => '1',
  'name' => '234',
)
[ info ] [ CACHE ] INIT File
[ info ] [ BEHAVIOR ] Run app\common\behavior\Config @app_begin [ RunTime:0.017694s ]
[ info ] [ BEHAVIOR ] Run app\common\behavior\Hook @app_begin [ RunTime:0.023484s ]
[ info ] [ RUN ] app\api\home\Index->index[ /data/httpd/ucschool/application/api/home/Index.php ]
[ info ] [ SESSION ] INIT array (
  'id' => '',
  'var_session_id' => '',
  'prefix' => 'dolphin_admin_',
  'type' => '',
  'auto_start' => true,
)
[ info ] [ LOG ] INIT File
---------------------------------------------------------------
[ 2018-05-07T19:07:09+08:00 ] 10.0.2.2 GET /api.php?method=user.login&phone=18321271831&code=3642&password=12345678&type=1&name=234
[ info ] zg.ucschool.com/api.php?method=user.login&phone=18321271831&code=3642&password=12345678&type=1&name=234 [运行时间：0.984529s][吞吐率：1.02req/s] [内存消耗：769.94kb] [文件加载：53]
[ info ] [ LANG ] /data/httpd/ucschool/thinkphp/lang/zh-cn.php
[ info ] [ ROUTE ] array (
  'type' => 'module',
  'module' => 
  array (
    0 => 'api',
    1 => NULL,
    2 => NULL,
  ),
)
[ info ] [ HEADER ] array (
  'host' => 'zg.ucschool.com',
  'connection' => 'keep-alive',
  'cache-control' => 'max-age=0',
  'upgrade-insecure-requests' => '1',
  'user-agent' => 'Mozilla/5.0 (Macintosh; Intel Mac OS X 10_12_5) AppleWebKit/537.36 (KHTML, like Gecko) Chrome/65.0.3325.181 Safari/537.36',
  'accept' => 'text/html,application/xhtml+xml,application/xml;q=0.9,image/webp,image/apng,*/*;q=0.8',
  'accept-encoding' => 'gzip, deflate',
  'accept-language' => 'zh-CN,zh;q=0.9,en;q=0.8',
  'cookie' => 'PHPSESSID=2tkom1rtvcprbs8b0oi2ri7kl7',
  'content-type' => '',
  'content-length' => '',
)
[ info ] [ PARAM ] array (
  'method' => 'user.login',
  'phone' => '18321271831',
  'code' => '3642',
  'password' => '12345678',
  'type' => '1',
  'name' => '234',
)
[ info ] [ CACHE ] INIT File
[ info ] [ BEHAVIOR ] Run app\common\behavior\Config @app_begin [ RunTime:0.037502s ]
[ info ] [ BEHAVIOR ] Run app\common\behavior\Hook @app_begin [ RunTime:0.046963s ]
[ info ] [ RUN ] app\api\home\Index->index[ /data/httpd/ucschool/application/api/home/Index.php ]
[ info ] [ SESSION ] INIT array (
  'id' => '',
  'var_session_id' => '',
  'prefix' => 'dolphin_admin_',
  'type' => '',
  'auto_start' => true,
)
[ info ] [ DB ] INIT mysql
[ info ] [ LOG ] INIT File
[ sql ] [ DB ] CONNECT:[ UseTime:0.175042s ] mysql:host=139.196.20.81;port=3306;dbname=uxueyuan;charset=utf8
[ sql ] [ SQL ] SHOW COLUMNS FROM `toplearning_login` [ RunTime:0.145740s ]
[ sql ] [ SQL ] SELECT * FROM `toplearning_login` WHERE  `mobile` = '18321271831' LIMIT 1 [ RunTime:0.180763s ]
---------------------------------------------------------------
[ 2018-05-07T19:07:35+08:00 ] 10.0.2.2 GET /api.php?method=user.findPassword&phone=18321271831&code=3642&password=12345678&type=1&name=234
[ info ] zg.ucschool.com/api.php?method=user.findPassword&phone=18321271831&code=3642&password=12345678&type=1&name=234 [运行时间：0.349878s][吞吐率：2.86req/s] [内存消耗：579.30kb] [文件加载：45]
[ info ] [ LANG ] /data/httpd/ucschool/thinkphp/lang/zh-cn.php
[ info ] [ ROUTE ] array (
  'type' => 'module',
  'module' => 
  array (
    0 => 'api',
    1 => NULL,
    2 => NULL,
  ),
)
[ info ] [ HEADER ] array (
  'host' => 'zg.ucschool.com',
  'connection' => 'keep-alive',
  'upgrade-insecure-requests' => '1',
  'user-agent' => 'Mozilla/5.0 (Macintosh; Intel Mac OS X 10_12_5) AppleWebKit/537.36 (KHTML, like Gecko) Chrome/65.0.3325.181 Safari/537.36',
  'accept' => 'text/html,application/xhtml+xml,application/xml;q=0.9,image/webp,image/apng,*/*;q=0.8',
  'accept-encoding' => 'gzip, deflate',
  'accept-language' => 'zh-CN,zh;q=0.9,en;q=0.8',
  'cookie' => 'PHPSESSID=2tkom1rtvcprbs8b0oi2ri7kl7',
  'content-type' => '',
  'content-length' => '',
)
[ info ] [ PARAM ] array (
  'method' => 'user.findPassword',
  'phone' => '18321271831',
  'code' => '3642',
  'password' => '12345678',
  'type' => '1',
  'name' => '234',
)
[ info ] [ CACHE ] INIT File
[ info ] [ BEHAVIOR ] Run app\common\behavior\Config @app_begin [ RunTime:0.032543s ]
[ info ] [ BEHAVIOR ] Run app\common\behavior\Hook @app_begin [ RunTime:0.042587s ]
[ info ] [ RUN ] app\api\home\Index->index[ /data/httpd/ucschool/application/api/home/Index.php ]
[ info ] [ SESSION ] INIT array (
  'id' => '',
  'var_session_id' => '',
  'prefix' => 'dolphin_admin_',
  'type' => '',
  'auto_start' => true,
)
[ info ] [ LOG ] INIT File
---------------------------------------------------------------
[ 2018-05-07T19:07:50+08:00 ] 10.0.2.2 GET /api.php?method=user.findPassword&phone=18321271831&code=3642&password=12345678&type=1&name=234
[ info ] zg.ucschool.com/api.php?method=user.findPassword&phone=18321271831&code=3642&password=12345678&type=1&name=234 [运行时间：0.355567s][吞吐率：2.81req/s] [内存消耗：578.36kb] [文件加载：45]
[ info ] [ LANG ] /data/httpd/ucschool/thinkphp/lang/zh-cn.php
[ info ] [ ROUTE ] array (
  'type' => 'module',
  'module' => 
  array (
    0 => 'api',
    1 => NULL,
    2 => NULL,
  ),
)
[ info ] [ HEADER ] array (
  'host' => 'zg.ucschool.com',
  'upgrade-insecure-requests' => '1',
  'accept' => 'text/html,application/xhtml+xml,application/xml;q=0.9,*/*;q=0.8',
  'user-agent' => 'Mozilla/5.0 (Macintosh; Intel Mac OS X 10_12_5) AppleWebKit/603.2.4 (KHTML, like Gecko) Version/10.1.1 Safari/603.2.4',
  'accept-language' => 'zh-cn',
  'accept-encoding' => 'gzip, deflate',
  'connection' => 'keep-alive',
  'content-type' => '',
  'content-length' => '',
)
[ info ] [ PARAM ] array (
  'method' => 'user.findPassword',
  'phone' => '18321271831',
  'code' => '3642',
  'password' => '12345678',
  'type' => '1',
  'name' => '234',
)
[ info ] [ CACHE ] INIT File
[ info ] [ BEHAVIOR ] Run app\common\behavior\Config @app_begin [ RunTime:0.029109s ]
[ info ] [ BEHAVIOR ] Run app\common\behavior\Hook @app_begin [ RunTime:0.044926s ]
[ info ] [ RUN ] app\api\home\Index->index[ /data/httpd/ucschool/application/api/home/Index.php ]
[ info ] [ SESSION ] INIT array (
  'id' => '',
  'var_session_id' => '',
  'prefix' => 'dolphin_admin_',
  'type' => '',
  'auto_start' => true,
)
[ info ] [ LOG ] INIT File
---------------------------------------------------------------
[ 2018-05-07T19:08:04+08:00 ] 10.0.2.2 GET /api.php?method=user.findPassword&phone=18321271831&code=3642&password=12345678&type=1&name=234
[ info ] zg.ucschool.com/api.php?method=user.findPassword&phone=18321271831&code=3642&password=12345678&type=1&name=234 [运行时间：0.329497s][吞吐率：3.03req/s] [内存消耗：569.55kb] [文件加载：44]
[ info ] [ LANG ] /data/httpd/ucschool/thinkphp/lang/zh-cn.php
[ info ] [ ROUTE ] array (
  'type' => 'module',
  'module' => 
  array (
    0 => 'api',
    1 => NULL,
    2 => NULL,
  ),
)
[ info ] [ HEADER ] array (
  'host' => 'zg.ucschool.com',
  'accept' => 'text/html,application/xhtml+xml,application/xml;q=0.9,*/*;q=0.8',
  'upgrade-insecure-requests' => '1',
  'cookie' => 'PHPSESSID=bqeqv1t21m8quiejsr0nva4gv2',
  'user-agent' => 'Mozilla/5.0 (Macintosh; Intel Mac OS X 10_12_5) AppleWebKit/603.2.4 (KHTML, like Gecko) Version/10.1.1 Safari/603.2.4',
  'accept-language' => 'zh-cn',
  'accept-encoding' => 'gzip, deflate',
  'connection' => 'keep-alive',
  'content-type' => '',
  'content-length' => '',
)
[ info ] [ PARAM ] array (
  'method' => 'user.findPassword',
  'phone' => '18321271831',
  'code' => '3642',
  'password' => '12345678',
  'type' => '1',
  'name' => '234',
)
[ info ] [ CACHE ] INIT File
[ info ] [ BEHAVIOR ] Run app\common\behavior\Config @app_begin [ RunTime:0.034919s ]
[ info ] [ BEHAVIOR ] Run app\common\behavior\Hook @app_begin [ RunTime:0.041233s ]
[ info ] [ RUN ] app\api\home\Index->index[ /data/httpd/ucschool/application/api/home/Index.php ]
[ info ] [ LOG ] INIT File
---------------------------------------------------------------
[ 2018-05-07T19:08:08+08:00 ] 10.0.2.2 GET /api.php?method=user.findPassword&phone=18321271831&code=3642&password=12345678&type=1&name=234
[ info ] zg.ucschool.com/api.php?method=user.findPassword&phone=18321271831&code=3642&password=12345678&type=1&name=234 [运行时间：0.198480s][吞吐率：5.04req/s] [内存消耗：578.44kb] [文件加载：45]
[ info ] [ LANG ] /data/httpd/ucschool/thinkphp/lang/zh-cn.php
[ info ] [ ROUTE ] array (
  'type' => 'module',
  'module' => 
  array (
    0 => 'api',
    1 => NULL,
    2 => NULL,
  ),
)
[ info ] [ HEADER ] array (
  'host' => 'zg.ucschool.com',
  'accept' => 'text/html,application/xhtml+xml,application/xml;q=0.9,*/*;q=0.8',
  'upgrade-insecure-requests' => '1',
  'cookie' => 'PHPSESSID=bqeqv1t21m8quiejsr0nva4gv2',
  'user-agent' => 'Mozilla/5.0 (Macintosh; Intel Mac OS X 10_12_5) AppleWebKit/603.2.4 (KHTML, like Gecko) Version/10.1.1 Safari/603.2.4',
  'accept-language' => 'zh-cn',
  'accept-encoding' => 'gzip, deflate',
  'connection' => 'keep-alive',
  'content-type' => '',
  'content-length' => '',
)
[ info ] [ PARAM ] array (
  'method' => 'user.findPassword',
  'phone' => '18321271831',
  'code' => '3642',
  'password' => '12345678',
  'type' => '1',
  'name' => '234',
)
[ info ] [ CACHE ] INIT File
[ info ] [ BEHAVIOR ] Run app\common\behavior\Config @app_begin [ RunTime:0.018146s ]
[ info ] [ BEHAVIOR ] Run app\common\behavior\Hook @app_begin [ RunTime:0.023726s ]
[ info ] [ RUN ] app\api\home\Index->index[ /data/httpd/ucschool/application/api/home/Index.php ]
[ info ] [ SESSION ] INIT array (
  'id' => '',
  'var_session_id' => '',
  'prefix' => 'dolphin_admin_',
  'type' => '',
  'auto_start' => true,
)
[ info ] [ LOG ] INIT File
---------------------------------------------------------------
[ 2018-05-07T19:17:07+08:00 ] 10.0.2.2 GET /api.php?method=user.findPassword&phone=18321271831&code=3642&password=12345678&type=1&name=234
[ info ] zg.ucschool.com/api.php?method=user.findPassword&phone=18321271831&code=3642&password=12345678&type=1&name=234 [运行时间：0.343695s][吞吐率：2.91req/s] [内存消耗：578.45kb] [文件加载：45]
[ info ] [ LANG ] /data/httpd/ucschool/thinkphp/lang/zh-cn.php
[ info ] [ ROUTE ] array (
  'type' => 'module',
  'module' => 
  array (
    0 => 'api',
    1 => NULL,
    2 => NULL,
  ),
)
[ info ] [ HEADER ] array (
  'host' => 'zg.ucschool.com',
  'accept' => 'text/html,application/xhtml+xml,application/xml;q=0.9,*/*;q=0.8',
  'upgrade-insecure-requests' => '1',
  'cookie' => 'PHPSESSID=bqeqv1t21m8quiejsr0nva4gv2',
  'user-agent' => 'Mozilla/5.0 (Macintosh; Intel Mac OS X 10_12_5) AppleWebKit/603.2.4 (KHTML, like Gecko) Version/10.1.1 Safari/603.2.4',
  'accept-language' => 'zh-cn',
  'accept-encoding' => 'gzip, deflate',
  'connection' => 'keep-alive',
  'content-type' => '',
  'content-length' => '',
)
[ info ] [ PARAM ] array (
  'method' => 'user.findPassword',
  'phone' => '18321271831',
  'code' => '3642',
  'password' => '12345678',
  'type' => '1',
  'name' => '234',
)
[ info ] [ CACHE ] INIT File
[ info ] [ BEHAVIOR ] Run app\common\behavior\Config @app_begin [ RunTime:0.033680s ]
[ info ] [ BEHAVIOR ] Run app\common\behavior\Hook @app_begin [ RunTime:0.042215s ]
[ info ] [ RUN ] app\api\home\Index->index[ /data/httpd/ucschool/application/api/home/Index.php ]
[ info ] [ SESSION ] INIT array (
  'id' => '',
  'var_session_id' => '',
  'prefix' => 'dolphin_admin_',
  'type' => '',
  'auto_start' => true,
)
[ info ] [ LOG ] INIT File
---------------------------------------------------------------
[ 2018-05-07T19:17:56+08:00 ] 10.0.2.2 GET /api.php?method=user.findPassword&phone=18321271831&code=3642&password=12345678&type=1&name=234
[ info ] zg.ucschool.com/api.php?method=user.findPassword&phone=18321271831&code=3642&password=12345678&type=1&name=234 [运行时间：0.362363s][吞吐率：2.76req/s] [内存消耗：579.04kb] [文件加载：45]
[ info ] [ LANG ] /data/httpd/ucschool/thinkphp/lang/zh-cn.php
[ info ] [ ROUTE ] array (
  'type' => 'module',
  'module' => 
  array (
    0 => 'api',
    1 => NULL,
    2 => NULL,
  ),
)
[ info ] [ HEADER ] array (
  'host' => 'zg.ucschool.com',
  'accept' => 'text/html,application/xhtml+xml,application/xml;q=0.9,*/*;q=0.8',
  'upgrade-insecure-requests' => '1',
  'cookie' => 'PHPSESSID=bqeqv1t21m8quiejsr0nva4gv2',
  'user-agent' => 'Mozilla/5.0 (Macintosh; Intel Mac OS X 10_12_5) AppleWebKit/603.2.4 (KHTML, like Gecko) Version/10.1.1 Safari/603.2.4',
  'accept-language' => 'zh-cn',
  'accept-encoding' => 'gzip, deflate',
  'connection' => 'keep-alive',
  'content-type' => '',
  'content-length' => '',
)
[ info ] [ PARAM ] array (
  'method' => 'user.findPassword',
  'phone' => '18321271831',
  'code' => '3642',
  'password' => '12345678',
  'type' => '1',
  'name' => '234',
)
[ info ] [ CACHE ] INIT File
[ info ] [ BEHAVIOR ] Run app\common\behavior\Config @app_begin [ RunTime:0.031199s ]
[ info ] [ BEHAVIOR ] Run app\common\behavior\Hook @app_begin [ RunTime:0.047629s ]
[ info ] [ RUN ] app\api\home\Index->index[ /data/httpd/ucschool/application/api/home/Index.php ]
[ info ] [ SESSION ] INIT array (
  'id' => '',
  'var_session_id' => '',
  'prefix' => 'dolphin_admin_',
  'type' => '',
  'auto_start' => true,
)
[ info ] [ LOG ] INIT File
---------------------------------------------------------------
[ 2018-05-07T19:18:27+08:00 ] 10.0.2.2 GET /api.php?method=user.findPassword&phone=18321271831&code=3642&password=12345678&type=1&name=234
[ info ] zg.ucschool.com/api.php?method=user.findPassword&phone=18321271831&code=3642&password=12345678&type=1&name=234 [运行时间：0.358804s][吞吐率：2.79req/s] [内存消耗：580.07kb] [文件加载：45]
[ info ] [ LANG ] /data/httpd/ucschool/thinkphp/lang/zh-cn.php
[ info ] [ ROUTE ] array (
  'type' => 'module',
  'module' => 
  array (
    0 => 'api',
    1 => NULL,
    2 => NULL,
  ),
)
[ info ] [ HEADER ] array (
  'host' => 'zg.ucschool.com',
  'connection' => 'keep-alive',
  'cache-control' => 'max-age=0',
  'upgrade-insecure-requests' => '1',
  'user-agent' => 'Mozilla/5.0 (Macintosh; Intel Mac OS X 10_12_5) AppleWebKit/537.36 (KHTML, like Gecko) Chrome/65.0.3325.181 Safari/537.36',
  'accept' => 'text/html,application/xhtml+xml,application/xml;q=0.9,image/webp,image/apng,*/*;q=0.8',
  'accept-encoding' => 'gzip, deflate',
  'accept-language' => 'zh-CN,zh;q=0.9,en;q=0.8',
  'cookie' => 'PHPSESSID=2tkom1rtvcprbs8b0oi2ri7kl7',
  'content-type' => '',
  'content-length' => '',
)
[ info ] [ PARAM ] array (
  'method' => 'user.findPassword',
  'phone' => '18321271831',
  'code' => '3642',
  'password' => '12345678',
  'type' => '1',
  'name' => '234',
)
[ info ] [ CACHE ] INIT File
[ info ] [ BEHAVIOR ] Run app\common\behavior\Config @app_begin [ RunTime:0.029823s ]
[ info ] [ BEHAVIOR ] Run app\common\behavior\Hook @app_begin [ RunTime:0.038644s ]
[ info ] [ RUN ] app\api\home\Index->index[ /data/httpd/ucschool/application/api/home/Index.php ]
[ info ] [ SESSION ] INIT array (
  'id' => '',
  'var_session_id' => '',
  'prefix' => 'dolphin_admin_',
  'type' => '',
  'auto_start' => true,
)
[ info ] [ LOG ] INIT File
---------------------------------------------------------------
[ 2018-05-07T19:18:30+08:00 ] 10.0.2.2 GET /api.php?method=user.findPassword&phone=18321271831&code=3642&password=12345678&type=1&name=234
[ info ] zg.ucschool.com/api.php?method=user.findPassword&phone=18321271831&code=3642&password=12345678&type=1&name=234 [运行时间：0.205840s][吞吐率：4.86req/s] [内存消耗：580.07kb] [文件加载：45]
[ info ] [ LANG ] /data/httpd/ucschool/thinkphp/lang/zh-cn.php
[ info ] [ ROUTE ] array (
  'type' => 'module',
  'module' => 
  array (
    0 => 'api',
    1 => NULL,
    2 => NULL,
  ),
)
[ info ] [ HEADER ] array (
  'host' => 'zg.ucschool.com',
  'connection' => 'keep-alive',
  'cache-control' => 'max-age=0',
  'upgrade-insecure-requests' => '1',
  'user-agent' => 'Mozilla/5.0 (Macintosh; Intel Mac OS X 10_12_5) AppleWebKit/537.36 (KHTML, like Gecko) Chrome/65.0.3325.181 Safari/537.36',
  'accept' => 'text/html,application/xhtml+xml,application/xml;q=0.9,image/webp,image/apng,*/*;q=0.8',
  'accept-encoding' => 'gzip, deflate',
  'accept-language' => 'zh-CN,zh;q=0.9,en;q=0.8',
  'cookie' => 'PHPSESSID=2tkom1rtvcprbs8b0oi2ri7kl7',
  'content-type' => '',
  'content-length' => '',
)
[ info ] [ PARAM ] array (
  'method' => 'user.findPassword',
  'phone' => '18321271831',
  'code' => '3642',
  'password' => '12345678',
  'type' => '1',
  'name' => '234',
)
[ info ] [ CACHE ] INIT File
[ info ] [ BEHAVIOR ] Run app\common\behavior\Config @app_begin [ RunTime:0.021599s ]
[ info ] [ BEHAVIOR ] Run app\common\behavior\Hook @app_begin [ RunTime:0.026653s ]
[ info ] [ RUN ] app\api\home\Index->index[ /data/httpd/ucschool/application/api/home/Index.php ]
[ info ] [ SESSION ] INIT array (
  'id' => '',
  'var_session_id' => '',
  'prefix' => 'dolphin_admin_',
  'type' => '',
  'auto_start' => true,
)
[ info ] [ LOG ] INIT File
---------------------------------------------------------------
[ 2018-05-07T19:18:34+08:00 ] 10.0.2.2 GET /api.php?method=user.findPassword&phone=18321271831&code=3642&password=12345678&type=1&name=234
[ info ] zg.ucschool.com/api.php?method=user.findPassword&phone=18321271831&code=3642&password=12345678&type=1&name=234 [运行时间：0.328422s][吞吐率：3.04req/s] [内存消耗：579.04kb] [文件加载：45]
[ info ] [ LANG ] /data/httpd/ucschool/thinkphp/lang/zh-cn.php
[ info ] [ ROUTE ] array (
  'type' => 'module',
  'module' => 
  array (
    0 => 'api',
    1 => NULL,
    2 => NULL,
  ),
)
[ info ] [ HEADER ] array (
  'host' => 'zg.ucschool.com',
  'accept' => 'text/html,application/xhtml+xml,application/xml;q=0.9,*/*;q=0.8',
  'upgrade-insecure-requests' => '1',
  'cookie' => 'PHPSESSID=bqeqv1t21m8quiejsr0nva4gv2',
  'user-agent' => 'Mozilla/5.0 (Macintosh; Intel Mac OS X 10_12_5) AppleWebKit/603.2.4 (KHTML, like Gecko) Version/10.1.1 Safari/603.2.4',
  'accept-language' => 'zh-cn',
  'accept-encoding' => 'gzip, deflate',
  'connection' => 'keep-alive',
  'content-type' => '',
  'content-length' => '',
)
[ info ] [ PARAM ] array (
  'method' => 'user.findPassword',
  'phone' => '18321271831',
  'code' => '3642',
  'password' => '12345678',
  'type' => '1',
  'name' => '234',
)
[ info ] [ CACHE ] INIT File
[ info ] [ BEHAVIOR ] Run app\common\behavior\Config @app_begin [ RunTime:0.059018s ]
[ info ] [ BEHAVIOR ] Run app\common\behavior\Hook @app_begin [ RunTime:0.033513s ]
[ info ] [ RUN ] app\api\home\Index->index[ /data/httpd/ucschool/application/api/home/Index.php ]
[ info ] [ SESSION ] INIT array (
  'id' => '',
  'var_session_id' => '',
  'prefix' => 'dolphin_admin_',
  'type' => '',
  'auto_start' => true,
)
[ info ] [ LOG ] INIT File
---------------------------------------------------------------
[ 2018-05-07T19:18:38+08:00 ] 10.0.2.2 GET /api.php?method=user.findPassword&phone=18321271831&code=3642&password=12345678&type=1&name=234
[ info ] zg.ucschool.com/api.php?method=user.findPassword&phone=18321271831&code=3642&password=12345678&type=1&name=234 [运行时间：0.182314s][吞吐率：5.49req/s] [内存消耗：579.04kb] [文件加载：45]
[ info ] [ LANG ] /data/httpd/ucschool/thinkphp/lang/zh-cn.php
[ info ] [ ROUTE ] array (
  'type' => 'module',
  'module' => 
  array (
    0 => 'api',
    1 => NULL,
    2 => NULL,
  ),
)
[ info ] [ HEADER ] array (
  'host' => 'zg.ucschool.com',
  'accept' => 'text/html,application/xhtml+xml,application/xml;q=0.9,*/*;q=0.8',
  'upgrade-insecure-requests' => '1',
  'cookie' => 'PHPSESSID=bqeqv1t21m8quiejsr0nva4gv2',
  'user-agent' => 'Mozilla/5.0 (Macintosh; Intel Mac OS X 10_12_5) AppleWebKit/603.2.4 (KHTML, like Gecko) Version/10.1.1 Safari/603.2.4',
  'accept-language' => 'zh-cn',
  'accept-encoding' => 'gzip, deflate',
  'connection' => 'keep-alive',
  'content-type' => '',
  'content-length' => '',
)
[ info ] [ PARAM ] array (
  'method' => 'user.findPassword',
  'phone' => '18321271831',
  'code' => '3642',
  'password' => '12345678',
  'type' => '1',
  'name' => '234',
)
[ info ] [ CACHE ] INIT File
[ info ] [ BEHAVIOR ] Run app\common\behavior\Config @app_begin [ RunTime:0.018090s ]
[ info ] [ BEHAVIOR ] Run app\common\behavior\Hook @app_begin [ RunTime:0.021724s ]
[ info ] [ RUN ] app\api\home\Index->index[ /data/httpd/ucschool/application/api/home/Index.php ]
[ info ] [ SESSION ] INIT array (
  'id' => '',
  'var_session_id' => '',
  'prefix' => 'dolphin_admin_',
  'type' => '',
  'auto_start' => true,
)
[ info ] [ LOG ] INIT File
---------------------------------------------------------------
[ 2018-05-07T19:18:44+08:00 ] 10.0.2.2 GET /api.php?method=user.findPassword&phone=18321271831&code=3642&password=12345678&type=1&name=234
[ info ] zg.ucschool.com/api.php?method=user.findPassword&phone=18321271831&code=3642&password=12345678&type=1&name=234 [运行时间：0.216253s][吞吐率：4.62req/s] [内存消耗：579.04kb] [文件加载：45]
[ info ] [ LANG ] /data/httpd/ucschool/thinkphp/lang/zh-cn.php
[ info ] [ ROUTE ] array (
  'type' => 'module',
  'module' => 
  array (
    0 => 'api',
    1 => NULL,
    2 => NULL,
  ),
)
[ info ] [ HEADER ] array (
  'host' => 'zg.ucschool.com',
  'accept' => 'text/html,application/xhtml+xml,application/xml;q=0.9,*/*;q=0.8',
  'upgrade-insecure-requests' => '1',
  'cookie' => 'PHPSESSID=bqeqv1t21m8quiejsr0nva4gv2',
  'user-agent' => 'Mozilla/5.0 (Macintosh; Intel Mac OS X 10_12_5) AppleWebKit/603.2.4 (KHTML, like Gecko) Version/10.1.1 Safari/603.2.4',
  'accept-language' => 'zh-cn',
  'accept-encoding' => 'gzip, deflate',
  'connection' => 'keep-alive',
  'content-type' => '',
  'content-length' => '',
)
[ info ] [ PARAM ] array (
  'method' => 'user.findPassword',
  'phone' => '18321271831',
  'code' => '3642',
  'password' => '12345678',
  'type' => '1',
  'name' => '234',
)
[ info ] [ CACHE ] INIT File
[ info ] [ BEHAVIOR ] Run app\common\behavior\Config @app_begin [ RunTime:0.020382s ]
[ info ] [ BEHAVIOR ] Run app\common\behavior\Hook @app_begin [ RunTime:0.034739s ]
[ info ] [ RUN ] app\api\home\Index->index[ /data/httpd/ucschool/application/api/home/Index.php ]
[ info ] [ SESSION ] INIT array (
  'id' => '',
  'var_session_id' => '',
  'prefix' => 'dolphin_admin_',
  'type' => '',
  'auto_start' => true,
)
[ info ] [ LOG ] INIT File
---------------------------------------------------------------
[ 2018-05-07T19:19:35+08:00 ] 10.0.2.2 GET /api.php?method=user.login&phone=18321271831&code=3642&password=12345678&type=1&name=234
[ info ] zg.ucschool.com/api.php?method=user.login&phone=18321271831&code=3642&password=12345678&type=1&name=234 [运行时间：0.649552s][吞吐率：1.54req/s] [内存消耗：768.17kb] [文件加载：53]
[ info ] [ LANG ] /data/httpd/ucschool/thinkphp/lang/zh-cn.php
[ info ] [ ROUTE ] array (
  'type' => 'module',
  'module' => 
  array (
    0 => 'api',
    1 => NULL,
    2 => NULL,
  ),
)
[ info ] [ HEADER ] array (
  'host' => 'zg.ucschool.com',
  'connection' => 'keep-alive',
  'upgrade-insecure-requests' => '1',
  'user-agent' => 'Mozilla/5.0 (Macintosh; Intel Mac OS X 10_12_5) AppleWebKit/537.36 (KHTML, like Gecko) Chrome/65.0.3325.181 Safari/537.36',
  'accept' => 'text/html,application/xhtml+xml,application/xml;q=0.9,image/webp,image/apng,*/*;q=0.8',
  'accept-encoding' => 'gzip, deflate',
  'accept-language' => 'zh-CN,zh;q=0.9,en;q=0.8',
  'cookie' => 'PHPSESSID=2tkom1rtvcprbs8b0oi2ri7kl7',
  'content-type' => '',
  'content-length' => '',
)
[ info ] [ PARAM ] array (
  'method' => 'user.login',
  'phone' => '18321271831',
  'code' => '3642',
  'password' => '12345678',
  'type' => '1',
  'name' => '234',
)
[ info ] [ CACHE ] INIT File
[ info ] [ BEHAVIOR ] Run app\common\behavior\Config @app_begin [ RunTime:0.034450s ]
[ info ] [ BEHAVIOR ] Run app\common\behavior\Hook @app_begin [ RunTime:0.050562s ]
[ info ] [ RUN ] app\api\home\Index->index[ /data/httpd/ucschool/application/api/home/Index.php ]
[ info ] [ DB ] INIT mysql
[ info ] [ LOG ] INIT File
[ sql ] [ DB ] CONNECT:[ UseTime:0.057209s ] mysql:host=139.196.20.81;port=3306;dbname=uxueyuan;charset=utf8
[ sql ] [ SQL ] SHOW COLUMNS FROM `toplearning_login` [ RunTime:0.036398s ]
[ sql ] [ SQL ] SELECT * FROM `toplearning_login` WHERE  `mobile` = '18321271831' LIMIT 1 [ RunTime:0.094424s ]
---------------------------------------------------------------
[ 2018-05-07T19:19:38+08:00 ] 10.0.2.2 GET /api.php?method=user.login&phone=18321271831&code=3642&password=12345678&type=1&name=234
[ info ] zg.ucschool.com/api.php?method=user.login&phone=18321271831&code=3642&password=12345678&type=1&name=234 [运行时间：0.381870s][吞吐率：2.62req/s] [内存消耗：768.34kb] [文件加载：53]
[ info ] [ LANG ] /data/httpd/ucschool/thinkphp/lang/zh-cn.php
[ info ] [ ROUTE ] array (
  'type' => 'module',
  'module' => 
  array (
    0 => 'api',
    1 => NULL,
    2 => NULL,
  ),
)
[ info ] [ HEADER ] array (
  'host' => 'zg.ucschool.com',
  'connection' => 'keep-alive',
  'cache-control' => 'max-age=0',
  'upgrade-insecure-requests' => '1',
  'user-agent' => 'Mozilla/5.0 (Macintosh; Intel Mac OS X 10_12_5) AppleWebKit/537.36 (KHTML, like Gecko) Chrome/65.0.3325.181 Safari/537.36',
  'accept' => 'text/html,application/xhtml+xml,application/xml;q=0.9,image/webp,image/apng,*/*;q=0.8',
  'accept-encoding' => 'gzip, deflate',
  'accept-language' => 'zh-CN,zh;q=0.9,en;q=0.8',
  'cookie' => 'PHPSESSID=2tkom1rtvcprbs8b0oi2ri7kl7',
  'content-type' => '',
  'content-length' => '',
)
[ info ] [ PARAM ] array (
  'method' => 'user.login',
  'phone' => '18321271831',
  'code' => '3642',
  'password' => '12345678',
  'type' => '1',
  'name' => '234',
)
[ info ] [ CACHE ] INIT File
[ info ] [ BEHAVIOR ] Run app\common\behavior\Config @app_begin [ RunTime:0.014370s ]
[ info ] [ BEHAVIOR ] Run app\common\behavior\Hook @app_begin [ RunTime:0.024248s ]
[ info ] [ RUN ] app\api\home\Index->index[ /data/httpd/ucschool/application/api/home/Index.php ]
[ info ] [ DB ] INIT mysql
[ info ] [ LOG ] INIT File
[ sql ] [ DB ] CONNECT:[ UseTime:0.051202s ] mysql:host=139.196.20.81;port=3306;dbname=uxueyuan;charset=utf8
[ sql ] [ SQL ] SHOW COLUMNS FROM `toplearning_login` [ RunTime:0.034800s ]
[ sql ] [ SQL ] SELECT * FROM `toplearning_login` WHERE  `mobile` = '18321271831' LIMIT 1 [ RunTime:0.093846s ]
---------------------------------------------------------------
[ 2018-05-07T19:19:41+08:00 ] 10.0.2.2 GET /api.php?method=user.findPassword&phone=18321271831&code=3642&password=12345678&type=1&name=234
[ info ] zg.ucschool.com/api.php?method=user.findPassword&phone=18321271831&code=3642&password=12345678&type=1&name=234 [运行时间：0.237454s][吞吐率：4.21req/s] [内存消耗：569.98kb] [文件加载：44]
[ info ] [ LANG ] /data/httpd/ucschool/thinkphp/lang/zh-cn.php
[ info ] [ ROUTE ] array (
  'type' => 'module',
  'module' => 
  array (
    0 => 'api',
    1 => NULL,
    2 => NULL,
  ),
)
[ info ] [ HEADER ] array (
  'host' => 'zg.ucschool.com',
  'accept' => 'text/html,application/xhtml+xml,application/xml;q=0.9,*/*;q=0.8',
  'upgrade-insecure-requests' => '1',
  'cookie' => 'PHPSESSID=bqeqv1t21m8quiejsr0nva4gv2',
  'user-agent' => 'Mozilla/5.0 (Macintosh; Intel Mac OS X 10_12_5) AppleWebKit/603.2.4 (KHTML, like Gecko) Version/10.1.1 Safari/603.2.4',
  'accept-language' => 'zh-cn',
  'accept-encoding' => 'gzip, deflate',
  'connection' => 'keep-alive',
  'content-type' => '',
  'content-length' => '',
)
[ info ] [ PARAM ] array (
  'method' => 'user.findPassword',
  'phone' => '18321271831',
  'code' => '3642',
  'password' => '12345678',
  'type' => '1',
  'name' => '234',
)
[ info ] [ CACHE ] INIT File
[ info ] [ BEHAVIOR ] Run app\common\behavior\Config @app_begin [ RunTime:0.036748s ]
[ info ] [ BEHAVIOR ] Run app\common\behavior\Hook @app_begin [ RunTime:0.033338s ]
[ info ] [ RUN ] app\api\home\Index->index[ /data/httpd/ucschool/application/api/home/Index.php ]
[ info ] [ LOG ] INIT File
---------------------------------------------------------------
[ 2018-05-07T19:21:28+08:00 ] 10.0.2.2 GET /api.php?method=user.login&phone=18321271831&code=3642&password=12345678&type=1&name=234
[ info ] zg.ucschool.com/api.php?method=user.login&phone=18321271831&code=3642&password=12345678&type=1&name=234 [运行时间：0.616856s][吞吐率：1.62req/s] [内存消耗：766.05kb] [文件加载：53]
[ info ] [ LANG ] /data/httpd/ucschool/thinkphp/lang/zh-cn.php
[ info ] [ ROUTE ] array (
  'type' => 'module',
  'module' => 
  array (
    0 => 'api',
    1 => NULL,
    2 => NULL,
  ),
)
[ info ] [ HEADER ] array (
  'host' => 'zg.ucschool.com',
  'connection' => 'keep-alive',
  'cache-control' => 'max-age=0',
  'upgrade-insecure-requests' => '1',
  'user-agent' => 'Mozilla/5.0 (Macintosh; Intel Mac OS X 10_12_5) AppleWebKit/537.36 (KHTML, like Gecko) Chrome/65.0.3325.181 Safari/537.36',
  'accept' => 'text/html,application/xhtml+xml,application/xml;q=0.9,image/webp,image/apng,*/*;q=0.8',
  'accept-encoding' => 'gzip, deflate',
  'accept-language' => 'zh-CN,zh;q=0.9,en;q=0.8',
  'cookie' => 'PHPSESSID=2tkom1rtvcprbs8b0oi2ri7kl7',
  'content-type' => '',
  'content-length' => '',
)
[ info ] [ PARAM ] array (
  'method' => 'user.login',
  'phone' => '18321271831',
  'code' => '3642',
  'password' => '12345678',
  'type' => '1',
  'name' => '234',
)
[ info ] [ CACHE ] INIT File
[ info ] [ BEHAVIOR ] Run app\common\behavior\Config @app_begin [ RunTime:0.034979s ]
[ info ] [ BEHAVIOR ] Run app\common\behavior\Hook @app_begin [ RunTime:0.043463s ]
[ info ] [ RUN ] app\api\home\Index->index[ /data/httpd/ucschool/application/api/home/Index.php ]
[ info ] [ DB ] INIT mysql
[ info ] [ LOG ] INIT File
[ sql ] [ DB ] CONNECT:[ UseTime:0.056246s ] mysql:host=139.196.20.81;port=3306;dbname=uxueyuan;charset=utf8
[ sql ] [ SQL ] SHOW COLUMNS FROM `toplearning_login` [ RunTime:0.037170s ]
[ sql ] [ SQL ] SELECT * FROM `toplearning_login` WHERE  `mobile` = '18321271831' LIMIT 1 [ RunTime:0.093606s ]
---------------------------------------------------------------
[ 2018-05-07T19:21:34+08:00 ] 10.0.2.2 GET /api.php?method=user.findPassword&phone=18321271831&code=3642&password=12345678&type=1&name=234
[ info ] zg.ucschool.com/api.php?method=user.findPassword&phone=18321271831&code=3642&password=12345678&type=1&name=234 [运行时间：0.233086s][吞吐率：4.29req/s] [内存消耗：563.18kb] [文件加载：47]
[ info ] [ LANG ] /data/httpd/ucschool/thinkphp/lang/zh-cn.php
[ info ] [ ROUTE ] array (
  'type' => 'module',
  'module' => 
  array (
    0 => 'api',
    1 => NULL,
    2 => NULL,
  ),
)
[ info ] [ HEADER ] array (
  'host' => 'zg.ucschool.com',
  'accept' => 'text/html,application/xhtml+xml,application/xml;q=0.9,*/*;q=0.8',
  'upgrade-insecure-requests' => '1',
  'cookie' => 'PHPSESSID=bqeqv1t21m8quiejsr0nva4gv2',
  'user-agent' => 'Mozilla/5.0 (Macintosh; Intel Mac OS X 10_12_5) AppleWebKit/603.2.4 (KHTML, like Gecko) Version/10.1.1 Safari/603.2.4',
  'accept-language' => 'zh-cn',
  'accept-encoding' => 'gzip, deflate',
  'connection' => 'keep-alive',
  'content-type' => '',
  'content-length' => '',
)
[ info ] [ PARAM ] array (
  'method' => 'user.findPassword',
  'phone' => '18321271831',
  'code' => '3642',
  'password' => '12345678',
  'type' => '1',
  'name' => '234',
)
[ info ] [ CACHE ] INIT File
[ info ] [ BEHAVIOR ] Run app\common\behavior\Config @app_begin [ RunTime:0.018767s ]
[ info ] [ BEHAVIOR ] Run app\common\behavior\Hook @app_begin [ RunTime:0.028652s ]
[ info ] [ RUN ] app\api\home\Index->index[ /data/httpd/ucschool/application/api/home/Index.php ]
[ info ] [ LOG ] INIT File
---------------------------------------------------------------
[ 2018-05-07T22:08:43+08:00 ] 10.0.2.2 GET /api.php?method=user.login&phone=18321271831&password=1234567
[ info ] zg.ucschool.com/api.php?method=user.login&phone=18321271831&password=1234567 [运行时间：0.750031s][吞吐率：1.33req/s] [内存消耗：550.27kb] [文件加载：49]
[ info ] [ LANG ] /data/httpd/ucschool/thinkphp/lang/zh-cn.php
[ info ] [ ROUTE ] array (
  'type' => 'module',
  'module' => 
  array (
    0 => 'api',
    1 => NULL,
    2 => NULL,
  ),
)
[ info ] [ HEADER ] array (
  'host' => 'zg.ucschool.com',
  'connection' => 'keep-alive',
  'upgrade-insecure-requests' => '1',
  'user-agent' => 'Mozilla/5.0 (Macintosh; Intel Mac OS X 10_12_5) AppleWebKit/537.36 (KHTML, like Gecko) Chrome/65.0.3325.181 Safari/537.36',
  'accept' => 'text/html,application/xhtml+xml,application/xml;q=0.9,image/webp,image/apng,*/*;q=0.8',
  'accept-encoding' => 'gzip, deflate',
  'accept-language' => 'zh-CN,zh;q=0.9,en;q=0.8',
  'cookie' => 'PHPSESSID=2tkom1rtvcprbs8b0oi2ri7kl7',
  'content-type' => '',
  'content-length' => '',
)
[ info ] [ PARAM ] array (
  'method' => 'user.login',
  'phone' => '18321271831',
  'password' => '1234567',
)
[ info ] [ CACHE ] INIT File
[ info ] [ BEHAVIOR ] Run app\common\behavior\Config @app_begin [ RunTime:0.064525s ]
[ info ] [ BEHAVIOR ] Run app\common\behavior\Hook @app_begin [ RunTime:0.066715s ]
[ info ] [ LOG ] INIT File
[ error ] [4]语法错误: unexpected '->' (T_OBJECT_OPERATOR), expecting identifier (T_STRING) or variable (T_VARIABLE) or '{' or '$'[/data/httpd/ucschool/application/api/home/Index.php:364]
---------------------------------------------------------------
[ 2018-05-07T22:09:08+08:00 ] 10.0.2.2 GET /api.php?method=user.login&phone=18321271831&password=1234567
[ info ] zg.ucschool.com/api.php?method=user.login&phone=18321271831&password=1234567 [运行时间：1.264285s][吞吐率：0.79req/s] [内存消耗：771.01kb] [文件加载：53]
[ info ] [ LANG ] /data/httpd/ucschool/thinkphp/lang/zh-cn.php
[ info ] [ ROUTE ] array (
  'type' => 'module',
  'module' => 
  array (
    0 => 'api',
    1 => NULL,
    2 => NULL,
  ),
)
[ info ] [ HEADER ] array (
  'host' => 'zg.ucschool.com',
  'connection' => 'keep-alive',
  'cache-control' => 'max-age=0',
  'upgrade-insecure-requests' => '1',
  'user-agent' => 'Mozilla/5.0 (Macintosh; Intel Mac OS X 10_12_5) AppleWebKit/537.36 (KHTML, like Gecko) Chrome/65.0.3325.181 Safari/537.36',
  'accept' => 'text/html,application/xhtml+xml,application/xml;q=0.9,image/webp,image/apng,*/*;q=0.8',
  'accept-encoding' => 'gzip, deflate',
  'accept-language' => 'zh-CN,zh;q=0.9,en;q=0.8',
  'cookie' => 'PHPSESSID=2tkom1rtvcprbs8b0oi2ri7kl7',
  'content-type' => '',
  'content-length' => '',
)
[ info ] [ PARAM ] array (
  'method' => 'user.login',
  'phone' => '18321271831',
  'password' => '1234567',
)
[ info ] [ CACHE ] INIT File
[ info ] [ BEHAVIOR ] Run app\common\behavior\Config @app_begin [ RunTime:0.041961s ]
[ info ] [ BEHAVIOR ] Run app\common\behavior\Hook @app_begin [ RunTime:0.052004s ]
[ info ] [ RUN ] app\api\home\Index->index[ /data/httpd/ucschool/application/api/home/Index.php ]
[ info ] [ DB ] INIT mysql
[ info ] [ LOG ] INIT File
[ sql ] [ DB ] CONNECT:[ UseTime:0.302245s ] mysql:host=139.196.20.81;port=3306;dbname=uxueyuan;charset=utf8
[ sql ] [ SQL ] SHOW COLUMNS FROM `toplearning_login` [ RunTime:0.038146s ]
[ sql ] [ SQL ] SELECT * FROM `toplearning_login` WHERE  `mobile` = '18321271831' LIMIT 1 [ RunTime:0.436839s ]
---------------------------------------------------------------
[ 2018-05-07T22:20:09+08:00 ] 10.0.2.2 GET /api.php?method=find.getFocusCollege&token=J9FqNKq0Rfpcykn978TeJA==
[ info ] zg.ucschool.com/api.php?method=find.getFocusCollege&token=J9FqNKq0Rfpcykn978TeJA== [运行时间：0.714381s][吞吐率：1.40req/s] [内存消耗：628.68kb] [文件加载：57]
[ info ] [ LANG ] /data/httpd/ucschool/thinkphp/lang/zh-cn.php
[ info ] [ ROUTE ] array (
  'type' => 'module',
  'module' => 
  array (
    0 => 'api',
    1 => NULL,
    2 => NULL,
  ),
)
[ info ] [ HEADER ] array (
  'host' => 'zg.ucschool.com',
  'connection' => 'keep-alive',
  'upgrade-insecure-requests' => '1',
  'user-agent' => 'Mozilla/5.0 (Macintosh; Intel Mac OS X 10_12_5) AppleWebKit/537.36 (KHTML, like Gecko) Chrome/65.0.3325.181 Safari/537.36',
  'accept' => 'text/html,application/xhtml+xml,application/xml;q=0.9,image/webp,image/apng,*/*;q=0.8',
  'accept-encoding' => 'gzip, deflate',
  'accept-language' => 'zh-CN,zh;q=0.9,en;q=0.8',
  'cookie' => 'PHPSESSID=2tkom1rtvcprbs8b0oi2ri7kl7',
  'content-type' => '',
  'content-length' => '',
)
[ info ] [ PARAM ] array (
  'method' => 'find.getFocusCollege',
  'token' => 'J9FqNKq0Rfpcykn978TeJA==',
)
[ info ] [ CACHE ] INIT File
[ info ] [ BEHAVIOR ] Run app\common\behavior\Config @app_begin [ RunTime:0.036051s ]
[ info ] [ BEHAVIOR ] Run app\common\behavior\Hook @app_begin [ RunTime:0.046885s ]
[ info ] [ RUN ] app\api\home\Index->index[ /data/httpd/ucschool/application/api/home/Index.php ]
[ info ] [ DB ] INIT mysql
[ info ] [ LOG ] INIT File
[ sql ] [ DB ] CONNECT:[ UseTime:0.052420s ] mysql:host=139.196.20.81;port=3306;dbname=uxueyuan;charset=utf8
[ sql ] [ SQL ] SHOW COLUMNS FROM `toplearning_attention` [ RunTime:0.029854s ]
[ error ] [10501]SQLSTATE[23000]: Integrity constraint violation: 1052 Column 'del' in where clause is ambiguous[/data/httpd/ucschool/thinkphp/library/think/db/Connection.php:388]
---------------------------------------------------------------
[ 2018-05-07T22:20:16+08:00 ] 10.0.2.2 GET /api.php?method=find.getFocusCollege&token=J9FqNKq0Rfpcykn978TeJA==
[ info ] zg.ucschool.com/api.php?method=find.getFocusCollege&token=J9FqNKq0Rfpcykn978TeJA== [运行时间：0.610711s][吞吐率：1.64req/s] [内存消耗：747.06kb] [文件加载：57]
[ info ] [ LANG ] /data/httpd/ucschool/thinkphp/lang/zh-cn.php
[ info ] [ ROUTE ] array (
  'type' => 'module',
  'module' => 
  array (
    0 => 'api',
    1 => NULL,
    2 => NULL,
  ),
)
[ info ] [ HEADER ] array (
  'host' => 'zg.ucschool.com',
  'connection' => 'keep-alive',
  'cache-control' => 'max-age=0',
  'upgrade-insecure-requests' => '1',
  'user-agent' => 'Mozilla/5.0 (Macintosh; Intel Mac OS X 10_12_5) AppleWebKit/537.36 (KHTML, like Gecko) Chrome/65.0.3325.181 Safari/537.36',
  'accept' => 'text/html,application/xhtml+xml,application/xml;q=0.9,image/webp,image/apng,*/*;q=0.8',
  'accept-encoding' => 'gzip, deflate',
  'accept-language' => 'zh-CN,zh;q=0.9,en;q=0.8',
  'cookie' => 'PHPSESSID=2tkom1rtvcprbs8b0oi2ri7kl7',
  'content-type' => '',
  'content-length' => '',
)
[ info ] [ PARAM ] array (
  'method' => 'find.getFocusCollege',
  'token' => 'J9FqNKq0Rfpcykn978TeJA==',
)
[ info ] [ CACHE ] INIT File
[ info ] [ BEHAVIOR ] Run app\common\behavior\Config @app_begin [ RunTime:0.032637s ]
[ info ] [ BEHAVIOR ] Run app\common\behavior\Hook @app_begin [ RunTime:0.046969s ]
[ info ] [ RUN ] app\api\home\Index->index[ /data/httpd/ucschool/application/api/home/Index.php ]
[ info ] [ DB ] INIT mysql
[ info ] [ LOG ] INIT File
[ sql ] [ DB ] CONNECT:[ UseTime:0.056603s ] mysql:host=139.196.20.81;port=3306;dbname=uxueyuan;charset=utf8
[ sql ] [ SQL ] SHOW COLUMNS FROM `toplearning_attention` [ RunTime:0.061442s ]
[ error ] [10501]SQLSTATE[23000]: Integrity constraint violation: 1052 Column 'type' in where clause is ambiguous[/data/httpd/ucschool/thinkphp/library/think/db/Connection.php:388]
---------------------------------------------------------------
[ 2018-05-07T22:20:35+08:00 ] 10.0.2.2 GET /api.php?method=find.getFocusCollege&token=J9FqNKq0Rfpcykn978TeJA==
[ info ] zg.ucschool.com/api.php?method=find.getFocusCollege&token=J9FqNKq0Rfpcykn978TeJA== [运行时间：0.824288s][吞吐率：1.21req/s] [内存消耗：761.20kb] [文件加载：53]
[ info ] [ LANG ] /data/httpd/ucschool/thinkphp/lang/zh-cn.php
[ info ] [ ROUTE ] array (
  'type' => 'module',
  'module' => 
  array (
    0 => 'api',
    1 => NULL,
    2 => NULL,
  ),
)
[ info ] [ HEADER ] array (
  'host' => 'zg.ucschool.com',
  'connection' => 'keep-alive',
  'cache-control' => 'max-age=0',
  'upgrade-insecure-requests' => '1',
  'user-agent' => 'Mozilla/5.0 (Macintosh; Intel Mac OS X 10_12_5) AppleWebKit/537.36 (KHTML, like Gecko) Chrome/65.0.3325.181 Safari/537.36',
  'accept' => 'text/html,application/xhtml+xml,application/xml;q=0.9,image/webp,image/apng,*/*;q=0.8',
  'accept-encoding' => 'gzip, deflate',
  'accept-language' => 'zh-CN,zh;q=0.9,en;q=0.8',
  'cookie' => 'PHPSESSID=2tkom1rtvcprbs8b0oi2ri7kl7',
  'content-type' => '',
  'content-length' => '',
)
[ info ] [ PARAM ] array (
  'method' => 'find.getFocusCollege',
  'token' => 'J9FqNKq0Rfpcykn978TeJA==',
)
[ info ] [ CACHE ] INIT File
[ info ] [ BEHAVIOR ] Run app\common\behavior\Config @app_begin [ RunTime:0.039356s ]
[ info ] [ BEHAVIOR ] Run app\common\behavior\Hook @app_begin [ RunTime:0.073184s ]
[ info ] [ RUN ] app\api\home\Index->index[ /data/httpd/ucschool/application/api/home/Index.php ]
[ info ] [ DB ] INIT mysql
[ info ] [ LOG ] INIT File
[ sql ] [ DB ] CONNECT:[ UseTime:0.069280s ] mysql:host=139.196.20.81;port=3306;dbname=uxueyuan;charset=utf8
[ sql ] [ SQL ] SHOW COLUMNS FROM `toplearning_attention` [ RunTime:0.041966s ]
[ sql ] [ SQL ] SELECT * FROM `toplearning_attention` `a` INNER JOIN `toplearning_school` `s` ON `a`.`source_id`=`s`.`school_id` WHERE  `a`.`type` = 2 [ RunTime:0.229301s ]
---------------------------------------------------------------
[ 2018-05-07T22:29:48+08:00 ] 10.0.2.2 GET /api.php?method=find.getFocusCollege&token=J9FqNKq0Rfpcykn978TeJA==
[ info ] zg.ucschool.com/api.php?method=find.getFocusCollege&token=J9FqNKq0Rfpcykn978TeJA== [运行时间：0.822732s][吞吐率：1.22req/s] [内存消耗：764.85kb] [文件加载：53]
[ info ] [ LANG ] /data/httpd/ucschool/thinkphp/lang/zh-cn.php
[ info ] [ ROUTE ] array (
  'type' => 'module',
  'module' => 
  array (
    0 => 'api',
    1 => NULL,
    2 => NULL,
  ),
)
[ info ] [ HEADER ] array (
  'host' => 'zg.ucschool.com',
  'connection' => 'keep-alive',
  'cache-control' => 'max-age=0',
  'upgrade-insecure-requests' => '1',
  'user-agent' => 'Mozilla/5.0 (Macintosh; Intel Mac OS X 10_12_5) AppleWebKit/537.36 (KHTML, like Gecko) Chrome/65.0.3325.181 Safari/537.36',
  'accept' => 'text/html,application/xhtml+xml,application/xml;q=0.9,image/webp,image/apng,*/*;q=0.8',
  'accept-encoding' => 'gzip, deflate',
  'accept-language' => 'zh-CN,zh;q=0.9,en;q=0.8',
  'cookie' => 'PHPSESSID=2tkom1rtvcprbs8b0oi2ri7kl7',
  'content-type' => '',
  'content-length' => '',
)
[ info ] [ PARAM ] array (
  'method' => 'find.getFocusCollege',
  'token' => 'J9FqNKq0Rfpcykn978TeJA==',
)
[ info ] [ CACHE ] INIT File
[ info ] [ BEHAVIOR ] Run app\common\behavior\Config @app_begin [ RunTime:0.033981s ]
[ info ] [ BEHAVIOR ] Run app\common\behavior\Hook @app_begin [ RunTime:0.042106s ]
[ info ] [ RUN ] app\api\home\Index->index[ /data/httpd/ucschool/application/api/home/Index.php ]
[ info ] [ DB ] INIT mysql
[ info ] [ LOG ] INIT File
[ sql ] [ DB ] CONNECT:[ UseTime:0.199967s ] mysql:host=139.196.20.81;port=3306;dbname=uxueyuan;charset=utf8
[ sql ] [ SQL ] SHOW COLUMNS FROM `toplearning_attention` [ RunTime:0.038157s ]
[ sql ] [ SQL ] SELECT * FROM `toplearning_attention` `a` INNER JOIN `toplearning_school` `s` ON `a`.`source_id`=`s`.`school_id` WHERE  `a`.`type` = 2 [ RunTime:0.104524s ]
